TpTrace Verbose: 0 : 29088, 1, 2023/11/06, 16:31:24.956, 5245849535654, vstest.console.dll, Version: 17.8.0-release-23468-02 Current process architecture: X64
TpTrace Verbose: 0 : 29088, 1, 2023/11/06, 16:31:24.959, 5245849560367, vstest.console.dll, Runtime location: C:\Program Files\dotnet\shared\Microsoft.NETCore.App\8.0.0-rc.2.23479.6
TpTrace Verbose: 0 : 29088, 1, 2023/11/06, 16:31:24.962, 5245849591173, vstest.console.dll, ArtifactProcessingPostProcessModeProcessorExecutor.Initialize: ArtifactProcessingMode.Collect
TpTrace Verbose: 0 : 29088, 1, 2023/11/06, 16:31:24.962, 5245849592466, vstest.console.dll, TestSessionCorrelationIdProcessorModeProcessorExecutor.Initialize: TestSessionCorrelationId '43580_6f5ac7e0-523b-43b4-8ef5-bd4fd42cbfe0'
TpTrace Information: 0 : 29088, 1, 2023/11/06, 16:31:24.971, 5245849686118, vstest.console.dll, FilePatternParser: The given file D:\Testovi\4CreateTest\Test4Create.Application.UnitTests\bin\Debug\net7.0\fine-code-coverage\build-output\Test4Create.Application.UnitTests.dll is a full path.
TpTrace Verbose: 0 : 29088, 1, 2023/11/06, 16:31:24.979, 5245849761991, vstest.console.dll, TestPluginCache.DiscoverTestExtensions: finding test extensions in assemblies ends with: RuntimeProvider.dll TPluginInfo: Microsoft.VisualStudio.TestPlatform.Common.ExtensionFramework.Utilities.TestRuntimePluginInformation TExtension: Microsoft.VisualStudio.TestPlatform.ObjectModel.Host.ITestRuntimeProvider
TpTrace Verbose: 0 : 29088, 1, 2023/11/06, 16:31:24.979, 5245849767003, vstest.console.dll, TestPluginCache.GetExtensionPaths: Filtered extension paths: 
TpTrace Verbose: 0 : 29088, 1, 2023/11/06, 16:31:24.979, 5245849768292, vstest.console.dll, TestPluginCache.GetExtensionPaths: Added default extension paths: C:\Program Files\dotnet\sdk\8.0.100-rc.2.23502.2\Extensions\Microsoft.Diagnostics.NETCore.Client.dll
C:\Program Files\dotnet\sdk\8.0.100-rc.2.23502.2\Extensions\Microsoft.TestPlatform.Extensions.BlameDataCollector.dll
C:\Program Files\dotnet\sdk\8.0.100-rc.2.23502.2\Extensions\Microsoft.TestPlatform.Extensions.EventLogCollector.dll
C:\Program Files\dotnet\sdk\8.0.100-rc.2.23502.2\Extensions\Microsoft.TestPlatform.TestHostRuntimeProvider.dll
C:\Program Files\dotnet\sdk\8.0.100-rc.2.23502.2\Extensions\Microsoft.VisualStudio.TestPlatform.Extensions.Html.TestLogger.dll
C:\Program Files\dotnet\sdk\8.0.100-rc.2.23502.2\Extensions\Microsoft.VisualStudio.TestPlatform.Extensions.Trx.TestLogger.dll
TpTrace Verbose: 0 : 29088, 1, 2023/11/06, 16:31:24.980, 5245849768649, vstest.console.dll, TestPluginCache.GetExtensionPaths: Added unfilterableExtensionPaths: 
TpTrace Information: 0 : 29088, 1, 2023/11/06, 16:31:24.980, 5245849775294, vstest.console.dll, AssemblyResolver.ctor: Creating AssemblyResolver with searchDirectories C:\Program Files\dotnet\sdk\8.0.100-rc.2.23502.2\Extensions,C:\Program Files\dotnet\sdk\8.0.100-rc.2.23502.2
TpTrace Verbose: 0 : 29088, 1, 2023/11/06, 16:31:24.982, 5245849796344, vstest.console.dll, TestPluginCache.DiscoverTestExtensions: Discovering the extensions using extension path.
TpTrace Verbose: 0 : 29088, 1, 2023/11/06, 16:31:24.982, 5245849798257, vstest.console.dll, TestPluginCache.GetExtensionPaths: Filtered extension paths: 
TpTrace Verbose: 0 : 29088, 1, 2023/11/06, 16:31:24.983, 5245849798580, vstest.console.dll, TestPluginCache.GetExtensionPaths: Added default extension paths: C:\Program Files\dotnet\sdk\8.0.100-rc.2.23502.2\Extensions\Microsoft.Diagnostics.NETCore.Client.dll
C:\Program Files\dotnet\sdk\8.0.100-rc.2.23502.2\Extensions\Microsoft.TestPlatform.Extensions.BlameDataCollector.dll
C:\Program Files\dotnet\sdk\8.0.100-rc.2.23502.2\Extensions\Microsoft.TestPlatform.Extensions.EventLogCollector.dll
C:\Program Files\dotnet\sdk\8.0.100-rc.2.23502.2\Extensions\Microsoft.TestPlatform.TestHostRuntimeProvider.dll
C:\Program Files\dotnet\sdk\8.0.100-rc.2.23502.2\Extensions\Microsoft.VisualStudio.TestPlatform.Extensions.Html.TestLogger.dll
C:\Program Files\dotnet\sdk\8.0.100-rc.2.23502.2\Extensions\Microsoft.VisualStudio.TestPlatform.Extensions.Trx.TestLogger.dll
TpTrace Verbose: 0 : 29088, 1, 2023/11/06, 16:31:24.983, 5245849798893, vstest.console.dll, TestPluginCache.GetExtensionPaths: Added unfilterableExtensionPaths: 
TpTrace Verbose: 0 : 29088, 1, 2023/11/06, 16:31:24.983, 5245849799590, vstest.console.dll, TestPluginCache.DiscoverTestExtensions: Discovering the extensions using allExtensionPaths: C:\Program Files\dotnet\sdk\8.0.100-rc.2.23502.2\Extensions\Microsoft.Diagnostics.NETCore.Client.dll
C:\Program Files\dotnet\sdk\8.0.100-rc.2.23502.2\Extensions\Microsoft.TestPlatform.Extensions.BlameDataCollector.dll
C:\Program Files\dotnet\sdk\8.0.100-rc.2.23502.2\Extensions\Microsoft.TestPlatform.Extensions.EventLogCollector.dll
C:\Program Files\dotnet\sdk\8.0.100-rc.2.23502.2\Extensions\Microsoft.TestPlatform.TestHostRuntimeProvider.dll
C:\Program Files\dotnet\sdk\8.0.100-rc.2.23502.2\Extensions\Microsoft.VisualStudio.TestPlatform.Extensions.Html.TestLogger.dll
C:\Program Files\dotnet\sdk\8.0.100-rc.2.23502.2\Extensions\Microsoft.VisualStudio.TestPlatform.Extensions.Trx.TestLogger.dll
TpTrace Information: 0 : 29088, 1, 2023/11/06, 16:31:24.983, 5245849800889, vstest.console.dll, AssemblyResolver.AddSearchDirectories: Adding more searchDirectories C:\Program Files\dotnet\sdk\8.0.100-rc.2.23502.2\Extensions,C:\Program Files\dotnet\sdk\8.0.100-rc.2.23502.2
TpTrace Information: 0 : 29088, 1, 2023/11/06, 16:31:24.983, 5245849801553, vstest.console.dll, AssemblyResolver.AddSearchDirectories: Adding more searchDirectories C:\Program Files\dotnet\sdk\8.0.100-rc.2.23502.2\Extensions,C:\Program Files\dotnet\sdk\8.0.100-rc.2.23502.2
TpTrace Information: 0 : 29088, 1, 2023/11/06, 16:31:24.983, 5245849802012, vstest.console.dll, AssemblyResolver.AddSearchDirectories: Adding more searchDirectories C:\Program Files\dotnet\sdk\8.0.100-rc.2.23502.2\Extensions,C:\Program Files\dotnet\sdk\8.0.100-rc.2.23502.2
TpTrace Information: 0 : 29088, 1, 2023/11/06, 16:31:24.983, 5245849802368, vstest.console.dll, AssemblyResolver.AddSearchDirectories: Adding more searchDirectories C:\Program Files\dotnet\sdk\8.0.100-rc.2.23502.2\Extensions,C:\Program Files\dotnet\sdk\8.0.100-rc.2.23502.2
TpTrace Information: 0 : 29088, 1, 2023/11/06, 16:31:24.983, 5245849802735, vstest.console.dll, AssemblyResolver.AddSearchDirectories: Adding more searchDirectories C:\Program Files\dotnet\sdk\8.0.100-rc.2.23502.2\Extensions,C:\Program Files\dotnet\sdk\8.0.100-rc.2.23502.2
TpTrace Information: 0 : 29088, 1, 2023/11/06, 16:31:24.983, 5245849803127, vstest.console.dll, AssemblyResolver.AddSearchDirectories: Adding more searchDirectories C:\Program Files\dotnet\sdk\8.0.100-rc.2.23502.2\Extensions,C:\Program Files\dotnet\sdk\8.0.100-rc.2.23502.2
TpTrace Information: 0 : 29088, 1, 2023/11/06, 16:31:24.984, 5245849810553, vstest.console.dll, AssemblyResolver.OnResolve: Microsoft.Diagnostics.NETCore.Client: Resolving assembly.
TpTrace Information: 0 : 29088, 1, 2023/11/06, 16:31:24.984, 5245849812413, vstest.console.dll, AssemblyResolver.OnResolve: Microsoft.Diagnostics.NETCore.Client: Searching in: 'C:\Program Files\dotnet\sdk\8.0.100-rc.2.23502.2\Extensions'.
TpTrace Information: 0 : 29088, 1, 2023/11/06, 16:31:24.994, 5245849916883, vstest.console.dll, AssemblyResolver.OnResolve: Microsoft.Diagnostics.NETCore.Client: Loading assembly 'C:\Program Files\dotnet\sdk\8.0.100-rc.2.23502.2\Extensions\Microsoft.Diagnostics.NETCore.Client.dll'.
TpTrace Information: 0 : 29088, 1, 2023/11/06, 16:31:24.996, 5245849931166, vstest.console.dll, AssemblyResolver.OnResolve: Resolved assembly: Microsoft.Diagnostics.NETCore.Client, from path: C:\Program Files\dotnet\sdk\8.0.100-rc.2.23502.2\Extensions\Microsoft.Diagnostics.NETCore.Client.dll
TpTrace Verbose: 0 : 29088, 1, 2023/11/06, 16:31:25.000, 5245849974462, vstest.console.dll, MetadataReaderExtensionsHelper: Discovering extensions inside assembly 'Microsoft.Diagnostics.NETCore.Client, Version=0.2.8.21101, Culture=neutral, PublicKeyToken=31bf3856ad364e35' file path 'C:\Program Files\dotnet\sdk\8.0.100-rc.2.23502.2\Extensions\Microsoft.Diagnostics.NETCore.Client.dll'
TpTrace Information: 0 : 29088, 1, 2023/11/06, 16:31:25.005, 5245850023919, vstest.console.dll, AssemblyResolver.OnResolve: Microsoft.Bcl.AsyncInterfaces: Resolving assembly.
TpTrace Information: 0 : 29088, 1, 2023/11/06, 16:31:25.005, 5245850024975, vstest.console.dll, AssemblyResolver.OnResolve: Microsoft.Bcl.AsyncInterfaces: Searching in: 'C:\Program Files\dotnet\sdk\8.0.100-rc.2.23502.2\Extensions'.
TpTrace Information: 0 : 29088, 1, 2023/11/06, 16:31:25.005, 5245850025864, vstest.console.dll, AssemblyResolver.OnResolve: Microsoft.Bcl.AsyncInterfaces: Assembly path does not exist: 'C:\Program Files\dotnet\sdk\8.0.100-rc.2.23502.2\Extensions\Microsoft.Bcl.AsyncInterfaces.dll', returning.
TpTrace Information: 0 : 29088, 1, 2023/11/06, 16:31:25.005, 5245850026337, vstest.console.dll, AssemblyResolver.OnResolve: Microsoft.Bcl.AsyncInterfaces: Assembly path does not exist: 'C:\Program Files\dotnet\sdk\8.0.100-rc.2.23502.2\Extensions\Microsoft.Bcl.AsyncInterfaces.exe', returning.
TpTrace Information: 0 : 29088, 1, 2023/11/06, 16:31:25.005, 5245850026616, vstest.console.dll, AssemblyResolver.OnResolve: Microsoft.Bcl.AsyncInterfaces: Searching in: 'C:\Program Files\dotnet\sdk\8.0.100-rc.2.23502.2'.
TpTrace Information: 0 : 29088, 1, 2023/11/06, 16:31:25.005, 5245850027103, vstest.console.dll, AssemblyResolver.OnResolve: Microsoft.Bcl.AsyncInterfaces: Assembly path does not exist: 'C:\Program Files\dotnet\sdk\8.0.100-rc.2.23502.2\Microsoft.Bcl.AsyncInterfaces.dll', returning.
TpTrace Information: 0 : 29088, 1, 2023/11/06, 16:31:25.005, 5245850027505, vstest.console.dll, AssemblyResolver.OnResolve: Microsoft.Bcl.AsyncInterfaces: Assembly path does not exist: 'C:\Program Files\dotnet\sdk\8.0.100-rc.2.23502.2\Microsoft.Bcl.AsyncInterfaces.exe', returning.
TpTrace Information: 0 : 29088, 1, 2023/11/06, 16:31:25.005, 5245850027709, vstest.console.dll, AssemblyResolver.OnResolve: Microsoft.Bcl.AsyncInterfaces: Failed to load assembly.
TpTrace Verbose: 0 : 29088, 1, 2023/11/06, 16:31:25.005, 5245850027997, vstest.console.dll, CurrentDomainAssemblyResolve: Resolving assembly 'Microsoft.Bcl.AsyncInterfaces'.
TpTrace Information: 0 : 29088, 1, 2023/11/06, 16:31:25.006, 5245850028449, vstest.console.dll, AssemblyResolver.OnResolve: Microsoft.Bcl.AsyncInterfaces: Resolving assembly.
TpTrace Information: 0 : 29088, 1, 2023/11/06, 16:31:25.006, 5245850028737, vstest.console.dll, AssemblyResolver.OnResolve: Microsoft.Bcl.AsyncInterfaces: Resolved from cache.
TpTrace Verbose: 0 : 29088, 1, 2023/11/06, 16:31:25.006, 5245850028912, vstest.console.dll, CurrentDomainAssemblyResolve: Resolving assembly 'Microsoft.Bcl.AsyncInterfaces'.
TpTrace Verbose: 0 : 29088, 1, 2023/11/06, 16:31:25.006, 5245850029145, vstest.console.dll, CurrentDomainAssemblyResolve: Failed to resolve assembly 'Microsoft.Bcl.AsyncInterfaces'.
TpTrace Verbose: 0 : 29088, 1, 2023/11/06, 16:31:25.007, 5245850038915, vstest.console.dll, CurrentDomainAssemblyResolve: Failed to resolve assembly 'Microsoft.Bcl.AsyncInterfaces'.
TpTrace Warning: 0 : 29088, 1, 2023/11/06, 16:31:25.017, 5245850139623, vstest.console.dll, TestPluginDiscoverer: Failed to get types from assembly 'Microsoft.Diagnostics.NETCore.Client, Version=0.2.8.21101, Culture=neutral, PublicKeyToken=31bf3856ad364e35'. Error: System.Reflection.ReflectionTypeLoadException: Unable to load one or more of the requested types.
Could not load file or assembly 'Microsoft.Bcl.AsyncInterfaces, Version=1.0.0.0, Culture=neutral, PublicKeyToken=cc7b13ffcd2ddd51'. The system cannot find the file specified.
   at System.Reflection.RuntimeModule.GetTypes(RuntimeModule module)
   at System.Reflection.RuntimeModule.GetTypes()
   at Microsoft.VisualStudio.TestPlatform.Common.ExtensionFramework.TestPluginDiscoverer.GetTestExtensionsFromAssembly[TPluginInfo,TExtension](Assembly assembly, Dictionary`2 pluginInfos, String filePath) in /_/src/Microsoft.TestPlatform.Common/ExtensionFramework/TestPluginDiscoverer.cs:line 158
System.IO.FileNotFoundException: Could not load file or assembly 'Microsoft.Bcl.AsyncInterfaces, Version=1.0.0.0, Culture=neutral, PublicKeyToken=cc7b13ffcd2ddd51'. The system cannot find the file specified.
File name: 'Microsoft.Bcl.AsyncInterfaces, Version=1.0.0.0, Culture=neutral, PublicKeyToken=cc7b13ffcd2ddd51'
 ---> System.IO.FileNotFoundException: Could not load file or assembly 'Microsoft.Bcl.AsyncInterfaces, Culture=neutral, PublicKeyToken=null'. The system cannot find the file specified.
File name: 'Microsoft.Bcl.AsyncInterfaces, Culture=neutral, PublicKeyToken=null'
   at System.Reflection.RuntimeAssembly.InternalLoad(AssemblyName assemblyName, StackCrawlMark& stackMark, AssemblyLoadContext assemblyLoadContext, RuntimeAssembly requestingAssembly, Boolean throwOnFileNotFound)
   at System.Reflection.Assembly.Load(AssemblyName assemblyRef)
   at Microsoft.VisualStudio.TestPlatform.Common.ExtensionFramework.TestPluginCache.CurrentDomainAssemblyResolve(Object sender, AssemblyResolveEventArgs args) in /_/src/Microsoft.TestPlatform.Common/ExtensionFramework/TestPluginCache.cs:line 513
   at System.Runtime.Loader.AssemblyLoadContext.GetFirstResolvedAssemblyFromResolvingEvent(AssemblyName assemblyName)
   at System.Runtime.Loader.AssemblyLoadContext.ResolveUsingEvent(AssemblyName assemblyName)
   at System.Runtime.Loader.AssemblyLoadContext.ResolveUsingResolvingEvent(IntPtr gchManagedAssemblyLoadContext, AssemblyName assemblyName)
TpTrace Warning: 0 : 29088, 1, 2023/11/06, 16:31:25.017, 5245850143358, vstest.console.dll, LoaderExceptions: System.IO.FileNotFoundException: Could not load file or assembly 'Microsoft.Bcl.AsyncInterfaces, Version=1.0.0.0, Culture=neutral, PublicKeyToken=cc7b13ffcd2ddd51'. The system cannot find the file specified.
File name: 'Microsoft.Bcl.AsyncInterfaces, Version=1.0.0.0, Culture=neutral, PublicKeyToken=cc7b13ffcd2ddd51'
 ---> System.IO.FileNotFoundException: Could not load file or assembly 'Microsoft.Bcl.AsyncInterfaces, Culture=neutral, PublicKeyToken=null'. The system cannot find the file specified.
File name: 'Microsoft.Bcl.AsyncInterfaces, Culture=neutral, PublicKeyToken=null'
   at System.Reflection.RuntimeAssembly.InternalLoad(AssemblyName assemblyName, StackCrawlMark& stackMark, AssemblyLoadContext assemblyLoadContext, RuntimeAssembly requestingAssembly, Boolean throwOnFileNotFound)
   at System.Reflection.Assembly.Load(AssemblyName assemblyRef)
   at Microsoft.VisualStudio.TestPlatform.Common.ExtensionFramework.TestPluginCache.CurrentDomainAssemblyResolve(Object sender, AssemblyResolveEventArgs args) in /_/src/Microsoft.TestPlatform.Common/ExtensionFramework/TestPluginCache.cs:line 513
   at System.Runtime.Loader.AssemblyLoadContext.GetFirstResolvedAssemblyFromResolvingEvent(AssemblyName assemblyName)
   at System.Runtime.Loader.AssemblyLoadContext.ResolveUsingEvent(AssemblyName assemblyName)
   at System.Runtime.Loader.AssemblyLoadContext.ResolveUsingResolvingEvent(IntPtr gchManagedAssemblyLoadContext, AssemblyName assemblyName)
TpTrace Information: 0 : 29088, 1, 2023/11/06, 16:31:25.017, 5245850144780, vstest.console.dll, AssemblyResolver.OnResolve: Microsoft.TestPlatform.Extensions.BlameDataCollector: Resolving assembly.
TpTrace Information: 0 : 29088, 1, 2023/11/06, 16:31:25.017, 5245850145089, vstest.console.dll, AssemblyResolver.OnResolve: Microsoft.TestPlatform.Extensions.BlameDataCollector: Searching in: 'C:\Program Files\dotnet\sdk\8.0.100-rc.2.23502.2\Extensions'.
TpTrace Information: 0 : 29088, 1, 2023/11/06, 16:31:25.018, 5245850151710, vstest.console.dll, AssemblyResolver.OnResolve: Microsoft.TestPlatform.Extensions.BlameDataCollector: Loading assembly 'C:\Program Files\dotnet\sdk\8.0.100-rc.2.23502.2\Extensions\Microsoft.TestPlatform.Extensions.BlameDataCollector.dll'.
TpTrace Information: 0 : 29088, 1, 2023/11/06, 16:31:25.019, 5245850160063, vstest.console.dll, AssemblyResolver.OnResolve: Resolved assembly: Microsoft.TestPlatform.Extensions.BlameDataCollector, from path: C:\Program Files\dotnet\sdk\8.0.100-rc.2.23502.2\Extensions\Microsoft.TestPlatform.Extensions.BlameDataCollector.dll
TpTrace Verbose: 0 : 29088, 1, 2023/11/06, 16:31:25.019, 5245850161367, vstest.console.dll, MetadataReaderExtensionsHelper: Discovering extensions inside assembly 'Microsoft.TestPlatform.Extensions.BlameDataCollector, Version=15.0.0.0, Culture=neutral, PublicKeyToken=b03f5f7f11d50a3a' file path 'C:\Program Files\dotnet\sdk\8.0.100-rc.2.23502.2\Extensions\Microsoft.TestPlatform.Extensions.BlameDataCollector.dll'
TpTrace Information: 0 : 29088, 1, 2023/11/06, 16:31:25.020, 5245850176558, vstest.console.dll, AssemblyResolver.OnResolve: Microsoft.TestPlatform.Extensions.EventLogCollector: Resolving assembly.
TpTrace Information: 0 : 29088, 1, 2023/11/06, 16:31:25.020, 5245850177578, vstest.console.dll, AssemblyResolver.OnResolve: Microsoft.TestPlatform.Extensions.EventLogCollector: Searching in: 'C:\Program Files\dotnet\sdk\8.0.100-rc.2.23502.2\Extensions'.
TpTrace Information: 0 : 29088, 1, 2023/11/06, 16:31:25.021, 5245850184326, vstest.console.dll, AssemblyResolver.OnResolve: Microsoft.TestPlatform.Extensions.EventLogCollector: Loading assembly 'C:\Program Files\dotnet\sdk\8.0.100-rc.2.23502.2\Extensions\Microsoft.TestPlatform.Extensions.EventLogCollector.dll'.
TpTrace Information: 0 : 29088, 1, 2023/11/06, 16:31:25.022, 5245850192476, vstest.console.dll, AssemblyResolver.OnResolve: Resolved assembly: Microsoft.TestPlatform.Extensions.EventLogCollector, from path: C:\Program Files\dotnet\sdk\8.0.100-rc.2.23502.2\Extensions\Microsoft.TestPlatform.Extensions.EventLogCollector.dll
TpTrace Verbose: 0 : 29088, 1, 2023/11/06, 16:31:25.022, 5245850193398, vstest.console.dll, MetadataReaderExtensionsHelper: Discovering extensions inside assembly 'Microsoft.TestPlatform.Extensions.EventLogCollector, Version=15.0.0.0, Culture=neutral, PublicKeyToken=b03f5f7f11d50a3a' file path 'C:\Program Files\dotnet\sdk\8.0.100-rc.2.23502.2\Extensions\Microsoft.TestPlatform.Extensions.EventLogCollector.dll'
TpTrace Information: 0 : 29088, 1, 2023/11/06, 16:31:25.026, 5245850233704, vstest.console.dll, AssemblyResolver.OnResolve: Microsoft.TestPlatform.TestHostRuntimeProvider: Resolving assembly.
TpTrace Information: 0 : 29088, 1, 2023/11/06, 16:31:25.026, 5245850234682, vstest.console.dll, AssemblyResolver.OnResolve: Microsoft.TestPlatform.TestHostRuntimeProvider: Searching in: 'C:\Program Files\dotnet\sdk\8.0.100-rc.2.23502.2\Extensions'.
TpTrace Information: 0 : 29088, 1, 2023/11/06, 16:31:25.027, 5245850240929, vstest.console.dll, AssemblyResolver.OnResolve: Microsoft.TestPlatform.TestHostRuntimeProvider: Loading assembly 'C:\Program Files\dotnet\sdk\8.0.100-rc.2.23502.2\Extensions\Microsoft.TestPlatform.TestHostRuntimeProvider.dll'.
TpTrace Information: 0 : 29088, 1, 2023/11/06, 16:31:25.028, 5245850248625, vstest.console.dll, AssemblyResolver.OnResolve: Resolved assembly: Microsoft.TestPlatform.TestHostRuntimeProvider, from path: C:\Program Files\dotnet\sdk\8.0.100-rc.2.23502.2\Extensions\Microsoft.TestPlatform.TestHostRuntimeProvider.dll
TpTrace Verbose: 0 : 29088, 1, 2023/11/06, 16:31:25.028, 5245850249337, vstest.console.dll, MetadataReaderExtensionsHelper: Discovering extensions inside assembly 'Microsoft.TestPlatform.TestHostRuntimeProvider, Version=15.0.0.0, Culture=neutral, PublicKeyToken=b03f5f7f11d50a3a' file path 'C:\Program Files\dotnet\sdk\8.0.100-rc.2.23502.2\Extensions\Microsoft.TestPlatform.TestHostRuntimeProvider.dll'
TpTrace Information: 0 : 29088, 1, 2023/11/06, 16:31:25.029, 5245850265365, vstest.console.dll, GetTestExtensionFromType: Register extension with identifier data 'HostProvider://DefaultTestHost' and type 'Microsoft.VisualStudio.TestPlatform.CrossPlatEngine.Hosting.DefaultTestHostManager, Microsoft.TestPlatform.TestHostRuntimeProvider, Version=15.0.0.0, Culture=neutral, PublicKeyToken=b03f5f7f11d50a3a' inside file 'C:\Program Files\dotnet\sdk\8.0.100-rc.2.23502.2\Extensions\Microsoft.TestPlatform.TestHostRuntimeProvider.dll'
TpTrace Information: 0 : 29088, 1, 2023/11/06, 16:31:25.029, 5245850268018, vstest.console.dll, GetTestExtensionFromType: Register extension with identifier data 'HostProvider://DotnetTestHost' and type 'Microsoft.VisualStudio.TestPlatform.CrossPlatEngine.Hosting.DotnetTestHostManager, Microsoft.TestPlatform.TestHostRuntimeProvider, Version=15.0.0.0, Culture=neutral, PublicKeyToken=b03f5f7f11d50a3a' inside file 'C:\Program Files\dotnet\sdk\8.0.100-rc.2.23502.2\Extensions\Microsoft.TestPlatform.TestHostRuntimeProvider.dll'
TpTrace Information: 0 : 29088, 1, 2023/11/06, 16:31:25.030, 5245850268775, vstest.console.dll, AssemblyResolver.OnResolve: Microsoft.VisualStudio.TestPlatform.Extensions.Html.TestLogger: Resolving assembly.
TpTrace Information: 0 : 29088, 1, 2023/11/06, 16:31:25.030, 5245850269050, vstest.console.dll, AssemblyResolver.OnResolve: Microsoft.VisualStudio.TestPlatform.Extensions.Html.TestLogger: Searching in: 'C:\Program Files\dotnet\sdk\8.0.100-rc.2.23502.2\Extensions'.
TpTrace Information: 0 : 29088, 1, 2023/11/06, 16:31:25.031, 5245850279037, vstest.console.dll, AssemblyResolver.OnResolve: Microsoft.VisualStudio.TestPlatform.Extensions.Html.TestLogger: Loading assembly 'C:\Program Files\dotnet\sdk\8.0.100-rc.2.23502.2\Extensions\Microsoft.VisualStudio.TestPlatform.Extensions.Html.TestLogger.dll'.
TpTrace Information: 0 : 29088, 1, 2023/11/06, 16:31:25.032, 5245850294256, vstest.console.dll, AssemblyResolver.OnResolve: Resolved assembly: Microsoft.VisualStudio.TestPlatform.Extensions.Html.TestLogger, from path: C:\Program Files\dotnet\sdk\8.0.100-rc.2.23502.2\Extensions\Microsoft.VisualStudio.TestPlatform.Extensions.Html.TestLogger.dll
TpTrace Verbose: 0 : 29088, 1, 2023/11/06, 16:31:25.032, 5245850295690, vstest.console.dll, MetadataReaderExtensionsHelper: Discovering extensions inside assembly 'Microsoft.VisualStudio.TestPlatform.Extensions.Html.TestLogger, Version=15.0.0.0, Culture=neutral, PublicKeyToken=b03f5f7f11d50a3a' file path 'C:\Program Files\dotnet\sdk\8.0.100-rc.2.23502.2\Extensions\Microsoft.VisualStudio.TestPlatform.Extensions.Html.TestLogger.dll'
TpTrace Information: 0 : 29088, 1, 2023/11/06, 16:31:25.034, 5245850310610, vstest.console.dll, AssemblyResolver.OnResolve: Microsoft.VisualStudio.TestPlatform.Extensions.Trx.TestLogger: Resolving assembly.
TpTrace Information: 0 : 29088, 1, 2023/11/06, 16:31:25.034, 5245850311729, vstest.console.dll, AssemblyResolver.OnResolve: Microsoft.VisualStudio.TestPlatform.Extensions.Trx.TestLogger: Searching in: 'C:\Program Files\dotnet\sdk\8.0.100-rc.2.23502.2\Extensions'.
TpTrace Information: 0 : 29088, 1, 2023/11/06, 16:31:25.034, 5245850317996, vstest.console.dll, AssemblyResolver.OnResolve: Microsoft.VisualStudio.TestPlatform.Extensions.Trx.TestLogger: Loading assembly 'C:\Program Files\dotnet\sdk\8.0.100-rc.2.23502.2\Extensions\Microsoft.VisualStudio.TestPlatform.Extensions.Trx.TestLogger.dll'.
TpTrace Information: 0 : 29088, 1, 2023/11/06, 16:31:25.036, 5245850331942, vstest.console.dll, AssemblyResolver.OnResolve: Resolved assembly: Microsoft.VisualStudio.TestPlatform.Extensions.Trx.TestLogger, from path: C:\Program Files\dotnet\sdk\8.0.100-rc.2.23502.2\Extensions\Microsoft.VisualStudio.TestPlatform.Extensions.Trx.TestLogger.dll
TpTrace Verbose: 0 : 29088, 1, 2023/11/06, 16:31:25.036, 5245850333795, vstest.console.dll, MetadataReaderExtensionsHelper: Discovering extensions inside assembly 'Microsoft.VisualStudio.TestPlatform.Extensions.Trx.TestLogger, Version=15.0.0.0, Culture=neutral, PublicKeyToken=b03f5f7f11d50a3a' file path 'C:\Program Files\dotnet\sdk\8.0.100-rc.2.23502.2\Extensions\Microsoft.VisualStudio.TestPlatform.Extensions.Trx.TestLogger.dll'
TpTrace Verbose: 0 : 29088, 1, 2023/11/06, 16:31:25.038, 5245850349960, vstest.console.dll, TestPluginCache: Discovered the extensions using extension path ''.
TpTrace Verbose: 0 : 29088, 1, 2023/11/06, 16:31:25.038, 5245850351142, vstest.console.dll, TestPluginCache: Discoverers are ''.
TpTrace Verbose: 0 : 29088, 1, 2023/11/06, 16:31:25.038, 5245850351361, vstest.console.dll, TestPluginCache: Executors are ''.
TpTrace Verbose: 0 : 29088, 1, 2023/11/06, 16:31:25.038, 5245850351539, vstest.console.dll, TestPluginCache: Executors2 are ''.
TpTrace Verbose: 0 : 29088, 1, 2023/11/06, 16:31:25.038, 5245850351712, vstest.console.dll, TestPluginCache: Setting providers are ''.
TpTrace Verbose: 0 : 29088, 1, 2023/11/06, 16:31:25.038, 5245850351981, vstest.console.dll, TestPluginCache: Loggers are ''.
TpTrace Verbose: 0 : 29088, 1, 2023/11/06, 16:31:25.038, 5245850353711, vstest.console.dll, TestPluginCache: TestHosts are 'HostProvider://DefaultTestHost,HostProvider://DotnetTestHost'.
TpTrace Verbose: 0 : 29088, 1, 2023/11/06, 16:31:25.038, 5245850354031, vstest.console.dll, TestPluginCache: DataCollectors are ''.
TpTrace Information: 0 : 29088, 1, 2023/11/06, 16:31:25.054, 5245850512380, vstest.console.dll, RunTestsArgumentProcessor:Execute: Test run is starting.
TpTrace Verbose: 0 : 29088, 1, 2023/11/06, 16:31:25.054, 5245850513368, vstest.console.dll, RunTestsArgumentProcessor:Execute: Queuing Test run.
TpTrace Information: 0 : 29088, 1, 2023/11/06, 16:31:25.054, 5245850514908, vstest.console.dll, TestRequestManager.RunTests: run tests started.
TpTrace Information: 0 : 29088, 1, 2023/11/06, 16:31:25.056, 5245850528663, vstest.console.dll, AssemblyMetadataProvider.GetFrameworkName: Determined framework:'.NETCoreApp,Version=v7.0' for source: 'D:\Testovi\4CreateTest\Test4Create.Application.UnitTests\bin\Debug\net7.0\fine-code-coverage\build-output\Test4Create.Application.UnitTests.dll'
TpTrace Information: 0 : 29088, 1, 2023/11/06, 16:31:25.056, 5245850531103, vstest.console.dll, Determined framework for all sources: .NETCoreApp,Version=v7.0
TpTrace Verbose: 0 : 29088, 1, 2023/11/06, 16:31:25.056, 5245850534698, vstest.console.dll, TestRequestManager.UpdateRunSettingsIfRequired: Default architecture: X64 IsDefaultTargetArchitecture: True, Current process architecture: X64 OperatingSystem: Windows.
TpTrace Information: 0 : 29088, 1, 2023/11/06, 16:31:25.057, 5245850548411, vstest.console.dll, AssemblyMetadataProvider.GetArchitecture: Determined architecture:AnyCPU info for assembly: D:\Testovi\4CreateTest\Test4Create.Application.UnitTests\bin\Debug\net7.0\fine-code-coverage\build-output\Test4Create.Application.UnitTests.dll
TpTrace Information: 0 : 29088, 1, 2023/11/06, 16:31:25.058, 5245850549198, vstest.console.dll, Determined platform for source 'D:\Testovi\4CreateTest\Test4Create.Application.UnitTests\bin\Debug\net7.0\fine-code-coverage\build-output\Test4Create.Application.UnitTests.dll' was AnyCPU and it will use the default plaform X64.
TpTrace Information: 0 : 29088, 1, 2023/11/06, 16:31:25.058, 5245850549394, vstest.console.dll, None of the sources provided any runnable platform, using the default platform: X64
TpTrace Information: 0 : 29088, 1, 2023/11/06, 16:31:25.058, 5245850550224, vstest.console.dll, Platform was updated to 'X64'.
TpTrace Information: 0 : 29088, 1, 2023/11/06, 16:31:25.060, 5245850574076, vstest.console.dll, InferRunSettingsHelper.IsTestSettingsEnabled: Unable to navigate to RunSettings/MSTest. Current node: RunSettings
TpTrace Information: 0 : 29088, 1, 2023/11/06, 16:31:25.061, 5245850579298, vstest.console.dll, AssemblyResolver.OnResolve: Microsoft.VisualStudio.TestPlatform.Fakes: Resolving assembly.
TpTrace Information: 0 : 29088, 1, 2023/11/06, 16:31:25.061, 5245850579881, vstest.console.dll, AssemblyResolver.OnResolve: Microsoft.VisualStudio.TestPlatform.Fakes: Searching in: 'C:\Program Files\dotnet\sdk\8.0.100-rc.2.23502.2\Extensions'.
TpTrace Information: 0 : 29088, 1, 2023/11/06, 16:31:25.061, 5245850580972, vstest.console.dll, AssemblyResolver.OnResolve: Microsoft.VisualStudio.TestPlatform.Fakes: Assembly path does not exist: 'C:\Program Files\dotnet\sdk\8.0.100-rc.2.23502.2\Extensions\Microsoft.VisualStudio.TestPlatform.Fakes.dll', returning.
TpTrace Information: 0 : 29088, 1, 2023/11/06, 16:31:25.061, 5245850581491, vstest.console.dll, AssemblyResolver.OnResolve: Microsoft.VisualStudio.TestPlatform.Fakes: Assembly path does not exist: 'C:\Program Files\dotnet\sdk\8.0.100-rc.2.23502.2\Extensions\Microsoft.VisualStudio.TestPlatform.Fakes.exe', returning.
TpTrace Information: 0 : 29088, 1, 2023/11/06, 16:31:25.061, 5245850581705, vstest.console.dll, AssemblyResolver.OnResolve: Microsoft.VisualStudio.TestPlatform.Fakes: Searching in: 'C:\Program Files\dotnet\sdk\8.0.100-rc.2.23502.2'.
TpTrace Information: 0 : 29088, 1, 2023/11/06, 16:31:25.061, 5245850582298, vstest.console.dll, AssemblyResolver.OnResolve: Microsoft.VisualStudio.TestPlatform.Fakes: Assembly path does not exist: 'C:\Program Files\dotnet\sdk\8.0.100-rc.2.23502.2\Microsoft.VisualStudio.TestPlatform.Fakes.dll', returning.
TpTrace Information: 0 : 29088, 1, 2023/11/06, 16:31:25.061, 5245850582807, vstest.console.dll, AssemblyResolver.OnResolve: Microsoft.VisualStudio.TestPlatform.Fakes: Assembly path does not exist: 'C:\Program Files\dotnet\sdk\8.0.100-rc.2.23502.2\Microsoft.VisualStudio.TestPlatform.Fakes.exe', returning.
TpTrace Information: 0 : 29088, 1, 2023/11/06, 16:31:25.061, 5245850583056, vstest.console.dll, AssemblyResolver.OnResolve: Microsoft.VisualStudio.TestPlatform.Fakes: Failed to load assembly.
TpTrace Information: 0 : 29088, 1, 2023/11/06, 16:31:25.061, 5245850585756, vstest.console.dll, Failed to load assembly Microsoft.VisualStudio.TestPlatform.Fakes, Version=17.0.0.0, Culture=neutral. Reason:System.IO.FileNotFoundException: Could not load file or assembly 'Microsoft.VisualStudio.TestPlatform.Fakes, Version=17.0.0.0, Culture=neutral, PublicKeyToken=null'. The system cannot find the file specified.
File name: 'Microsoft.VisualStudio.TestPlatform.Fakes, Version=17.0.0.0, Culture=neutral, PublicKeyToken=null'
   at System.Reflection.RuntimeAssembly.InternalLoad(AssemblyName assemblyName, StackCrawlMark& stackMark, AssemblyLoadContext assemblyLoadContext, RuntimeAssembly requestingAssembly, Boolean throwOnFileNotFound)
   at System.Reflection.Assembly.Load(AssemblyName assemblyRef)
   at Microsoft.VisualStudio.TestPlatform.Common.Utilities.FakesUtilities.LoadTestPlatformAssembly() in /_/src/Microsoft.TestPlatform.Common/Utilities/FakesUtilities.cs:line 272
TpTrace Verbose: 0 : 29088, 1, 2023/11/06, 16:31:25.064, 5245850616446, vstest.console.dll, TestPluginCache.DiscoverTestExtensions: finding test extensions in assemblies ends with: TestLogger.dll TPluginInfo: Microsoft.VisualStudio.TestPlatform.Common.ExtensionFramework.Utilities.TestLoggerPluginInformation TExtension: Microsoft.VisualStudio.TestPlatform.ObjectModel.Client.ITestLogger
TpTrace Verbose: 0 : 29088, 1, 2023/11/06, 16:31:25.065, 5245850618531, vstest.console.dll, TestPluginCache.GetExtensionPaths: Filtered extension paths: 
TpTrace Verbose: 0 : 29088, 1, 2023/11/06, 16:31:25.065, 5245850619204, vstest.console.dll, TestPluginCache.GetExtensionPaths: Added default extension paths: C:\Program Files\dotnet\sdk\8.0.100-rc.2.23502.2\Extensions\Microsoft.Diagnostics.NETCore.Client.dll
C:\Program Files\dotnet\sdk\8.0.100-rc.2.23502.2\Extensions\Microsoft.TestPlatform.Extensions.BlameDataCollector.dll
C:\Program Files\dotnet\sdk\8.0.100-rc.2.23502.2\Extensions\Microsoft.TestPlatform.Extensions.EventLogCollector.dll
C:\Program Files\dotnet\sdk\8.0.100-rc.2.23502.2\Extensions\Microsoft.TestPlatform.TestHostRuntimeProvider.dll
C:\Program Files\dotnet\sdk\8.0.100-rc.2.23502.2\Extensions\Microsoft.VisualStudio.TestPlatform.Extensions.Html.TestLogger.dll
C:\Program Files\dotnet\sdk\8.0.100-rc.2.23502.2\Extensions\Microsoft.VisualStudio.TestPlatform.Extensions.Trx.TestLogger.dll
TpTrace Verbose: 0 : 29088, 1, 2023/11/06, 16:31:25.065, 5245850619756, vstest.console.dll, TestPluginCache.GetExtensionPaths: Added unfilterableExtensionPaths: 
TpTrace Information: 0 : 29088, 1, 2023/11/06, 16:31:25.065, 5245850622413, vstest.console.dll, AssemblyResolver.AddSearchDirectories: Adding more searchDirectories C:\Program Files\dotnet\sdk\8.0.100-rc.2.23502.2\Extensions,C:\Program Files\dotnet\sdk\8.0.100-rc.2.23502.2
TpTrace Verbose: 0 : 29088, 1, 2023/11/06, 16:31:25.065, 5245850623252, vstest.console.dll, TestPluginCache.DiscoverTestExtensions: Discovering the extensions using extension path.
TpTrace Verbose: 0 : 29088, 1, 2023/11/06, 16:31:25.065, 5245850623872, vstest.console.dll, TestPluginCache.GetExtensionPaths: Filtered extension paths: 
TpTrace Verbose: 0 : 29088, 1, 2023/11/06, 16:31:25.065, 5245850624466, vstest.console.dll, TestPluginCache.GetExtensionPaths: Added default extension paths: C:\Program Files\dotnet\sdk\8.0.100-rc.2.23502.2\Extensions\Microsoft.Diagnostics.NETCore.Client.dll
C:\Program Files\dotnet\sdk\8.0.100-rc.2.23502.2\Extensions\Microsoft.TestPlatform.Extensions.BlameDataCollector.dll
C:\Program Files\dotnet\sdk\8.0.100-rc.2.23502.2\Extensions\Microsoft.TestPlatform.Extensions.EventLogCollector.dll
C:\Program Files\dotnet\sdk\8.0.100-rc.2.23502.2\Extensions\Microsoft.TestPlatform.TestHostRuntimeProvider.dll
C:\Program Files\dotnet\sdk\8.0.100-rc.2.23502.2\Extensions\Microsoft.VisualStudio.TestPlatform.Extensions.Html.TestLogger.dll
C:\Program Files\dotnet\sdk\8.0.100-rc.2.23502.2\Extensions\Microsoft.VisualStudio.TestPlatform.Extensions.Trx.TestLogger.dll
TpTrace Verbose: 0 : 29088, 1, 2023/11/06, 16:31:25.065, 5245850624880, vstest.console.dll, TestPluginCache.GetExtensionPaths: Added unfilterableExtensionPaths: 
TpTrace Verbose: 0 : 29088, 1, 2023/11/06, 16:31:25.065, 5245850625107, vstest.console.dll, TestPluginCache.DiscoverTestExtensions: Discovering the extensions using allExtensionPaths: C:\Program Files\dotnet\sdk\8.0.100-rc.2.23502.2\Extensions\Microsoft.Diagnostics.NETCore.Client.dll
C:\Program Files\dotnet\sdk\8.0.100-rc.2.23502.2\Extensions\Microsoft.TestPlatform.Extensions.BlameDataCollector.dll
C:\Program Files\dotnet\sdk\8.0.100-rc.2.23502.2\Extensions\Microsoft.TestPlatform.Extensions.EventLogCollector.dll
C:\Program Files\dotnet\sdk\8.0.100-rc.2.23502.2\Extensions\Microsoft.TestPlatform.TestHostRuntimeProvider.dll
C:\Program Files\dotnet\sdk\8.0.100-rc.2.23502.2\Extensions\Microsoft.VisualStudio.TestPlatform.Extensions.Html.TestLogger.dll
C:\Program Files\dotnet\sdk\8.0.100-rc.2.23502.2\Extensions\Microsoft.VisualStudio.TestPlatform.Extensions.Trx.TestLogger.dll
TpTrace Information: 0 : 29088, 1, 2023/11/06, 16:31:25.065, 5245850625447, vstest.console.dll, AssemblyResolver.AddSearchDirectories: Adding more searchDirectories C:\Program Files\dotnet\sdk\8.0.100-rc.2.23502.2\Extensions,C:\Program Files\dotnet\sdk\8.0.100-rc.2.23502.2
TpTrace Information: 0 : 29088, 1, 2023/11/06, 16:31:25.065, 5245850625664, vstest.console.dll, AssemblyResolver.AddSearchDirectories: Adding more searchDirectories C:\Program Files\dotnet\sdk\8.0.100-rc.2.23502.2\Extensions,C:\Program Files\dotnet\sdk\8.0.100-rc.2.23502.2
TpTrace Information: 0 : 29088, 1, 2023/11/06, 16:31:25.065, 5245850625858, vstest.console.dll, AssemblyResolver.AddSearchDirectories: Adding more searchDirectories C:\Program Files\dotnet\sdk\8.0.100-rc.2.23502.2\Extensions,C:\Program Files\dotnet\sdk\8.0.100-rc.2.23502.2
TpTrace Information: 0 : 29088, 1, 2023/11/06, 16:31:25.065, 5245850626079, vstest.console.dll, AssemblyResolver.AddSearchDirectories: Adding more searchDirectories C:\Program Files\dotnet\sdk\8.0.100-rc.2.23502.2\Extensions,C:\Program Files\dotnet\sdk\8.0.100-rc.2.23502.2
TpTrace Information: 0 : 29088, 1, 2023/11/06, 16:31:25.065, 5245850626270, vstest.console.dll, AssemblyResolver.AddSearchDirectories: Adding more searchDirectories C:\Program Files\dotnet\sdk\8.0.100-rc.2.23502.2\Extensions,C:\Program Files\dotnet\sdk\8.0.100-rc.2.23502.2
TpTrace Information: 0 : 29088, 1, 2023/11/06, 16:31:25.065, 5245850626475, vstest.console.dll, AssemblyResolver.AddSearchDirectories: Adding more searchDirectories C:\Program Files\dotnet\sdk\8.0.100-rc.2.23502.2\Extensions,C:\Program Files\dotnet\sdk\8.0.100-rc.2.23502.2
TpTrace Verbose: 0 : 29088, 1, 2023/11/06, 16:31:25.065, 5245850627575, vstest.console.dll, MetadataReaderExtensionsHelper: Discovering extensions inside assembly 'Microsoft.Diagnostics.NETCore.Client, Version=0.2.8.21101, Culture=neutral, PublicKeyToken=31bf3856ad364e35' file path 'C:\Program Files\dotnet\sdk\8.0.100-rc.2.23502.2\Extensions\Microsoft.Diagnostics.NETCore.Client.dll'
TpTrace Information: 0 : 29088, 1, 2023/11/06, 16:31:25.067, 5245850639290, vstest.console.dll, AssemblyResolver.OnResolve: Microsoft.Bcl.AsyncInterfaces: Resolving assembly.
TpTrace Information: 0 : 29088, 1, 2023/11/06, 16:31:25.067, 5245850640099, vstest.console.dll, AssemblyResolver.OnResolve: Microsoft.Bcl.AsyncInterfaces: Resolved from cache.
TpTrace Verbose: 0 : 29088, 1, 2023/11/06, 16:31:25.067, 5245850640327, vstest.console.dll, CurrentDomainAssemblyResolve: Resolving assembly 'Microsoft.Bcl.AsyncInterfaces'.
TpTrace Information: 0 : 29088, 1, 2023/11/06, 16:31:25.067, 5245850640681, vstest.console.dll, AssemblyResolver.OnResolve: Microsoft.Bcl.AsyncInterfaces: Resolving assembly.
TpTrace Information: 0 : 29088, 1, 2023/11/06, 16:31:25.067, 5245850640883, vstest.console.dll, AssemblyResolver.OnResolve: Microsoft.Bcl.AsyncInterfaces: Resolved from cache.
TpTrace Verbose: 0 : 29088, 1, 2023/11/06, 16:31:25.067, 5245850641053, vstest.console.dll, CurrentDomainAssemblyResolve: Resolving assembly 'Microsoft.Bcl.AsyncInterfaces'.
TpTrace Verbose: 0 : 29088, 1, 2023/11/06, 16:31:25.067, 5245850641243, vstest.console.dll, CurrentDomainAssemblyResolve: Failed to resolve assembly 'Microsoft.Bcl.AsyncInterfaces'.
TpTrace Verbose: 0 : 29088, 1, 2023/11/06, 16:31:25.067, 5245850642518, vstest.console.dll, CurrentDomainAssemblyResolve: Failed to resolve assembly 'Microsoft.Bcl.AsyncInterfaces'.
TpTrace Warning: 0 : 29088, 1, 2023/11/06, 16:31:25.067, 5245850645399, vstest.console.dll, TestPluginDiscoverer: Failed to get types from assembly 'Microsoft.Diagnostics.NETCore.Client, Version=0.2.8.21101, Culture=neutral, PublicKeyToken=31bf3856ad364e35'. Error: System.Reflection.ReflectionTypeLoadException: Unable to load one or more of the requested types.
Could not load file or assembly 'Microsoft.Bcl.AsyncInterfaces, Version=1.0.0.0, Culture=neutral, PublicKeyToken=cc7b13ffcd2ddd51'. The system cannot find the file specified.
   at System.Reflection.RuntimeModule.GetTypes(RuntimeModule module)
   at System.Reflection.RuntimeModule.GetTypes()
   at Microsoft.VisualStudio.TestPlatform.Common.ExtensionFramework.TestPluginDiscoverer.GetTestExtensionsFromAssembly[TPluginInfo,TExtension](Assembly assembly, Dictionary`2 pluginInfos, String filePath) in /_/src/Microsoft.TestPlatform.Common/ExtensionFramework/TestPluginDiscoverer.cs:line 158
System.IO.FileNotFoundException: Could not load file or assembly 'Microsoft.Bcl.AsyncInterfaces, Version=1.0.0.0, Culture=neutral, PublicKeyToken=cc7b13ffcd2ddd51'. The system cannot find the file specified.
File name: 'Microsoft.Bcl.AsyncInterfaces, Version=1.0.0.0, Culture=neutral, PublicKeyToken=cc7b13ffcd2ddd51'
 ---> System.IO.FileNotFoundException: Could not load file or assembly 'Microsoft.Bcl.AsyncInterfaces, Culture=neutral, PublicKeyToken=null'. The system cannot find the file specified.
File name: 'Microsoft.Bcl.AsyncInterfaces, Culture=neutral, PublicKeyToken=null'
   at System.Reflection.RuntimeAssembly.InternalLoad(AssemblyName assemblyName, StackCrawlMark& stackMark, AssemblyLoadContext assemblyLoadContext, RuntimeAssembly requestingAssembly, Boolean throwOnFileNotFound)
   at System.Reflection.Assembly.Load(AssemblyName assemblyRef)
   at Microsoft.VisualStudio.TestPlatform.Common.ExtensionFramework.TestPluginCache.CurrentDomainAssemblyResolve(Object sender, AssemblyResolveEventArgs args) in /_/src/Microsoft.TestPlatform.Common/ExtensionFramework/TestPluginCache.cs:line 513
   at System.Runtime.Loader.AssemblyLoadContext.GetFirstResolvedAssemblyFromResolvingEvent(AssemblyName assemblyName)
   at System.Runtime.Loader.AssemblyLoadContext.ResolveUsingEvent(AssemblyName assemblyName)
   at System.Runtime.Loader.AssemblyLoadContext.ResolveUsingResolvingEvent(IntPtr gchManagedAssemblyLoadContext, AssemblyName assemblyName)
TpTrace Warning: 0 : 29088, 1, 2023/11/06, 16:31:25.067, 5245850646606, vstest.console.dll, LoaderExceptions: System.IO.FileNotFoundException: Could not load file or assembly 'Microsoft.Bcl.AsyncInterfaces, Version=1.0.0.0, Culture=neutral, PublicKeyToken=cc7b13ffcd2ddd51'. The system cannot find the file specified.
File name: 'Microsoft.Bcl.AsyncInterfaces, Version=1.0.0.0, Culture=neutral, PublicKeyToken=cc7b13ffcd2ddd51'
 ---> System.IO.FileNotFoundException: Could not load file or assembly 'Microsoft.Bcl.AsyncInterfaces, Culture=neutral, PublicKeyToken=null'. The system cannot find the file specified.
File name: 'Microsoft.Bcl.AsyncInterfaces, Culture=neutral, PublicKeyToken=null'
   at System.Reflection.RuntimeAssembly.InternalLoad(AssemblyName assemblyName, StackCrawlMark& stackMark, AssemblyLoadContext assemblyLoadContext, RuntimeAssembly requestingAssembly, Boolean throwOnFileNotFound)
   at System.Reflection.Assembly.Load(AssemblyName assemblyRef)
   at Microsoft.VisualStudio.TestPlatform.Common.ExtensionFramework.TestPluginCache.CurrentDomainAssemblyResolve(Object sender, AssemblyResolveEventArgs args) in /_/src/Microsoft.TestPlatform.Common/ExtensionFramework/TestPluginCache.cs:line 513
   at System.Runtime.Loader.AssemblyLoadContext.GetFirstResolvedAssemblyFromResolvingEvent(AssemblyName assemblyName)
   at System.Runtime.Loader.AssemblyLoadContext.ResolveUsingEvent(AssemblyName assemblyName)
   at System.Runtime.Loader.AssemblyLoadContext.ResolveUsingResolvingEvent(IntPtr gchManagedAssemblyLoadContext, AssemblyName assemblyName)
TpTrace Verbose: 0 : 29088, 1, 2023/11/06, 16:31:25.067, 5245850647200, vstest.console.dll, MetadataReaderExtensionsHelper: Discovering extensions inside assembly 'Microsoft.TestPlatform.Extensions.BlameDataCollector, Version=15.0.0.0, Culture=neutral, PublicKeyToken=b03f5f7f11d50a3a' file path 'C:\Program Files\dotnet\sdk\8.0.100-rc.2.23502.2\Extensions\Microsoft.TestPlatform.Extensions.BlameDataCollector.dll'
TpTrace Information: 0 : 29088, 1, 2023/11/06, 16:31:25.068, 5245850654823, vstest.console.dll, GetTestExtensionFromType: Register extension with identifier data 'logger://Microsoft/TestPlatform/Extensions/Blame/v1' and type 'Microsoft.TestPlatform.Extensions.BlameDataCollector.BlameLogger, Microsoft.TestPlatform.Extensions.BlameDataCollector, Version=15.0.0.0, Culture=neutral, PublicKeyToken=b03f5f7f11d50a3a' inside file 'C:\Program Files\dotnet\sdk\8.0.100-rc.2.23502.2\Extensions\Microsoft.TestPlatform.Extensions.BlameDataCollector.dll'
TpTrace Verbose: 0 : 29088, 1, 2023/11/06, 16:31:25.068, 5245850655548, vstest.console.dll, MetadataReaderExtensionsHelper: Discovering extensions inside assembly 'Microsoft.TestPlatform.Extensions.EventLogCollector, Version=15.0.0.0, Culture=neutral, PublicKeyToken=b03f5f7f11d50a3a' file path 'C:\Program Files\dotnet\sdk\8.0.100-rc.2.23502.2\Extensions\Microsoft.TestPlatform.Extensions.EventLogCollector.dll'
TpTrace Verbose: 0 : 29088, 1, 2023/11/06, 16:31:25.069, 5245850660204, vstest.console.dll, MetadataReaderExtensionsHelper: Discovering extensions inside assembly 'Microsoft.TestPlatform.TestHostRuntimeProvider, Version=15.0.0.0, Culture=neutral, PublicKeyToken=b03f5f7f11d50a3a' file path 'C:\Program Files\dotnet\sdk\8.0.100-rc.2.23502.2\Extensions\Microsoft.TestPlatform.TestHostRuntimeProvider.dll'
TpTrace Verbose: 0 : 29088, 1, 2023/11/06, 16:31:25.069, 5245850664874, vstest.console.dll, MetadataReaderExtensionsHelper: Discovering extensions inside assembly 'Microsoft.VisualStudio.TestPlatform.Extensions.Html.TestLogger, Version=15.0.0.0, Culture=neutral, PublicKeyToken=b03f5f7f11d50a3a' file path 'C:\Program Files\dotnet\sdk\8.0.100-rc.2.23502.2\Extensions\Microsoft.VisualStudio.TestPlatform.Extensions.Html.TestLogger.dll'
TpTrace Information: 0 : 29088, 1, 2023/11/06, 16:31:25.070, 5245850671870, vstest.console.dll, GetTestExtensionFromType: Register extension with identifier data 'logger://Microsoft/TestPlatform/HtmlLogger/v1' and type 'Microsoft.VisualStudio.TestPlatform.Extensions.HtmlLogger.HtmlLogger, Microsoft.VisualStudio.TestPlatform.Extensions.Html.TestLogger, Version=15.0.0.0, Culture=neutral, PublicKeyToken=b03f5f7f11d50a3a' inside file 'C:\Program Files\dotnet\sdk\8.0.100-rc.2.23502.2\Extensions\Microsoft.VisualStudio.TestPlatform.Extensions.Html.TestLogger.dll'
TpTrace Verbose: 0 : 29088, 1, 2023/11/06, 16:31:25.070, 5245850672792, vstest.console.dll, MetadataReaderExtensionsHelper: Discovering extensions inside assembly 'Microsoft.VisualStudio.TestPlatform.Extensions.Trx.TestLogger, Version=15.0.0.0, Culture=neutral, PublicKeyToken=b03f5f7f11d50a3a' file path 'C:\Program Files\dotnet\sdk\8.0.100-rc.2.23502.2\Extensions\Microsoft.VisualStudio.TestPlatform.Extensions.Trx.TestLogger.dll'
TpTrace Information: 0 : 29088, 1, 2023/11/06, 16:31:25.071, 5245850683369, vstest.console.dll, GetTestExtensionFromType: Register extension with identifier data 'logger://Microsoft/TestPlatform/TrxLogger/v1' and type 'Microsoft.VisualStudio.TestPlatform.Extensions.TrxLogger.TrxLogger, Microsoft.VisualStudio.TestPlatform.Extensions.Trx.TestLogger, Version=15.0.0.0, Culture=neutral, PublicKeyToken=b03f5f7f11d50a3a' inside file 'C:\Program Files\dotnet\sdk\8.0.100-rc.2.23502.2\Extensions\Microsoft.VisualStudio.TestPlatform.Extensions.Trx.TestLogger.dll'
TpTrace Verbose: 0 : 29088, 1, 2023/11/06, 16:31:25.071, 5245850685195, vstest.console.dll, TestPluginCache: Discovered the extensions using extension path ''.
TpTrace Verbose: 0 : 29088, 1, 2023/11/06, 16:31:25.071, 5245850685720, vstest.console.dll, TestPluginCache: Discoverers are ''.
TpTrace Verbose: 0 : 29088, 1, 2023/11/06, 16:31:25.071, 5245850686085, vstest.console.dll, TestPluginCache: Executors are ''.
TpTrace Verbose: 0 : 29088, 1, 2023/11/06, 16:31:25.071, 5245850686428, vstest.console.dll, TestPluginCache: Executors2 are ''.
TpTrace Verbose: 0 : 29088, 1, 2023/11/06, 16:31:25.071, 5245850686765, vstest.console.dll, TestPluginCache: Setting providers are ''.
TpTrace Verbose: 0 : 29088, 1, 2023/11/06, 16:31:25.071, 5245850687736, vstest.console.dll, TestPluginCache: Loggers are 'logger://Microsoft/TestPlatform/Extensions/Blame/v1,logger://Microsoft/TestPlatform/HtmlLogger/v1,logger://Microsoft/TestPlatform/TrxLogger/v1'.
TpTrace Verbose: 0 : 29088, 1, 2023/11/06, 16:31:25.071, 5245850688342, vstest.console.dll, TestPluginCache: TestHosts are 'HostProvider://DefaultTestHost,HostProvider://DotnetTestHost'.
TpTrace Verbose: 0 : 29088, 1, 2023/11/06, 16:31:25.072, 5245850688713, vstest.console.dll, TestPluginCache: DataCollectors are ''.
TpTrace Information: 0 : 29088, 1, 2023/11/06, 16:31:25.072, 5245850698118, vstest.console.dll, TestPluginManager.CreateTestExtension: Attempting to load test extension: Microsoft.TestPlatform.Extensions.BlameDataCollector.BlameLogger
TpTrace Verbose: 0 : 29088, 1, 2023/11/06, 16:31:25.081, 5245850779494, vstest.console.dll, TestEngine: Initializing Parallel Execution as MaxCpuCount is set to: 1
TpTrace Information: 0 : 29088, 1, 2023/11/06, 16:31:25.082, 5245850790623, vstest.console.dll, TestPluginManager.CreateTestExtension: Attempting to load test extension: Microsoft.VisualStudio.TestPlatform.CrossPlatEngine.Hosting.DefaultTestHostManager
TpTrace Information: 0 : 29088, 1, 2023/11/06, 16:31:25.083, 5245850807815, vstest.console.dll, TestPluginManager.CreateTestExtension: Attempting to load test extension: Microsoft.VisualStudio.TestPlatform.CrossPlatEngine.Hosting.DotnetTestHostManager
TpTrace Information: 0 : 29088, 1, 2023/11/06, 16:31:25.084, 5245850813131, vstest.console.dll, InferRunSettingsHelper.IsTestSettingsEnabled: Unable to navigate to RunSettings/MSTest. Current node: RunSettings
TpTrace Verbose: 0 : 29088, 1, 2023/11/06, 16:31:25.084, 5245850817766, vstest.console.dll, ParallelOperationManager.ClearSlots: Clearing all slots. Slots should accept more work: True
TpTrace Verbose: 0 : 29088, 1, 2023/11/06, 16:31:25.085, 5245850822486, vstest.console.dll, ParallelOperationManager.SetOccupiedSlotCount: Setting slot counts AvailableSlotCount = 1, OccupiedSlotCount = 0.
TpTrace Verbose: 0 : 29088, 1, 2023/11/06, 16:31:25.085, 5245850824691, vstest.console.dll, Occupied slots:

TpTrace Verbose: 0 : 29088, 1, 2023/11/06, 16:31:25.088, 5245850849825, vstest.console.dll, TestEngine.GetExecutionManager: Chosen execution manager 'Microsoft.VisualStudio.TestPlatform.CrossPlatEngine.Client.Parallel.ParallelProxyExecutionManager, Microsoft.TestPlatform.CrossPlatEngine, Version=15.0.0.0, Culture=neutral, PublicKeyToken=b03f5f7f11d50a3a' ParallelLevel '1'.
TpTrace Verbose: 0 : 29088, 1, 2023/11/06, 16:31:25.088, 5245850851585, vstest.console.dll, TestRunRequest.ExecuteAsync: Creating test run request.
TpTrace Verbose: 0 : 29088, 1, 2023/11/06, 16:31:25.089, 5245850863767, vstest.console.dll, TestRunRequest.ExecuteAsync: Starting.
TpTrace Information: 0 : 29088, 1, 2023/11/06, 16:31:25.090, 5245850873209, vstest.console.dll, TestRunRequest.ExecuteAsync: Starting run with settings:TestRunCriteria:
   KeepAlive=False,FrequencyOfRunStatsChangeEvent=10,RunStatsChangeEventTimeout=00:00:01.5000000,TestCaseFilter=,TestExecutorLauncher=
   Settingsxml=<RunSettings>
  <RunConfiguration>
    <ResultsDirectory>D:\Testovi\4CreateTest\Test4Create.Application.UnitTests\bin\Debug\net7.0\fine-code-coverage\coverage-tool-output</ResultsDirectory>
    <TargetPlatform>X64</TargetPlatform>
    <TargetFrameworkVersion>.NETCoreApp,Version=v7.0</TargetFrameworkVersion>
    <DesignMode>False</DesignMode>
    <CollectSourceInformation>False</CollectSourceInformation>
  </RunConfiguration>
  <LoggerRunSettings>
    <Loggers>
      <Logger friendlyName="blame" enabled="True" />
      <Logger friendlyName="Console" uri="logger://microsoft/TestPlatform/ConsoleLogger/v1" assemblyQualifiedName="Microsoft.VisualStudio.TestPlatform.CommandLine.Internal.ConsoleLogger, vstest.console, Version=15.0.0.0, Culture=neutral, PublicKeyToken=b03f5f7f11d50a3a" codeBase="C:\Program Files\dotnet\sdk\8.0.100-rc.2.23502.2\vstest.console.dll" enabled="True" />
    </Loggers>
  </LoggerRunSettings>
  <DataCollectionRunSettings>
    <DataCollectors>
      <DataCollector friendlyName="blame" enabled="True">
        <Configuration>
          <ResultsDirectory>D:\Testovi\4CreateTest\Test4Create.Application.UnitTests\bin\Debug\net7.0\fine-code-coverage\coverage-tool-output</ResultsDirectory>
        </Configuration>
      </DataCollector>
    </DataCollectors>
  </DataCollectionRunSettings>
</RunSettings>

TpTrace Verbose: 0 : 29088, 1, 2023/11/06, 16:31:25.090, 5245850873699, vstest.console.dll, TestRunRequest.ExecuteAsync: Wait for the first run request is over.
TpTrace Verbose: 0 : 29088, 1, 2023/11/06, 16:31:25.090, 5245850876094, vstest.console.dll, MulticastDelegateUtilities.SafeInvoke: TestRun.TestRunStart: Invoking callbacks was skipped because there are no subscribers.
TpTrace Verbose: 0 : 29088, 4, 2023/11/06, 16:31:25.091, 5245850880876, vstest.console.dll, MulticastDelegateUtilities.SafeInvoke: InternalTestLoggerEvents.SendTestRunStart: Invoking callback 1/1 for Microsoft.VisualStudio.TestPlatform.CommandLine.Internal.ConsoleLogger., took 0 ms.
TpTrace Verbose: 0 : 29088, 1, 2023/11/06, 16:31:25.091, 5245850884192, vstest.console.dll, ParallelProxyExecutionManager: Start execution. Total sources: 1
TpTrace Verbose: 0 : 29088, 1, 2023/11/06, 16:31:25.091, 5245850887005, vstest.console.dll, ParallelOperationManager.StartWork: Starting adding 1 workloads.
TpTrace Verbose: 0 : 29088, 1, 2023/11/06, 16:31:25.091, 5245850887518, vstest.console.dll, ParallelOperationManager.ClearSlots: Clearing all slots. Slots should accept more work: True
TpTrace Verbose: 0 : 29088, 1, 2023/11/06, 16:31:25.091, 5245850888028, vstest.console.dll, ParallelOperationManager.SetOccupiedSlotCount: Setting slot counts AvailableSlotCount = 1, OccupiedSlotCount = 0.
TpTrace Verbose: 0 : 29088, 1, 2023/11/06, 16:31:25.091, 5245850888299, vstest.console.dll, Occupied slots:

TpTrace Verbose: 0 : 29088, 1, 2023/11/06, 16:31:25.093, 5245850898809, vstest.console.dll, TestRequestSender is acting as server.
TpTrace Verbose: 0 : 29088, 1, 2023/11/06, 16:31:25.093, 5245850906851, vstest.console.dll, ParallelOperationManager.RunWorkInParallel: Adding 1 workload to slot, remaining workloads 0.
TpTrace Verbose: 0 : 29088, 1, 2023/11/06, 16:31:25.093, 5245850907499, vstest.console.dll, ParallelOperationManager.SetOccupiedSlotCount: Setting slot counts AvailableSlotCount = 0, OccupiedSlotCount = 1.
TpTrace Verbose: 0 : 29088, 1, 2023/11/06, 16:31:25.093, 5245850908340, vstest.console.dll, Occupied slots:
0: D:\Testovi\4CreateTest\Test4Create.Application.UnitTests\bin\Debug\net7.0\fine-code-coverage\build-output\Test4Create.Application.UnitTests.dll
TpTrace Verbose: 0 : 29088, 1, 2023/11/06, 16:31:25.094, 5245850915559, vstest.console.dll, ParallelOperationManager.RunWorkInParallel: Started host in slot number 0 for work (source): D:\Testovi\4CreateTest\Test4Create.Application.UnitTests\bin\Debug\net7.0\fine-code-coverage\build-output\Test4Create.Application.UnitTests.dll.
TpTrace Verbose: 0 : 29088, 1, 2023/11/06, 16:31:25.095, 5245850925812, vstest.console.dll, ParallelOperationManager.RunWorkInParallel: We started 1 work items, which is the max parallel level. Won't start more work.
TpTrace Verbose: 0 : 29088, 1, 2023/11/06, 16:31:25.095, 5245850926292, vstest.console.dll, ParallelOperationManager.RunWorkInParallel: We started 1 work items in here, returning True.
TpTrace Information: 0 : 29088, 1, 2023/11/06, 16:31:25.095, 5245850926549, vstest.console.dll, TestRunRequest.ExecuteAsync: Started.
TpTrace Verbose: 0 : 29088, 5, 2023/11/06, 16:31:25.096, 5245850928996, vstest.console.dll, ParallelProxyExecutionManager.StartTestRunOnConcurrentManager: Initializing uninitialized client. Started clients: 0
TpTrace Verbose: 0 : 29088, 5, 2023/11/06, 16:31:25.096, 5245850930388, vstest.console.dll, DataCollectionRequestSender.InitializeCommunication : Initialize communication. 
TpTrace Verbose: 0 : 29088, 1, 2023/11/06, 16:31:25.096, 5245850931078, vstest.console.dll, TestRunRequest.WaitForCompletion: Waiting with timeout -1.
TpTrace Information: 0 : 29088, 5, 2023/11/06, 16:31:25.102, 5245850995525, vstest.console.dll, Listening on Endpoint : 127.0.0.1:58521
TpTrace Verbose: 0 : 29088, 5, 2023/11/06, 16:31:25.108, 5245851053096, vstest.console.dll, DotnetDataCollectionLauncher: Adding  --runtimeconfig "C:\Program Files\dotnet\sdk\8.0.100-rc.2.23502.2\datacollector.runtimeconfig.json" in args
TpTrace Verbose: 0 : 29088, 5, 2023/11/06, 16:31:25.108, 5245851054425, vstest.console.dll, DotnetDataCollectionLauncher: Adding  --depsfile "C:\Program Files\dotnet\sdk\8.0.100-rc.2.23502.2\datacollector.deps.json" in args
TpTrace Verbose: 0 : 29088, 5, 2023/11/06, 16:31:25.108, 5245851055742, vstest.console.dll, DotnetDataCollectionLauncher: Full path of dotnet.exe is C:\Program Files\dotnet\dotnet.exe
TpTrace Information: 0 : 29088, 5, 2023/11/06, 16:31:25.116, 5245851136985, vstest.console.dll, ProxyDataCollectionManager.Initialize: Launched datacollector processId: 3988 port: 58521
TpTrace Information: 0 : 29088, 5, 2023/11/06, 16:31:25.117, 5245851138425, vstest.console.dll, ProxyDataCollectionManager.Initialize: waiting for connection with timeout: 90 seconds
TpTrace Verbose: 0 : 29088, 5, 2023/11/06, 16:31:25.117, 5245851138831, vstest.console.dll, DataCollectionRequestSender.WaitForRequestHandlerConnection : Waiting for connection with timeout: 90000
TpTrace Information: 0 : 29088, 7, 2023/11/06, 16:31:25.290, 5245852877915, vstest.console.dll, Using the buffer size of 16384 bytes
TpTrace Information: 0 : 29088, 7, 2023/11/06, 16:31:25.291, 5245852879857, vstest.console.dll, Accepted Client request and set the flag
TpTrace Verbose: 0 : 29088, 5, 2023/11/06, 16:31:25.290, 5245852878346, vstest.console.dll, SocketCommunicationManager.WaitForClientConnection took: 173 ms, with 90000 ms timeout, and finished with True.
TpTrace Verbose: 0 : 29088, 5, 2023/11/06, 16:31:25.291, 5245852883001, vstest.console.dll, ProxyDataCollectionManager.InvokeDataCollectionServiceAction: Starting.
TpTrace Information: 0 : 29088, 5, 2023/11/06, 16:31:25.291, 5245852884455, vstest.console.dll, ProxyDataCollectionManager.BeforeTestRunStart: Get environment variable and port for datacollector processId: 3988 port: 58521
TpTrace Verbose: 0 : 29088, 5, 2023/11/06, 16:31:25.291, 5245852886332, vstest.console.dll, DataCollectionRequestSender.SendBeforeTestRunStartAndGetResult: Send BeforeTestRunStart message with settingsXml <RunSettings><RunConfiguration><ResultsDirectory>D:\Testovi\4CreateTest\Test4Create.Application.UnitTests\bin\Debug\net7.0\fine-code-coverage\coverage-tool-output</ResultsDirectory><TargetPlatform>X64</TargetPlatform><TargetFrameworkVersion>.NETCoreApp,Version=v7.0</TargetFrameworkVersion><DesignMode>False</DesignMode><CollectSourceInformation>False</CollectSourceInformation><TestAdaptersPaths>C:\Program Files\dotnet\sdk\8.0.100-rc.2.23502.2\Extensions</TestAdaptersPaths></RunConfiguration><LoggerRunSettings><Loggers><Logger friendlyName="blame" enabled="True" /><Logger friendlyName="Console" uri="logger://microsoft/TestPlatform/ConsoleLogger/v1" assemblyQualifiedName="Microsoft.VisualStudio.TestPlatform.CommandLine.Internal.ConsoleLogger, vstest.console, Version=15.0.0.0, Culture=neutral, PublicKeyToken=b03f5f7f11d50a3a" codeBase="C:\Program Files\dotnet\sdk\8.0.100-rc.2.23502.2\vstest.console.dll" enabled="True" /></Loggers></LoggerRunSettings><DataCollectionRunSettings><DataCollectors><DataCollector friendlyName="blame" enabled="True"><Configuration><ResultsDirectory>D:\Testovi\4CreateTest\Test4Create.Application.UnitTests\bin\Debug\net7.0\fine-code-coverage\coverage-tool-output</ResultsDirectory></Configuration></DataCollector></DataCollectors></DataCollectionRunSettings></RunSettings> and sources System.Collections.Generic.List`1[System.String]: 
TpTrace Verbose: 0 : 29088, 5, 2023/11/06, 16:31:25.353, 5245853499371, vstest.console.dll, DataCollectionRequestSender.SendBeforeTestRunStartAndGetResult: Received message: (DataCollection.SendMessage) -> {"MessageType":"DataCollection.SendMessage","Payload":{"FriendlyName":null,"Uri":null,"TestCaseId":"00000000-0000-0000-0000-000000000000","Message":"Logging DataCollector Diagnostics in file: D:\\Testovi\\4CreateTest\\Test4Create.Application.UnitTests\\bin\\Debug\\net7.0\\fine-code-coverage\\coverage-tool-output\\diagnostics.datacollector.23-11-06_16-31-25_10819_5.log","Level":0}}
TpTrace Verbose: 0 : 29088, 5, 2023/11/06, 16:31:25.438, 5245854354096, vstest.console.dll, DataCollectionRequestSender.SendBeforeTestRunStartAndGetResult: Received message: (DataCollection.BeforeTestRunStartResult) -> {"MessageType":"DataCollection.BeforeTestRunStartResult","Payload":{"EnvironmentVariables":{},"DataCollectionEventsPort":58523}}
TpTrace Information: 0 : 29088, 5, 2023/11/06, 16:31:25.442, 5245854398344, vstest.console.dll, ProxyDataCollectionManager.BeforeTestRunStart: SendBeforeTestRunStartAndGetResult successful, env variable from datacollector:   and testhost port: 58523
TpTrace Information: 0 : 29088, 5, 2023/11/06, 16:31:25.443, 5245854399669, vstest.console.dll, ProxyDataCollectionManager.InvokeDataCollectionServiceAction: Completed.
TpTrace Verbose: 0 : 29088, 5, 2023/11/06, 16:31:25.443, 5245854399928, vstest.console.dll, ParallelProxyExecutionManager.StartTestRunOnConcurrentManager: Initializing test run. Started clients: 0
TpTrace Verbose: 0 : 29088, 5, 2023/11/06, 16:31:25.443, 5245854400644, vstest.console.dll, ProxyExecutionManager: Test host is always Lazy initialize.
TpTrace Verbose: 0 : 29088, 5, 2023/11/06, 16:31:25.443, 5245854402241, vstest.console.dll, TestRequestSender.InitializeCommunication: initialize communication. 
TpTrace Information: 0 : 29088, 5, 2023/11/06, 16:31:25.443, 5245854406309, vstest.console.dll, SocketServer.Start: Listening on endpoint : 127.0.0.1:58524
TpTrace Verbose: 0 : 29088, 5, 2023/11/06, 16:31:25.444, 5245854412270, vstest.console.dll, DotnetTestHostmanager.GetTestHostProcessStartInfo: Platform environment 'X64' target architecture 'X64' framework '.NETCoreApp,Version=v7.0' OS 'Windows'
TpTrace Verbose: 0 : 29088, 5, 2023/11/06, 16:31:25.444, 5245854414708, vstest.console.dll, DotnetTestHostmanager: Adding  --runtimeconfig "D:\Testovi\4CreateTest\Test4Create.Application.UnitTests\bin\Debug\net7.0\fine-code-coverage\build-output\Test4Create.Application.UnitTests.runtimeconfig.json" in args
TpTrace Verbose: 0 : 29088, 5, 2023/11/06, 16:31:25.444, 5245854415573, vstest.console.dll, DotnetTestHostmanager: Adding  --depsfile "D:\Testovi\4CreateTest\Test4Create.Application.UnitTests\bin\Debug\net7.0\fine-code-coverage\build-output\Test4Create.Application.UnitTests.deps.json" in args
TpTrace Verbose: 0 : 29088, 5, 2023/11/06, 16:31:25.444, 5245854417389, vstest.console.dll, DotnetTestHostmanager.IsWinOnArm: Current PROCESSOR_ARCHITECTURE from environment variable 'AMD64'
TpTrace Verbose: 0 : 29088, 5, 2023/11/06, 16:31:25.444, 5245854418007, vstest.console.dll, DotnetTestHostmanager.IsWinOnArm: Is Windows on ARM 'False'
TpTrace Verbose: 0 : 29088, 5, 2023/11/06, 16:31:25.445, 5245854418755, vstest.console.dll, DotnetTestHostManager: testhost.exe found at path: D:\Testovi\4CreateTest\Test4Create.Application.UnitTests\bin\Debug\net7.0\fine-code-coverage\build-output\testhost.exe
TpTrace Verbose: 0 : 29088, 5, 2023/11/06, 16:31:25.445, 5245854419080, vstest.console.dll, DotnetTestHostmanager: Full path of host exe is D:\Testovi\4CreateTest\Test4Create.Application.UnitTests\bin\Debug\net7.0\fine-code-coverage\build-output\testhost.exe
TpTrace Verbose: 0 : 29088, 5, 2023/11/06, 16:31:25.445, 5245854420162, vstest.console.dll, DotnetTestHostmanager.LaunchTestHostAsync: Found 'VSTEST_WINAPPHOST_DOTNET_ROOT' in env variables, value 'C:\Program Files\dotnet', forwarding to 'DOTNET_ROOT'
TpTrace Verbose: 0 : 29088, 5, 2023/11/06, 16:31:25.445, 5245854421593, vstest.console.dll, DotnetTestHostManager: Starting process 'D:\Testovi\4CreateTest\Test4Create.Application.UnitTests\bin\Debug\net7.0\fine-code-coverage\build-output\testhost.exe' with command line ' --runtimeconfig "D:\Testovi\4CreateTest\Test4Create.Application.UnitTests\bin\Debug\net7.0\fine-code-coverage\build-output\Test4Create.Application.UnitTests.runtimeconfig.json" --depsfile "D:\Testovi\4CreateTest\Test4Create.Application.UnitTests\bin\Debug\net7.0\fine-code-coverage\build-output\Test4Create.Application.UnitTests.deps.json" --port 58524 --endpoint 127.0.0.1:058524 --role client --parentprocessid 29088 --diag "D:\Testovi\4CreateTest\Test4Create.Application.UnitTests\bin\Debug\net7.0\fine-code-coverage\coverage-tool-output\diagnostics.host.23-11-06_16-31-25_44408_5.log" --tracelevel 4 --datacollectionport 58523 --telemetryoptedin false'
TpTrace Verbose: 0 : 29088, 5, 2023/11/06, 16:31:25.453, 5245854506434, vstest.console.dll, MulticastDelegateUtilities.SafeInvoke: HostProviderEvents.OnHostLaunched: Invoking callback 1/2 for Microsoft.VisualStudio.TestPlatform.CrossPlatEngine.Client.ProxyExecutionManagerWithDataCollection., took 1 ms.
TpTrace Verbose: 0 : 29088, 5, 2023/11/06, 16:31:25.454, 5245854510555, vstest.console.dll, Test Runtime launched
TpTrace Verbose: 0 : 29088, 5, 2023/11/06, 16:31:25.454, 5245854511157, vstest.console.dll, MulticastDelegateUtilities.SafeInvoke: HostProviderEvents.OnHostLaunched: Invoking callback 2/2 for Microsoft.VisualStudio.TestPlatform.CrossPlatEngine.Client.ProxyOperationManager., took 0 ms.
TpTrace Verbose: 0 : 29088, 5, 2023/11/06, 16:31:25.454, 5245854512326, vstest.console.dll, TestRequestSender.WaitForRequestHandlerConnection: waiting for connection with timeout: 90000.
TpTrace Verbose: 0 : 29088, 7, 2023/11/06, 16:31:25.629, 5245856260871, vstest.console.dll, MulticastDelegateUtilities.SafeInvoke: SocketServer: ClientConnected: Invoking callback 1/1 for Microsoft.VisualStudio.TestPlatform.CommunicationUtilities.TestRequestSender., took 0 ms.
TpTrace Verbose: 0 : 29088, 5, 2023/11/06, 16:31:25.629, 5245856260935, vstest.console.dll, TestRequestSender.WaitForRequestHandlerConnection: waiting took 174 ms, with timeout 90000 ms, and result 0, which is success.
TpTrace Verbose: 0 : 29088, 7, 2023/11/06, 16:31:25.629, 5245856262528, vstest.console.dll, SocketServer.OnClientConnected: Client connected for endPoint: 127.0.0.1:58524, starting MessageLoopAsync:
TpTrace Verbose: 0 : 29088, 7, 2023/11/06, 16:31:25.629, 5245856267538, vstest.console.dll, TcpClientExtensions.MessageLoopAsync: Polling on remoteEndPoint: 127.0.0.1:58525 localEndPoint: 127.0.0.1:58524
TpTrace Verbose: 0 : 29088, 5, 2023/11/06, 16:31:25.630, 5245856273082, vstest.console.dll, TestRequestSender.CheckVersionWithTestHost: Sending check version message: {"MessageType":"ProtocolVersion","Payload":7}
TpTrace Verbose: 0 : 29088, 7, 2023/11/06, 16:31:25.730, 5245857276313, vstest.console.dll, TcpClientExtensions.MessageLoopAsync: NotifyDataAvailable remoteEndPoint: 127.0.0.1:58525 localEndPoint: 127.0.0.1:58524
TpTrace Verbose: 0 : 29088, 7, 2023/11/06, 16:31:25.731, 5245857279691, vstest.console.dll, TestRequestSender.CheckVersionWithTestHost: onMessageReceived received message: (ProtocolVersion) -> {"MessageType":"ProtocolVersion","Payload":7}
TpTrace Verbose: 0 : 29088, 7, 2023/11/06, 16:31:25.731, 5245857287875, vstest.console.dll, MulticastDelegateUtilities.SafeInvoke: LengthPrefixCommunicationChannel: MessageReceived: Invoking callback 1/1 for Microsoft.VisualStudio.TestPlatform.CommunicationUtilities.TestRequestSender+<>c__DisplayClass29_0., took 0 ms.
TpTrace Verbose: 0 : 29088, 5, 2023/11/06, 16:31:25.732, 5245857289124, vstest.console.dll, TestPluginCache.GetExtensionPaths: Filtered extension paths: 
TpTrace Verbose: 0 : 29088, 7, 2023/11/06, 16:31:25.732, 5245857289266, vstest.console.dll, TcpClientExtensions.MessageLoopAsync: Polling on remoteEndPoint: 127.0.0.1:58525 localEndPoint: 127.0.0.1:58524
TpTrace Verbose: 0 : 29088, 5, 2023/11/06, 16:31:25.732, 5245857290297, vstest.console.dll, TestPluginCache.GetExtensionPaths: Added default extension paths: C:\Program Files\dotnet\sdk\8.0.100-rc.2.23502.2\Extensions\Microsoft.Diagnostics.NETCore.Client.dll
C:\Program Files\dotnet\sdk\8.0.100-rc.2.23502.2\Extensions\Microsoft.TestPlatform.Extensions.BlameDataCollector.dll
C:\Program Files\dotnet\sdk\8.0.100-rc.2.23502.2\Extensions\Microsoft.TestPlatform.Extensions.EventLogCollector.dll
C:\Program Files\dotnet\sdk\8.0.100-rc.2.23502.2\Extensions\Microsoft.TestPlatform.TestHostRuntimeProvider.dll
C:\Program Files\dotnet\sdk\8.0.100-rc.2.23502.2\Extensions\Microsoft.VisualStudio.TestPlatform.Extensions.Html.TestLogger.dll
C:\Program Files\dotnet\sdk\8.0.100-rc.2.23502.2\Extensions\Microsoft.VisualStudio.TestPlatform.Extensions.Trx.TestLogger.dll
TpTrace Verbose: 0 : 29088, 5, 2023/11/06, 16:31:25.732, 5245857292557, vstest.console.dll, TestPluginCache.GetExtensionPaths: Added unfilterableExtensionPaths: 
TpTrace Verbose: 0 : 29088, 5, 2023/11/06, 16:31:25.735, 5245857325086, vstest.console.dll, TestRequestSender.InitializeExecution: Sending initialize execution with message: {"Version":7,"MessageType":"TestExecution.Initialize","Payload":["D:\\Testovi\\4CreateTest\\Test4Create.Application.UnitTests\\bin\\Debug\\net7.0\\fine-code-coverage\\build-output\\xunit.runner.visualstudio.dotnetcore.testadapter.dll"]}
TpTrace Verbose: 0 : 29088, 7, 2023/11/06, 16:31:25.735, 5245857326323, vstest.console.dll, TcpClientExtensions.MessageLoopAsync: NotifyDataAvailable remoteEndPoint: 127.0.0.1:58525 localEndPoint: 127.0.0.1:58524
TpTrace Verbose: 0 : 29088, 5, 2023/11/06, 16:31:25.735, 5245857327213, vstest.console.dll, ParallelProxyExecutionManager.StartTestRunOnConcurrentManager: Execution starting. Started clients: 1
TpTrace Verbose: 0 : 29088, 7, 2023/11/06, 16:31:25.735, 5245857327405, vstest.console.dll, LengthPrefixCommunicationChannel.NotifyDataAvailable: New data are waiting to be received, but there is no subscriber to be notified. Not reading them from the stream.
TpTrace Verbose: 0 : 29088, 7, 2023/11/06, 16:31:25.735, 5245857327968, vstest.console.dll, TcpClientExtensions.MessageLoopAsync: Polling on remoteEndPoint: 127.0.0.1:58525 localEndPoint: 127.0.0.1:58524
TpTrace Verbose: 0 : 29088, 7, 2023/11/06, 16:31:25.736, 5245857328478, vstest.console.dll, TcpClientExtensions.MessageLoopAsync: NotifyDataAvailable remoteEndPoint: 127.0.0.1:58525 localEndPoint: 127.0.0.1:58524
TpTrace Verbose: 0 : 29088, 7, 2023/11/06, 16:31:25.736, 5245857328864, vstest.console.dll, LengthPrefixCommunicationChannel.NotifyDataAvailable: New data are waiting to be received, but there is no subscriber to be notified. Not reading them from the stream.
TpTrace Verbose: 0 : 29088, 7, 2023/11/06, 16:31:25.736, 5245857329240, vstest.console.dll, TcpClientExtensions.MessageLoopAsync: Polling on remoteEndPoint: 127.0.0.1:58525 localEndPoint: 127.0.0.1:58524
TpTrace Verbose: 0 : 29088, 5, 2023/11/06, 16:31:25.736, 5245857329407, vstest.console.dll, TestRunRequest:SendTestRunMessage: Starting.
TpTrace Verbose: 0 : 29088, 7, 2023/11/06, 16:31:25.736, 5245857329813, vstest.console.dll, TcpClientExtensions.MessageLoopAsync: NotifyDataAvailable remoteEndPoint: 127.0.0.1:58525 localEndPoint: 127.0.0.1:58524
TpTrace Verbose: 0 : 29088, 5, 2023/11/06, 16:31:25.736, 5245857331100, vstest.console.dll, MulticastDelegateUtilities.SafeInvoke: TestRun.LogMessages: Invoking callback 1/1 for Microsoft.VisualStudio.TestPlatform.CommandLine.TestRunResultAggregator., took 0 ms.
TpTrace Verbose: 0 : 29088, 7, 2023/11/06, 16:31:25.736, 5245857331028, vstest.console.dll, LengthPrefixCommunicationChannel.NotifyDataAvailable: New data are waiting to be received, but there is no subscriber to be notified. Not reading them from the stream.
TpTrace Information: 0 : 29088, 5, 2023/11/06, 16:31:25.736, 5245857331398, vstest.console.dll, TestRunRequest:SendTestRunMessage: Completed.
TpTrace Verbose: 0 : 29088, 7, 2023/11/06, 16:31:25.736, 5245857332218, vstest.console.dll, TcpClientExtensions.MessageLoopAsync: Polling on remoteEndPoint: 127.0.0.1:58525 localEndPoint: 127.0.0.1:58524
TpTrace Verbose: 0 : 29088, 7, 2023/11/06, 16:31:25.736, 5245857332904, vstest.console.dll, TcpClientExtensions.MessageLoopAsync: NotifyDataAvailable remoteEndPoint: 127.0.0.1:58525 localEndPoint: 127.0.0.1:58524
TpTrace Verbose: 0 : 29088, 7, 2023/11/06, 16:31:25.736, 5245857333304, vstest.console.dll, LengthPrefixCommunicationChannel.NotifyDataAvailable: New data are waiting to be received, but there is no subscriber to be notified. Not reading them from the stream.
TpTrace Verbose: 0 : 29088, 7, 2023/11/06, 16:31:25.736, 5245857333705, vstest.console.dll, TcpClientExtensions.MessageLoopAsync: Polling on remoteEndPoint: 127.0.0.1:58525 localEndPoint: 127.0.0.1:58524
TpTrace Verbose: 0 : 29088, 7, 2023/11/06, 16:31:25.736, 5245857334611, vstest.console.dll, TcpClientExtensions.MessageLoopAsync: NotifyDataAvailable remoteEndPoint: 127.0.0.1:58525 localEndPoint: 127.0.0.1:58524
TpTrace Verbose: 0 : 29088, 7, 2023/11/06, 16:31:25.736, 5245857335014, vstest.console.dll, LengthPrefixCommunicationChannel.NotifyDataAvailable: New data are waiting to be received, but there is no subscriber to be notified. Not reading them from the stream.
TpTrace Verbose: 0 : 29088, 4, 2023/11/06, 16:31:25.736, 5245857335193, vstest.console.dll, MulticastDelegateUtilities.SafeInvoke: InternalTestLoggerEvents.SendTestRunMessage: Invoking callback 1/1 for Microsoft.VisualStudio.TestPlatform.CommandLine.Internal.ConsoleLogger., took 0 ms.
TpTrace Warning: 0 : 29088, 5, 2023/11/06, 16:31:25.736, 5245857335840, vstest.console.dll, InferRunSettingsHelper.MakeRunsettingsCompatible: Removing the following settings: TargetPlatform from RunSettings file. To use those settings please move to latest version of Microsoft.NET.Test.Sdk
TpTrace Verbose: 0 : 29088, 7, 2023/11/06, 16:31:25.736, 5245857335403, vstest.console.dll, TcpClientExtensions.MessageLoopAsync: Polling on remoteEndPoint: 127.0.0.1:58525 localEndPoint: 127.0.0.1:58524
TpTrace Verbose: 0 : 29088, 7, 2023/11/06, 16:31:25.736, 5245857338224, vstest.console.dll, TcpClientExtensions.MessageLoopAsync: NotifyDataAvailable remoteEndPoint: 127.0.0.1:58525 localEndPoint: 127.0.0.1:58524
TpTrace Verbose: 0 : 29088, 7, 2023/11/06, 16:31:25.737, 5245857338719, vstest.console.dll, LengthPrefixCommunicationChannel.NotifyDataAvailable: New data are waiting to be received, but there is no subscriber to be notified. Not reading them from the stream.
TpTrace Verbose: 0 : 29088, 7, 2023/11/06, 16:31:25.737, 5245857339145, vstest.console.dll, TcpClientExtensions.MessageLoopAsync: Polling on remoteEndPoint: 127.0.0.1:58525 localEndPoint: 127.0.0.1:58524
TpTrace Verbose: 0 : 29088, 7, 2023/11/06, 16:31:25.737, 5245857339581, vstest.console.dll, TcpClientExtensions.MessageLoopAsync: NotifyDataAvailable remoteEndPoint: 127.0.0.1:58525 localEndPoint: 127.0.0.1:58524
TpTrace Verbose: 0 : 29088, 7, 2023/11/06, 16:31:25.737, 5245857340009, vstest.console.dll, LengthPrefixCommunicationChannel.NotifyDataAvailable: New data are waiting to be received, but there is no subscriber to be notified. Not reading them from the stream.
TpTrace Verbose: 0 : 29088, 7, 2023/11/06, 16:31:25.737, 5245857340416, vstest.console.dll, TcpClientExtensions.MessageLoopAsync: Polling on remoteEndPoint: 127.0.0.1:58525 localEndPoint: 127.0.0.1:58524
TpTrace Verbose: 0 : 29088, 7, 2023/11/06, 16:31:25.737, 5245857340838, vstest.console.dll, TcpClientExtensions.MessageLoopAsync: NotifyDataAvailable remoteEndPoint: 127.0.0.1:58525 localEndPoint: 127.0.0.1:58524
TpTrace Verbose: 0 : 29088, 7, 2023/11/06, 16:31:25.737, 5245857345112, vstest.console.dll, TestRequestSender.OnExecutionMessageReceived: Received message: {"Version":7,"MessageType":"TestSession.Message","Payload":{"MessageLevel":0,"Message":"Logging TestHost Diagnostics in file: D:\\Testovi\\4CreateTest\\Test4Create.Application.UnitTests\\bin\\Debug\\net7.0\\fine-code-coverage\\coverage-tool-output\\diagnostics.host.23-11-06_16-31-25_44408_5.log"}}
TpTrace Verbose: 0 : 29088, 7, 2023/11/06, 16:31:25.739, 5245857365802, vstest.console.dll, TestRunRequest:SendTestRunMessage: Starting.
TpTrace Verbose: 0 : 29088, 7, 2023/11/06, 16:31:25.739, 5245857367803, vstest.console.dll, MulticastDelegateUtilities.SafeInvoke: TestRun.LogMessages: Invoking callback 1/1 for Microsoft.VisualStudio.TestPlatform.CommandLine.TestRunResultAggregator., took 0 ms.
TpTrace Information: 0 : 29088, 7, 2023/11/06, 16:31:25.739, 5245857368122, vstest.console.dll, TestRunRequest:SendTestRunMessage: Completed.
TpTrace Verbose: 0 : 29088, 4, 2023/11/06, 16:31:25.739, 5245857368229, vstest.console.dll, MulticastDelegateUtilities.SafeInvoke: InternalTestLoggerEvents.SendTestRunMessage: Invoking callback 1/1 for Microsoft.VisualStudio.TestPlatform.CommandLine.Internal.ConsoleLogger., took 0 ms.
TpTrace Verbose: 0 : 29088, 7, 2023/11/06, 16:31:25.740, 5245857368465, vstest.console.dll, MulticastDelegateUtilities.SafeInvoke: LengthPrefixCommunicationChannel: MessageReceived: Invoking callback 1/1 for Microsoft.VisualStudio.TestPlatform.CommunicationUtilities.TestRequestSender+<>c__DisplayClass34_0., took 2 ms.
TpTrace Verbose: 0 : 29088, 7, 2023/11/06, 16:31:25.740, 5245857370970, vstest.console.dll, TcpClientExtensions.MessageLoopAsync: Polling on remoteEndPoint: 127.0.0.1:58525 localEndPoint: 127.0.0.1:58524
TpTrace Verbose: 0 : 29088, 5, 2023/11/06, 16:31:25.741, 5245857386764, vstest.console.dll, TestRequestSender.StartTestRun: Sending test run with message: {"Version":7,"MessageType":"TestExecution.StartWithSources","Payload":{"AdapterSourceMap":{"_none_":["D:\\Testovi\\4CreateTest\\Test4Create.Application.UnitTests\\bin\\Debug\\net7.0\\fine-code-coverage\\build-output\\Test4Create.Application.UnitTests.dll"]},"RunSettings":"<RunSettings>\r\n  <RunConfiguration>\r\n    <ResultsDirectory>D:\\Testovi\\4CreateTest\\Test4Create.Application.UnitTests\\bin\\Debug\\net7.0\\fine-code-coverage\\coverage-tool-output</ResultsDirectory>\r\n    <TargetFrameworkVersion>.NETCoreApp,Version=v7.0</TargetFrameworkVersion>\r\n    <DesignMode>False</DesignMode>\r\n    <CollectSourceInformation>False</CollectSourceInformation>\r\n  </RunConfiguration>\r\n  <LoggerRunSettings>\r\n    <Loggers>\r\n      <Logger friendlyName=\"blame\" enabled=\"True\" />\r\n      <Logger friendlyName=\"Console\" uri=\"logger://microsoft/TestPlatform/ConsoleLogger/v1\" assemblyQualifiedName=\"Microsoft.VisualStudio.TestPlatform.CommandLine.Internal.ConsoleLogger, vstest.console, Version=15.0.0.0, Culture=neutral, PublicKeyToken=b03f5f7f11d50a3a\" codeBase=\"C:\\Program Files\\dotnet\\sdk\\8.0.100-rc.2.23502.2\\vstest.console.dll\" enabled=\"True\" />\r\n    </Loggers>\r\n  </LoggerRunSettings>\r\n  <DataCollectionRunSettings>\r\n    <DataCollectors>\r\n      <DataCollector friendlyName=\"blame\" enabled=\"True\">\r\n        <Configuration>\r\n          <ResultsDirectory>D:\\Testovi\\4CreateTest\\Test4Create.Application.UnitTests\\bin\\Debug\\net7.0\\fine-code-coverage\\coverage-tool-output</ResultsDirectory>\r\n        </Configuration>\r\n      </DataCollector>\r\n    </DataCollectors>\r\n  </DataCollectionRunSettings>\r\n</RunSettings>","TestExecutionContext":{"FrequencyOfRunStatsChangeEvent":10,"RunStatsChangeEventTimeout":"00:00:01.5000000","InIsolation":false,"KeepAlive":false,"AreTestCaseLevelEventsRequired":false,"IsDebug":false,"TestCaseFilter":null,"FilterOptions":null},"Package":null}}
TpTrace Verbose: 0 : 29088, 5, 2023/11/06, 16:31:25.742, 5245857389481, vstest.console.dll, ParallelProxyExecutionManager.StartTestRunOnConcurrentManager: Execution started. Started clients: 1
TpTrace Verbose: 0 : 29088, 7, 2023/11/06, 16:31:25.864, 5245858612503, vstest.console.dll, TcpClientExtensions.MessageLoopAsync: NotifyDataAvailable remoteEndPoint: 127.0.0.1:58525 localEndPoint: 127.0.0.1:58524
TpTrace Verbose: 0 : 29088, 7, 2023/11/06, 16:31:25.864, 5245858614825, vstest.console.dll, TestRequestSender.OnExecutionMessageReceived: Received message: {"Version":7,"MessageType":"TestSession.Message","Payload":{"MessageLevel":0,"Message":"[xUnit.net 00:00:00.00] xUnit.net VSTest Adapter v2.4.5+1caef2f33e (64-bit .NET 7.0.13)"}}
TpTrace Verbose: 0 : 29088, 7, 2023/11/06, 16:31:25.864, 5245858617357, vstest.console.dll, TestRunRequest:SendTestRunMessage: Starting.
TpTrace Verbose: 0 : 29088, 7, 2023/11/06, 16:31:25.864, 5245858618210, vstest.console.dll, MulticastDelegateUtilities.SafeInvoke: TestRun.LogMessages: Invoking callback 1/1 for Microsoft.VisualStudio.TestPlatform.CommandLine.TestRunResultAggregator., took 0 ms.
TpTrace Information: 0 : 29088, 7, 2023/11/06, 16:31:25.865, 5245858618691, vstest.console.dll, TestRunRequest:SendTestRunMessage: Completed.
TpTrace Verbose: 0 : 29088, 7, 2023/11/06, 16:31:25.865, 5245858619225, vstest.console.dll, MulticastDelegateUtilities.SafeInvoke: LengthPrefixCommunicationChannel: MessageReceived: Invoking callback 1/1 for Microsoft.VisualStudio.TestPlatform.CommunicationUtilities.TestRequestSender+<>c__DisplayClass34_0., took 0 ms.
TpTrace Verbose: 0 : 29088, 4, 2023/11/06, 16:31:25.865, 5245858619294, vstest.console.dll, MulticastDelegateUtilities.SafeInvoke: InternalTestLoggerEvents.SendTestRunMessage: Invoking callback 1/1 for Microsoft.VisualStudio.TestPlatform.CommandLine.Internal.ConsoleLogger., took 0 ms.
TpTrace Verbose: 0 : 29088, 7, 2023/11/06, 16:31:25.865, 5245858621214, vstest.console.dll, TcpClientExtensions.MessageLoopAsync: Polling on remoteEndPoint: 127.0.0.1:58525 localEndPoint: 127.0.0.1:58524
TpTrace Verbose: 0 : 29088, 7, 2023/11/06, 16:31:26.369, 5245863660146, vstest.console.dll, TcpClientExtensions.MessageLoopAsync: NotifyDataAvailable remoteEndPoint: 127.0.0.1:58525 localEndPoint: 127.0.0.1:58524
TpTrace Verbose: 0 : 29088, 7, 2023/11/06, 16:31:26.369, 5245863663947, vstest.console.dll, TestRequestSender.OnExecutionMessageReceived: Received message: {"Version":7,"MessageType":"TestSession.Message","Payload":{"MessageLevel":0,"Message":"[xUnit.net 00:00:00.50]   Discovering: Test4Create.Application.UnitTests"}}
TpTrace Verbose: 0 : 29088, 7, 2023/11/06, 16:31:26.369, 5245863666398, vstest.console.dll, TestRunRequest:SendTestRunMessage: Starting.
TpTrace Verbose: 0 : 29088, 7, 2023/11/06, 16:31:26.369, 5245863667474, vstest.console.dll, MulticastDelegateUtilities.SafeInvoke: TestRun.LogMessages: Invoking callback 1/1 for Microsoft.VisualStudio.TestPlatform.CommandLine.TestRunResultAggregator., took 0 ms.
TpTrace Information: 0 : 29088, 7, 2023/11/06, 16:31:26.369, 5245863668077, vstest.console.dll, TestRunRequest:SendTestRunMessage: Completed.
TpTrace Verbose: 0 : 29088, 4, 2023/11/06, 16:31:26.369, 5245863668167, vstest.console.dll, MulticastDelegateUtilities.SafeInvoke: InternalTestLoggerEvents.SendTestRunMessage: Invoking callback 1/1 for Microsoft.VisualStudio.TestPlatform.CommandLine.Internal.ConsoleLogger., took 0 ms.
TpTrace Verbose: 0 : 29088, 7, 2023/11/06, 16:31:26.370, 5245863668757, vstest.console.dll, MulticastDelegateUtilities.SafeInvoke: LengthPrefixCommunicationChannel: MessageReceived: Invoking callback 1/1 for Microsoft.VisualStudio.TestPlatform.CommunicationUtilities.TestRequestSender+<>c__DisplayClass34_0., took 0 ms.
TpTrace Verbose: 0 : 29088, 7, 2023/11/06, 16:31:26.370, 5245863671148, vstest.console.dll, TcpClientExtensions.MessageLoopAsync: Polling on remoteEndPoint: 127.0.0.1:58525 localEndPoint: 127.0.0.1:58524
TpTrace Verbose: 0 : 29088, 7, 2023/11/06, 16:31:26.392, 5245863892365, vstest.console.dll, TcpClientExtensions.MessageLoopAsync: NotifyDataAvailable remoteEndPoint: 127.0.0.1:58525 localEndPoint: 127.0.0.1:58524
TpTrace Verbose: 0 : 29088, 7, 2023/11/06, 16:31:26.392, 5245863895077, vstest.console.dll, TestRequestSender.OnExecutionMessageReceived: Received message: {"Version":7,"MessageType":"TestSession.Message","Payload":{"MessageLevel":0,"Message":"[xUnit.net 00:00:00.53]   Discovered:  Test4Create.Application.UnitTests"}}
TpTrace Verbose: 0 : 29088, 7, 2023/11/06, 16:31:26.392, 5245863897243, vstest.console.dll, TestRunRequest:SendTestRunMessage: Starting.
TpTrace Verbose: 0 : 29088, 7, 2023/11/06, 16:31:26.392, 5245863898245, vstest.console.dll, MulticastDelegateUtilities.SafeInvoke: TestRun.LogMessages: Invoking callback 1/1 for Microsoft.VisualStudio.TestPlatform.CommandLine.TestRunResultAggregator., took 0 ms.
TpTrace Information: 0 : 29088, 7, 2023/11/06, 16:31:26.393, 5245863898966, vstest.console.dll, TestRunRequest:SendTestRunMessage: Completed.
TpTrace Verbose: 0 : 29088, 4, 2023/11/06, 16:31:26.393, 5245863899415, vstest.console.dll, MulticastDelegateUtilities.SafeInvoke: InternalTestLoggerEvents.SendTestRunMessage: Invoking callback 1/1 for Microsoft.VisualStudio.TestPlatform.CommandLine.Internal.ConsoleLogger., took 0 ms.
TpTrace Verbose: 0 : 29088, 7, 2023/11/06, 16:31:26.393, 5245863899629, vstest.console.dll, MulticastDelegateUtilities.SafeInvoke: LengthPrefixCommunicationChannel: MessageReceived: Invoking callback 1/1 for Microsoft.VisualStudio.TestPlatform.CommunicationUtilities.TestRequestSender+<>c__DisplayClass34_0., took 0 ms.
TpTrace Verbose: 0 : 29088, 7, 2023/11/06, 16:31:26.393, 5245863902151, vstest.console.dll, TcpClientExtensions.MessageLoopAsync: Polling on remoteEndPoint: 127.0.0.1:58525 localEndPoint: 127.0.0.1:58524
TpTrace Verbose: 0 : 29088, 7, 2023/11/06, 16:31:26.394, 5245863917003, vstest.console.dll, TcpClientExtensions.MessageLoopAsync: NotifyDataAvailable remoteEndPoint: 127.0.0.1:58525 localEndPoint: 127.0.0.1:58524
TpTrace Verbose: 0 : 29088, 7, 2023/11/06, 16:31:26.394, 5245863917635, vstest.console.dll, TestRequestSender.OnExecutionMessageReceived: Received message: {"Version":7,"MessageType":"TestSession.Message","Payload":{"MessageLevel":0,"Message":"[xUnit.net 00:00:00.53]   Starting:    Test4Create.Application.UnitTests"}}
TpTrace Verbose: 0 : 29088, 7, 2023/11/06, 16:31:26.394, 5245863918225, vstest.console.dll, TestRunRequest:SendTestRunMessage: Starting.
TpTrace Verbose: 0 : 29088, 7, 2023/11/06, 16:31:26.395, 5245863918571, vstest.console.dll, MulticastDelegateUtilities.SafeInvoke: TestRun.LogMessages: Invoking callback 1/1 for Microsoft.VisualStudio.TestPlatform.CommandLine.TestRunResultAggregator., took 0 ms.
TpTrace Information: 0 : 29088, 7, 2023/11/06, 16:31:26.395, 5245863918781, vstest.console.dll, TestRunRequest:SendTestRunMessage: Completed.
TpTrace Verbose: 0 : 29088, 7, 2023/11/06, 16:31:26.395, 5245863918973, vstest.console.dll, MulticastDelegateUtilities.SafeInvoke: LengthPrefixCommunicationChannel: MessageReceived: Invoking callback 1/1 for Microsoft.VisualStudio.TestPlatform.CommunicationUtilities.TestRequestSender+<>c__DisplayClass34_0., took 0 ms.
TpTrace Verbose: 0 : 29088, 7, 2023/11/06, 16:31:26.395, 5245863919182, vstest.console.dll, TcpClientExtensions.MessageLoopAsync: Polling on remoteEndPoint: 127.0.0.1:58525 localEndPoint: 127.0.0.1:58524
TpTrace Verbose: 0 : 29088, 4, 2023/11/06, 16:31:26.395, 5245863919606, vstest.console.dll, MulticastDelegateUtilities.SafeInvoke: InternalTestLoggerEvents.SendTestRunMessage: Invoking callback 1/1 for Microsoft.VisualStudio.TestPlatform.CommandLine.Internal.ConsoleLogger., took 0 ms.
TpTrace Verbose: 0 : 29088, 7, 2023/11/06, 16:31:26.530, 5245865272191, vstest.console.dll, TcpClientExtensions.MessageLoopAsync: NotifyDataAvailable remoteEndPoint: 127.0.0.1:58525 localEndPoint: 127.0.0.1:58524
TpTrace Verbose: 0 : 29088, 7, 2023/11/06, 16:31:26.530, 5245865274326, vstest.console.dll, TestRequestSender.OnExecutionMessageReceived: Received message: {"Version":7,"MessageType":"TestSession.Message","Payload":{"MessageLevel":2,"Message":"[xUnit.net 00:00:00.66]     Test4Create.Application.UnitTests.Company.CreateCompanyTests.Handle_GivenValidRequest_ShouldCreateCompany [FAIL]"}}
TpTrace Verbose: 0 : 29088, 7, 2023/11/06, 16:31:26.530, 5245865276010, vstest.console.dll, TestRunRequest:SendTestRunMessage: Starting.
TpTrace Verbose: 0 : 29088, 7, 2023/11/06, 16:31:26.530, 5245865276847, vstest.console.dll, MulticastDelegateUtilities.SafeInvoke: TestRun.LogMessages: Invoking callback 1/1 for Microsoft.VisualStudio.TestPlatform.CommandLine.TestRunResultAggregator., took 0 ms.
TpTrace Information: 0 : 29088, 7, 2023/11/06, 16:31:26.530, 5245865277296, vstest.console.dll, TestRunRequest:SendTestRunMessage: Completed.
TpTrace Verbose: 0 : 29088, 7, 2023/11/06, 16:31:26.530, 5245865277782, vstest.console.dll, MulticastDelegateUtilities.SafeInvoke: LengthPrefixCommunicationChannel: MessageReceived: Invoking callback 1/1 for Microsoft.VisualStudio.TestPlatform.CommunicationUtilities.TestRequestSender+<>c__DisplayClass34_0., took 0 ms.
TpTrace Verbose: 0 : 29088, 7, 2023/11/06, 16:31:26.531, 5245865278662, vstest.console.dll, TcpClientExtensions.MessageLoopAsync: Polling on remoteEndPoint: 127.0.0.1:58525 localEndPoint: 127.0.0.1:58524
TpTrace Verbose: 0 : 29088, 7, 2023/11/06, 16:31:26.531, 5245865279403, vstest.console.dll, TcpClientExtensions.MessageLoopAsync: NotifyDataAvailable remoteEndPoint: 127.0.0.1:58525 localEndPoint: 127.0.0.1:58524
TpTrace Verbose: 0 : 29088, 4, 2023/11/06, 16:31:26.531, 5245865279496, vstest.console.dll, MulticastDelegateUtilities.SafeInvoke: InternalTestLoggerEvents.SendTestRunMessage: Invoking callback 1/1 for Microsoft.VisualStudio.TestPlatform.CommandLine.Internal.ConsoleLogger., took 0 ms.
TpTrace Verbose: 0 : 29088, 7, 2023/11/06, 16:31:26.531, 5245865281598, vstest.console.dll, TestRequestSender.OnExecutionMessageReceived: Received message: {"Version":7,"MessageType":"TestSession.Message","Payload":{"MessageLevel":0,"Message":"[xUnit.net 00:00:00.66]       System.NotSupportedException : Specified method is not supported."}}
TpTrace Verbose: 0 : 29088, 7, 2023/11/06, 16:31:26.531, 5245865284307, vstest.console.dll, TestRunRequest:SendTestRunMessage: Starting.
TpTrace Verbose: 0 : 29088, 7, 2023/11/06, 16:31:26.531, 5245865285609, vstest.console.dll, MulticastDelegateUtilities.SafeInvoke: TestRun.LogMessages: Invoking callback 1/1 for Microsoft.VisualStudio.TestPlatform.CommandLine.TestRunResultAggregator., took 0 ms.
TpTrace Verbose: 0 : 29088, 4, 2023/11/06, 16:31:26.531, 5245865285980, vstest.console.dll, MulticastDelegateUtilities.SafeInvoke: InternalTestLoggerEvents.SendTestRunMessage: Invoking callback 1/1 for Microsoft.VisualStudio.TestPlatform.CommandLine.Internal.ConsoleLogger., took 0 ms.
TpTrace Information: 0 : 29088, 7, 2023/11/06, 16:31:26.531, 5245865286340, vstest.console.dll, TestRunRequest:SendTestRunMessage: Completed.
TpTrace Verbose: 0 : 29088, 7, 2023/11/06, 16:31:26.532, 5245865288537, vstest.console.dll, MulticastDelegateUtilities.SafeInvoke: LengthPrefixCommunicationChannel: MessageReceived: Invoking callback 1/1 for Microsoft.VisualStudio.TestPlatform.CommunicationUtilities.TestRequestSender+<>c__DisplayClass34_0., took 0 ms.
TpTrace Verbose: 0 : 29088, 7, 2023/11/06, 16:31:26.532, 5245865289380, vstest.console.dll, TcpClientExtensions.MessageLoopAsync: Polling on remoteEndPoint: 127.0.0.1:58525 localEndPoint: 127.0.0.1:58524
TpTrace Verbose: 0 : 29088, 7, 2023/11/06, 16:31:26.532, 5245865291346, vstest.console.dll, TcpClientExtensions.MessageLoopAsync: NotifyDataAvailable remoteEndPoint: 127.0.0.1:58525 localEndPoint: 127.0.0.1:58524
TpTrace Verbose: 0 : 29088, 7, 2023/11/06, 16:31:26.532, 5245865292581, vstest.console.dll, TestRequestSender.OnExecutionMessageReceived: Received message: {"Version":7,"MessageType":"TestSession.Message","Payload":{"MessageLevel":0,"Message":"[xUnit.net 00:00:00.67]       Stack Trace:"}}
TpTrace Verbose: 0 : 29088, 7, 2023/11/06, 16:31:26.532, 5245865294563, vstest.console.dll, TestRunRequest:SendTestRunMessage: Starting.
TpTrace Verbose: 0 : 29088, 7, 2023/11/06, 16:31:26.532, 5245865295471, vstest.console.dll, MulticastDelegateUtilities.SafeInvoke: TestRun.LogMessages: Invoking callback 1/1 for Microsoft.VisualStudio.TestPlatform.CommandLine.TestRunResultAggregator., took 0 ms.
TpTrace Information: 0 : 29088, 7, 2023/11/06, 16:31:26.532, 5245865295975, vstest.console.dll, TestRunRequest:SendTestRunMessage: Completed.
TpTrace Verbose: 0 : 29088, 4, 2023/11/06, 16:31:26.532, 5245865296190, vstest.console.dll, MulticastDelegateUtilities.SafeInvoke: InternalTestLoggerEvents.SendTestRunMessage: Invoking callback 1/1 for Microsoft.VisualStudio.TestPlatform.CommandLine.Internal.ConsoleLogger., took 0 ms.
TpTrace Verbose: 0 : 29088, 7, 2023/11/06, 16:31:26.532, 5245865296453, vstest.console.dll, MulticastDelegateUtilities.SafeInvoke: LengthPrefixCommunicationChannel: MessageReceived: Invoking callback 1/1 for Microsoft.VisualStudio.TestPlatform.CommunicationUtilities.TestRequestSender+<>c__DisplayClass34_0., took 0 ms.
TpTrace Verbose: 0 : 29088, 7, 2023/11/06, 16:31:26.532, 5245865298106, vstest.console.dll, TcpClientExtensions.MessageLoopAsync: Polling on remoteEndPoint: 127.0.0.1:58525 localEndPoint: 127.0.0.1:58524
TpTrace Verbose: 0 : 29088, 7, 2023/11/06, 16:31:26.533, 5245865298639, vstest.console.dll, TcpClientExtensions.MessageLoopAsync: NotifyDataAvailable remoteEndPoint: 127.0.0.1:58525 localEndPoint: 127.0.0.1:58524
TpTrace Verbose: 0 : 29088, 7, 2023/11/06, 16:31:26.533, 5245865299224, vstest.console.dll, TestRequestSender.OnExecutionMessageReceived: Received message: {"Version":7,"MessageType":"TestSession.Message","Payload":{"MessageLevel":0,"Message":"[xUnit.net 00:00:00.67]            at Microsoft.EntityFrameworkCore.DbSet`1.System.Linq.IQueryable.get_Provider()"}}
TpTrace Verbose: 0 : 29088, 7, 2023/11/06, 16:31:26.533, 5245865300163, vstest.console.dll, TestRunRequest:SendTestRunMessage: Starting.
TpTrace Verbose: 0 : 29088, 7, 2023/11/06, 16:31:26.533, 5245865300628, vstest.console.dll, MulticastDelegateUtilities.SafeInvoke: TestRun.LogMessages: Invoking callback 1/1 for Microsoft.VisualStudio.TestPlatform.CommandLine.TestRunResultAggregator., took 0 ms.
TpTrace Information: 0 : 29088, 7, 2023/11/06, 16:31:26.533, 5245865300848, vstest.console.dll, TestRunRequest:SendTestRunMessage: Completed.
TpTrace Verbose: 0 : 29088, 7, 2023/11/06, 16:31:26.533, 5245865301079, vstest.console.dll, MulticastDelegateUtilities.SafeInvoke: LengthPrefixCommunicationChannel: MessageReceived: Invoking callback 1/1 for Microsoft.VisualStudio.TestPlatform.CommunicationUtilities.TestRequestSender+<>c__DisplayClass34_0., took 0 ms.
TpTrace Verbose: 0 : 29088, 4, 2023/11/06, 16:31:26.533, 5245865301049, vstest.console.dll, MulticastDelegateUtilities.SafeInvoke: InternalTestLoggerEvents.SendTestRunMessage: Invoking callback 1/1 for Microsoft.VisualStudio.TestPlatform.CommandLine.Internal.ConsoleLogger., took 0 ms.
TpTrace Verbose: 0 : 29088, 7, 2023/11/06, 16:31:26.533, 5245865301380, vstest.console.dll, TcpClientExtensions.MessageLoopAsync: Polling on remoteEndPoint: 127.0.0.1:58525 localEndPoint: 127.0.0.1:58524
TpTrace Verbose: 0 : 29088, 7, 2023/11/06, 16:31:26.533, 5245865302620, vstest.console.dll, TcpClientExtensions.MessageLoopAsync: NotifyDataAvailable remoteEndPoint: 127.0.0.1:58525 localEndPoint: 127.0.0.1:58524
TpTrace Verbose: 0 : 29088, 7, 2023/11/06, 16:31:26.533, 5245865303765, vstest.console.dll, TestRequestSender.OnExecutionMessageReceived: Received message: {"Version":7,"MessageType":"TestSession.Message","Payload":{"MessageLevel":0,"Message":"[xUnit.net 00:00:00.67]            at System.Linq.Queryable.Where[TSource](IQueryable`1 source, Expression`1 predicate)"}}
TpTrace Verbose: 0 : 29088, 7, 2023/11/06, 16:31:26.533, 5245865304915, vstest.console.dll, TestRunRequest:SendTestRunMessage: Starting.
TpTrace Verbose: 0 : 29088, 7, 2023/11/06, 16:31:26.533, 5245865305453, vstest.console.dll, MulticastDelegateUtilities.SafeInvoke: TestRun.LogMessages: Invoking callback 1/1 for Microsoft.VisualStudio.TestPlatform.CommandLine.TestRunResultAggregator., took 0 ms.
TpTrace Information: 0 : 29088, 7, 2023/11/06, 16:31:26.533, 5245865305670, vstest.console.dll, TestRunRequest:SendTestRunMessage: Completed.
TpTrace Verbose: 0 : 29088, 7, 2023/11/06, 16:31:26.533, 5245865305884, vstest.console.dll, MulticastDelegateUtilities.SafeInvoke: LengthPrefixCommunicationChannel: MessageReceived: Invoking callback 1/1 for Microsoft.VisualStudio.TestPlatform.CommunicationUtilities.TestRequestSender+<>c__DisplayClass34_0., took 0 ms.
TpTrace Verbose: 0 : 29088, 4, 2023/11/06, 16:31:26.533, 5245865305999, vstest.console.dll, MulticastDelegateUtilities.SafeInvoke: InternalTestLoggerEvents.SendTestRunMessage: Invoking callback 1/1 for Microsoft.VisualStudio.TestPlatform.CommandLine.Internal.ConsoleLogger., took 0 ms.
TpTrace Verbose: 0 : 29088, 7, 2023/11/06, 16:31:26.533, 5245865306128, vstest.console.dll, TcpClientExtensions.MessageLoopAsync: Polling on remoteEndPoint: 127.0.0.1:58525 localEndPoint: 127.0.0.1:58524
TpTrace Verbose: 0 : 29088, 7, 2023/11/06, 16:31:26.533, 5245865308024, vstest.console.dll, TcpClientExtensions.MessageLoopAsync: NotifyDataAvailable remoteEndPoint: 127.0.0.1:58525 localEndPoint: 127.0.0.1:58524
TpTrace Verbose: 0 : 29088, 7, 2023/11/06, 16:31:26.534, 5245865308631, vstest.console.dll, TestRequestSender.OnExecutionMessageReceived: Received message: {"Version":7,"MessageType":"TestSession.Message","Payload":{"MessageLevel":0,"Message":"[xUnit.net 00:00:00.67]         D:\\Testovi\\4CreateTest\\Application\\Companies\\Commands\\CreateCompany\\CreateCompany.cs(51,0): at Application.Companies.Commands.CreateCompany.CreateCompanyCommandHandler.Handle(CreateCompanyCommand request, CancellationToken cancellationToken)"}}
TpTrace Verbose: 0 : 29088, 7, 2023/11/06, 16:31:26.534, 5245865309529, vstest.console.dll, TestRunRequest:SendTestRunMessage: Starting.
TpTrace Verbose: 0 : 29088, 7, 2023/11/06, 16:31:26.534, 5245865309928, vstest.console.dll, MulticastDelegateUtilities.SafeInvoke: TestRun.LogMessages: Invoking callback 1/1 for Microsoft.VisualStudio.TestPlatform.CommandLine.TestRunResultAggregator., took 0 ms.
TpTrace Information: 0 : 29088, 7, 2023/11/06, 16:31:26.534, 5245865310217, vstest.console.dll, TestRunRequest:SendTestRunMessage: Completed.
TpTrace Verbose: 0 : 29088, 4, 2023/11/06, 16:31:26.534, 5245865310499, vstest.console.dll, MulticastDelegateUtilities.SafeInvoke: InternalTestLoggerEvents.SendTestRunMessage: Invoking callback 1/1 for Microsoft.VisualStudio.TestPlatform.CommandLine.Internal.ConsoleLogger., took 0 ms.
TpTrace Verbose: 0 : 29088, 7, 2023/11/06, 16:31:26.534, 5245865310610, vstest.console.dll, MulticastDelegateUtilities.SafeInvoke: LengthPrefixCommunicationChannel: MessageReceived: Invoking callback 1/1 for Microsoft.VisualStudio.TestPlatform.CommunicationUtilities.TestRequestSender+<>c__DisplayClass34_0., took 0 ms.
TpTrace Verbose: 0 : 29088, 7, 2023/11/06, 16:31:26.534, 5245865312150, vstest.console.dll, TcpClientExtensions.MessageLoopAsync: Polling on remoteEndPoint: 127.0.0.1:58525 localEndPoint: 127.0.0.1:58524
TpTrace Verbose: 0 : 29088, 7, 2023/11/06, 16:31:26.534, 5245865312509, vstest.console.dll, TcpClientExtensions.MessageLoopAsync: NotifyDataAvailable remoteEndPoint: 127.0.0.1:58525 localEndPoint: 127.0.0.1:58524
TpTrace Verbose: 0 : 29088, 7, 2023/11/06, 16:31:26.534, 5245865313366, vstest.console.dll, TestRequestSender.OnExecutionMessageReceived: Received message: {"Version":7,"MessageType":"TestSession.Message","Payload":{"MessageLevel":0,"Message":"[xUnit.net 00:00:00.67]         D:\\Testovi\\4CreateTest\\Test4Create.Application.UnitTests\\Company\\CreateCompanyTests.cs(49,0): at Test4Create.Application.UnitTests.Company.CreateCompanyTests.Handle_GivenValidRequest_ShouldCreateCompany()"}}
TpTrace Verbose: 0 : 29088, 7, 2023/11/06, 16:31:26.534, 5245865314798, vstest.console.dll, TestRunRequest:SendTestRunMessage: Starting.
TpTrace Verbose: 0 : 29088, 7, 2023/11/06, 16:31:26.534, 5245865315332, vstest.console.dll, MulticastDelegateUtilities.SafeInvoke: TestRun.LogMessages: Invoking callback 1/1 for Microsoft.VisualStudio.TestPlatform.CommandLine.TestRunResultAggregator., took 0 ms.
TpTrace Information: 0 : 29088, 7, 2023/11/06, 16:31:26.534, 5245865315559, vstest.console.dll, TestRunRequest:SendTestRunMessage: Completed.
TpTrace Verbose: 0 : 29088, 4, 2023/11/06, 16:31:26.534, 5245865315601, vstest.console.dll, MulticastDelegateUtilities.SafeInvoke: InternalTestLoggerEvents.SendTestRunMessage: Invoking callback 1/1 for Microsoft.VisualStudio.TestPlatform.CommandLine.Internal.ConsoleLogger., took 0 ms.
TpTrace Verbose: 0 : 29088, 7, 2023/11/06, 16:31:26.534, 5245865315849, vstest.console.dll, MulticastDelegateUtilities.SafeInvoke: LengthPrefixCommunicationChannel: MessageReceived: Invoking callback 1/1 for Microsoft.VisualStudio.TestPlatform.CommunicationUtilities.TestRequestSender+<>c__DisplayClass34_0., took 0 ms.
TpTrace Verbose: 0 : 29088, 7, 2023/11/06, 16:31:26.534, 5245865316907, vstest.console.dll, TcpClientExtensions.MessageLoopAsync: Polling on remoteEndPoint: 127.0.0.1:58525 localEndPoint: 127.0.0.1:58524
TpTrace Verbose: 0 : 29088, 7, 2023/11/06, 16:31:26.534, 5245865317329, vstest.console.dll, TcpClientExtensions.MessageLoopAsync: NotifyDataAvailable remoteEndPoint: 127.0.0.1:58525 localEndPoint: 127.0.0.1:58524
TpTrace Verbose: 0 : 29088, 7, 2023/11/06, 16:31:26.534, 5245865317750, vstest.console.dll, TestRequestSender.OnExecutionMessageReceived: Received message: {"Version":7,"MessageType":"TestSession.Message","Payload":{"MessageLevel":0,"Message":"[xUnit.net 00:00:00.67]         --- End of stack trace from previous location ---"}}
TpTrace Verbose: 0 : 29088, 7, 2023/11/06, 16:31:26.534, 5245865318302, vstest.console.dll, TestRunRequest:SendTestRunMessage: Starting.
TpTrace Verbose: 0 : 29088, 7, 2023/11/06, 16:31:26.535, 5245865318640, vstest.console.dll, MulticastDelegateUtilities.SafeInvoke: TestRun.LogMessages: Invoking callback 1/1 for Microsoft.VisualStudio.TestPlatform.CommandLine.TestRunResultAggregator., took 0 ms.
TpTrace Information: 0 : 29088, 7, 2023/11/06, 16:31:26.535, 5245865318853, vstest.console.dll, TestRunRequest:SendTestRunMessage: Completed.
TpTrace Verbose: 0 : 29088, 4, 2023/11/06, 16:31:26.535, 5245865318918, vstest.console.dll, MulticastDelegateUtilities.SafeInvoke: InternalTestLoggerEvents.SendTestRunMessage: Invoking callback 1/1 for Microsoft.VisualStudio.TestPlatform.CommandLine.Internal.ConsoleLogger., took 0 ms.
TpTrace Verbose: 0 : 29088, 7, 2023/11/06, 16:31:26.535, 5245865319112, vstest.console.dll, MulticastDelegateUtilities.SafeInvoke: LengthPrefixCommunicationChannel: MessageReceived: Invoking callback 1/1 for Microsoft.VisualStudio.TestPlatform.CommunicationUtilities.TestRequestSender+<>c__DisplayClass34_0., took 0 ms.
TpTrace Verbose: 0 : 29088, 7, 2023/11/06, 16:31:26.535, 5245865320100, vstest.console.dll, TcpClientExtensions.MessageLoopAsync: Polling on remoteEndPoint: 127.0.0.1:58525 localEndPoint: 127.0.0.1:58524
TpTrace Verbose: 0 : 29088, 7, 2023/11/06, 16:31:26.537, 5245865345328, vstest.console.dll, TcpClientExtensions.MessageLoopAsync: NotifyDataAvailable remoteEndPoint: 127.0.0.1:58525 localEndPoint: 127.0.0.1:58524
TpTrace Verbose: 0 : 29088, 7, 2023/11/06, 16:31:26.537, 5245865347204, vstest.console.dll, TestRequestSender.OnExecutionMessageReceived: Received message: {"Version":7,"MessageType":"TestSession.Message","Payload":{"MessageLevel":2,"Message":"[xUnit.net 00:00:00.67]     Test4Create.Application.UnitTests.Employee.Commands.CreateEmployeeTests.Handle_GivenValidRequest_ShouldCreateEmployee [FAIL]"}}
TpTrace Verbose: 0 : 29088, 7, 2023/11/06, 16:31:26.538, 5245865349820, vstest.console.dll, TestRunRequest:SendTestRunMessage: Starting.
TpTrace Verbose: 0 : 29088, 7, 2023/11/06, 16:31:26.538, 5245865350748, vstest.console.dll, MulticastDelegateUtilities.SafeInvoke: TestRun.LogMessages: Invoking callback 1/1 for Microsoft.VisualStudio.TestPlatform.CommandLine.TestRunResultAggregator., took 0 ms.
TpTrace Information: 0 : 29088, 7, 2023/11/06, 16:31:26.538, 5245865351185, vstest.console.dll, TestRunRequest:SendTestRunMessage: Completed.
TpTrace Verbose: 0 : 29088, 7, 2023/11/06, 16:31:26.538, 5245865351587, vstest.console.dll, MulticastDelegateUtilities.SafeInvoke: LengthPrefixCommunicationChannel: MessageReceived: Invoking callback 1/1 for Microsoft.VisualStudio.TestPlatform.CommunicationUtilities.TestRequestSender+<>c__DisplayClass34_0., took 0 ms.
TpTrace Verbose: 0 : 29088, 7, 2023/11/06, 16:31:26.538, 5245865352031, vstest.console.dll, TcpClientExtensions.MessageLoopAsync: Polling on remoteEndPoint: 127.0.0.1:58525 localEndPoint: 127.0.0.1:58524
TpTrace Verbose: 0 : 29088, 7, 2023/11/06, 16:31:26.538, 5245865352763, vstest.console.dll, TcpClientExtensions.MessageLoopAsync: NotifyDataAvailable remoteEndPoint: 127.0.0.1:58525 localEndPoint: 127.0.0.1:58524
TpTrace Verbose: 0 : 29088, 4, 2023/11/06, 16:31:26.538, 5245865352752, vstest.console.dll, MulticastDelegateUtilities.SafeInvoke: InternalTestLoggerEvents.SendTestRunMessage: Invoking callback 1/1 for Microsoft.VisualStudio.TestPlatform.CommandLine.Internal.ConsoleLogger., took 0 ms.
TpTrace Verbose: 0 : 29088, 7, 2023/11/06, 16:31:26.538, 5245865353751, vstest.console.dll, TestRequestSender.OnExecutionMessageReceived: Received message: {"Version":7,"MessageType":"TestSession.Message","Payload":{"MessageLevel":0,"Message":"[xUnit.net 00:00:00.67]       System.NotSupportedException : Specified method is not supported."}}
TpTrace Verbose: 0 : 29088, 7, 2023/11/06, 16:31:26.538, 5245865356863, vstest.console.dll, TestRunRequest:SendTestRunMessage: Starting.
TpTrace Verbose: 0 : 29088, 7, 2023/11/06, 16:31:26.538, 5245865357785, vstest.console.dll, MulticastDelegateUtilities.SafeInvoke: TestRun.LogMessages: Invoking callback 1/1 for Microsoft.VisualStudio.TestPlatform.CommandLine.TestRunResultAggregator., took 0 ms.
TpTrace Information: 0 : 29088, 7, 2023/11/06, 16:31:26.538, 5245865358259, vstest.console.dll, TestRunRequest:SendTestRunMessage: Completed.
TpTrace Verbose: 0 : 29088, 4, 2023/11/06, 16:31:26.538, 5245865358376, vstest.console.dll, MulticastDelegateUtilities.SafeInvoke: InternalTestLoggerEvents.SendTestRunMessage: Invoking callback 1/1 for Microsoft.VisualStudio.TestPlatform.CommandLine.Internal.ConsoleLogger., took 0 ms.
TpTrace Verbose: 0 : 29088, 7, 2023/11/06, 16:31:26.539, 5245865358749, vstest.console.dll, MulticastDelegateUtilities.SafeInvoke: LengthPrefixCommunicationChannel: MessageReceived: Invoking callback 1/1 for Microsoft.VisualStudio.TestPlatform.CommunicationUtilities.TestRequestSender+<>c__DisplayClass34_0., took 0 ms.
TpTrace Verbose: 0 : 29088, 7, 2023/11/06, 16:31:26.539, 5245865361208, vstest.console.dll, TcpClientExtensions.MessageLoopAsync: Polling on remoteEndPoint: 127.0.0.1:58525 localEndPoint: 127.0.0.1:58524
TpTrace Verbose: 0 : 29088, 7, 2023/11/06, 16:31:26.539, 5245865362145, vstest.console.dll, TcpClientExtensions.MessageLoopAsync: NotifyDataAvailable remoteEndPoint: 127.0.0.1:58525 localEndPoint: 127.0.0.1:58524
TpTrace Verbose: 0 : 29088, 7, 2023/11/06, 16:31:26.539, 5245865363902, vstest.console.dll, TestRequestSender.OnExecutionMessageReceived: Received message: {"Version":7,"MessageType":"TestSession.Message","Payload":{"MessageLevel":0,"Message":"[xUnit.net 00:00:00.67]       Stack Trace:"}}
TpTrace Verbose: 0 : 29088, 7, 2023/11/06, 16:31:26.539, 5245865365565, vstest.console.dll, TestRunRequest:SendTestRunMessage: Starting.
TpTrace Verbose: 0 : 29088, 7, 2023/11/06, 16:31:26.539, 5245865366538, vstest.console.dll, MulticastDelegateUtilities.SafeInvoke: TestRun.LogMessages: Invoking callback 1/1 for Microsoft.VisualStudio.TestPlatform.CommandLine.TestRunResultAggregator., took 0 ms.
TpTrace Verbose: 0 : 29088, 4, 2023/11/06, 16:31:26.539, 5245865366655, vstest.console.dll, MulticastDelegateUtilities.SafeInvoke: InternalTestLoggerEvents.SendTestRunMessage: Invoking callback 1/1 for Microsoft.VisualStudio.TestPlatform.CommandLine.Internal.ConsoleLogger., took 0 ms.
TpTrace Information: 0 : 29088, 7, 2023/11/06, 16:31:26.539, 5245865367481, vstest.console.dll, TestRunRequest:SendTestRunMessage: Completed.
TpTrace Verbose: 0 : 29088, 7, 2023/11/06, 16:31:26.540, 5245865369628, vstest.console.dll, MulticastDelegateUtilities.SafeInvoke: LengthPrefixCommunicationChannel: MessageReceived: Invoking callback 1/1 for Microsoft.VisualStudio.TestPlatform.CommunicationUtilities.TestRequestSender+<>c__DisplayClass34_0., took 0 ms.
TpTrace Verbose: 0 : 29088, 7, 2023/11/06, 16:31:26.540, 5245865370203, vstest.console.dll, TcpClientExtensions.MessageLoopAsync: Polling on remoteEndPoint: 127.0.0.1:58525 localEndPoint: 127.0.0.1:58524
TpTrace Verbose: 0 : 29088, 7, 2023/11/06, 16:31:26.540, 5245865370801, vstest.console.dll, TcpClientExtensions.MessageLoopAsync: NotifyDataAvailable remoteEndPoint: 127.0.0.1:58525 localEndPoint: 127.0.0.1:58524
TpTrace Verbose: 0 : 29088, 7, 2023/11/06, 16:31:26.540, 5245865372210, vstest.console.dll, TestRequestSender.OnExecutionMessageReceived: Received message: {"Version":7,"MessageType":"TestSession.Message","Payload":{"MessageLevel":0,"Message":"[xUnit.net 00:00:00.67]            at Microsoft.EntityFrameworkCore.DbSet`1.System.Linq.IQueryable.get_Provider()"}}
TpTrace Verbose: 0 : 29088, 7, 2023/11/06, 16:31:26.540, 5245865373474, vstest.console.dll, TestRunRequest:SendTestRunMessage: Starting.
TpTrace Verbose: 0 : 29088, 7, 2023/11/06, 16:31:26.540, 5245865374382, vstest.console.dll, MulticastDelegateUtilities.SafeInvoke: TestRun.LogMessages: Invoking callback 1/1 for Microsoft.VisualStudio.TestPlatform.CommandLine.TestRunResultAggregator., took 0 ms.
TpTrace Verbose: 0 : 29088, 4, 2023/11/06, 16:31:26.540, 5245865374827, vstest.console.dll, MulticastDelegateUtilities.SafeInvoke: InternalTestLoggerEvents.SendTestRunMessage: Invoking callback 1/1 for Microsoft.VisualStudio.TestPlatform.CommandLine.Internal.ConsoleLogger., took 0 ms.
TpTrace Information: 0 : 29088, 7, 2023/11/06, 16:31:26.540, 5245865376085, vstest.console.dll, TestRunRequest:SendTestRunMessage: Completed.
TpTrace Verbose: 0 : 29088, 7, 2023/11/06, 16:31:26.540, 5245865376556, vstest.console.dll, MulticastDelegateUtilities.SafeInvoke: LengthPrefixCommunicationChannel: MessageReceived: Invoking callback 1/1 for Microsoft.VisualStudio.TestPlatform.CommunicationUtilities.TestRequestSender+<>c__DisplayClass34_0., took 0 ms.
TpTrace Verbose: 0 : 29088, 7, 2023/11/06, 16:31:26.540, 5245865376826, vstest.console.dll, TcpClientExtensions.MessageLoopAsync: Polling on remoteEndPoint: 127.0.0.1:58525 localEndPoint: 127.0.0.1:58524
TpTrace Verbose: 0 : 29088, 7, 2023/11/06, 16:31:26.540, 5245865377159, vstest.console.dll, TcpClientExtensions.MessageLoopAsync: NotifyDataAvailable remoteEndPoint: 127.0.0.1:58525 localEndPoint: 127.0.0.1:58524
TpTrace Verbose: 0 : 29088, 7, 2023/11/06, 16:31:26.540, 5245865377874, vstest.console.dll, TestRequestSender.OnExecutionMessageReceived: Received message: {"Version":7,"MessageType":"TestSession.Message","Payload":{"MessageLevel":0,"Message":"[xUnit.net 00:00:00.67]            at System.Linq.Queryable.Where[TSource](IQueryable`1 source, Expression`1 predicate)"}}
TpTrace Verbose: 0 : 29088, 7, 2023/11/06, 16:31:26.541, 5245865378826, vstest.console.dll, TestRunRequest:SendTestRunMessage: Starting.
TpTrace Verbose: 0 : 29088, 7, 2023/11/06, 16:31:26.541, 5245865379299, vstest.console.dll, MulticastDelegateUtilities.SafeInvoke: TestRun.LogMessages: Invoking callback 1/1 for Microsoft.VisualStudio.TestPlatform.CommandLine.TestRunResultAggregator., took 0 ms.
TpTrace Information: 0 : 29088, 7, 2023/11/06, 16:31:26.541, 5245865379516, vstest.console.dll, TestRunRequest:SendTestRunMessage: Completed.
TpTrace Verbose: 0 : 29088, 4, 2023/11/06, 16:31:26.541, 5245865379730, vstest.console.dll, MulticastDelegateUtilities.SafeInvoke: InternalTestLoggerEvents.SendTestRunMessage: Invoking callback 1/1 for Microsoft.VisualStudio.TestPlatform.CommandLine.Internal.ConsoleLogger., took 0 ms.
TpTrace Verbose: 0 : 29088, 7, 2023/11/06, 16:31:26.541, 5245865379812, vstest.console.dll, MulticastDelegateUtilities.SafeInvoke: LengthPrefixCommunicationChannel: MessageReceived: Invoking callback 1/1 for Microsoft.VisualStudio.TestPlatform.CommunicationUtilities.TestRequestSender+<>c__DisplayClass34_0., took 0 ms.
TpTrace Verbose: 0 : 29088, 7, 2023/11/06, 16:31:26.541, 5245865381536, vstest.console.dll, TcpClientExtensions.MessageLoopAsync: Polling on remoteEndPoint: 127.0.0.1:58525 localEndPoint: 127.0.0.1:58524
TpTrace Verbose: 0 : 29088, 7, 2023/11/06, 16:31:26.541, 5245865382196, vstest.console.dll, TcpClientExtensions.MessageLoopAsync: NotifyDataAvailable remoteEndPoint: 127.0.0.1:58525 localEndPoint: 127.0.0.1:58524
TpTrace Verbose: 0 : 29088, 7, 2023/11/06, 16:31:26.541, 5245865383109, vstest.console.dll, TestRequestSender.OnExecutionMessageReceived: Received message: {"Version":7,"MessageType":"TestSession.Message","Payload":{"MessageLevel":0,"Message":"[xUnit.net 00:00:00.67]         D:\\Testovi\\4CreateTest\\Application\\Employees\\Commands\\CreateEmployee\\CreateEmployee.cs(38,0): at Application.Employees.Commands.CreateEmployee.CreateEmployeeCommandHandler.Handle(CreateEmployeeCommand request, CancellationToken cancellationToken)"}}
TpTrace Verbose: 0 : 29088, 7, 2023/11/06, 16:31:26.541, 5245865383963, vstest.console.dll, TestRunRequest:SendTestRunMessage: Starting.
TpTrace Verbose: 0 : 29088, 7, 2023/11/06, 16:31:26.541, 5245865384380, vstest.console.dll, MulticastDelegateUtilities.SafeInvoke: TestRun.LogMessages: Invoking callback 1/1 for Microsoft.VisualStudio.TestPlatform.CommandLine.TestRunResultAggregator., took 0 ms.
TpTrace Verbose: 0 : 29088, 4, 2023/11/06, 16:31:26.541, 5245865384569, vstest.console.dll, MulticastDelegateUtilities.SafeInvoke: InternalTestLoggerEvents.SendTestRunMessage: Invoking callback 1/1 for Microsoft.VisualStudio.TestPlatform.CommandLine.Internal.ConsoleLogger., took 0 ms.
TpTrace Information: 0 : 29088, 7, 2023/11/06, 16:31:26.541, 5245865384609, vstest.console.dll, TestRunRequest:SendTestRunMessage: Completed.
TpTrace Verbose: 0 : 29088, 7, 2023/11/06, 16:31:26.541, 5245865386218, vstest.console.dll, MulticastDelegateUtilities.SafeInvoke: LengthPrefixCommunicationChannel: MessageReceived: Invoking callback 1/1 for Microsoft.VisualStudio.TestPlatform.CommunicationUtilities.TestRequestSender+<>c__DisplayClass34_0., took 0 ms.
TpTrace Verbose: 0 : 29088, 7, 2023/11/06, 16:31:26.541, 5245865386862, vstest.console.dll, TcpClientExtensions.MessageLoopAsync: Polling on remoteEndPoint: 127.0.0.1:58525 localEndPoint: 127.0.0.1:58524
TpTrace Verbose: 0 : 29088, 7, 2023/11/06, 16:31:26.541, 5245865387449, vstest.console.dll, TcpClientExtensions.MessageLoopAsync: NotifyDataAvailable remoteEndPoint: 127.0.0.1:58525 localEndPoint: 127.0.0.1:58524
TpTrace Verbose: 0 : 29088, 7, 2023/11/06, 16:31:26.542, 5245865388438, vstest.console.dll, TestRequestSender.OnExecutionMessageReceived: Received message: {"Version":7,"MessageType":"TestSession.Message","Payload":{"MessageLevel":0,"Message":"[xUnit.net 00:00:00.67]         D:\\Testovi\\4CreateTest\\Test4Create.Application.UnitTests\\Employee\\Commands\\CreateEmployeeTests.cs(53,0): at Test4Create.Application.UnitTests.Employee.Commands.CreateEmployeeTests.Handle_GivenValidRequest_ShouldCreateEmployee()"}}
TpTrace Verbose: 0 : 29088, 7, 2023/11/06, 16:31:26.542, 5245865390208, vstest.console.dll, TestRunRequest:SendTestRunMessage: Starting.
TpTrace Verbose: 0 : 29088, 7, 2023/11/06, 16:31:26.542, 5245865391587, vstest.console.dll, MulticastDelegateUtilities.SafeInvoke: TestRun.LogMessages: Invoking callback 1/1 for Microsoft.VisualStudio.TestPlatform.CommandLine.TestRunResultAggregator., took 0 ms.
TpTrace Verbose: 0 : 29088, 4, 2023/11/06, 16:31:26.542, 5245865391705, vstest.console.dll, MulticastDelegateUtilities.SafeInvoke: InternalTestLoggerEvents.SendTestRunMessage: Invoking callback 1/1 for Microsoft.VisualStudio.TestPlatform.CommandLine.Internal.ConsoleLogger., took 0 ms.
TpTrace Information: 0 : 29088, 7, 2023/11/06, 16:31:26.542, 5245865392175, vstest.console.dll, TestRunRequest:SendTestRunMessage: Completed.
TpTrace Verbose: 0 : 29088, 7, 2023/11/06, 16:31:26.542, 5245865393116, vstest.console.dll, MulticastDelegateUtilities.SafeInvoke: LengthPrefixCommunicationChannel: MessageReceived: Invoking callback 1/1 for Microsoft.VisualStudio.TestPlatform.CommunicationUtilities.TestRequestSender+<>c__DisplayClass34_0., took 0 ms.
TpTrace Verbose: 0 : 29088, 7, 2023/11/06, 16:31:26.542, 5245865393369, vstest.console.dll, TcpClientExtensions.MessageLoopAsync: Polling on remoteEndPoint: 127.0.0.1:58525 localEndPoint: 127.0.0.1:58524
TpTrace Verbose: 0 : 29088, 7, 2023/11/06, 16:31:26.542, 5245865393755, vstest.console.dll, TcpClientExtensions.MessageLoopAsync: NotifyDataAvailable remoteEndPoint: 127.0.0.1:58525 localEndPoint: 127.0.0.1:58524
TpTrace Verbose: 0 : 29088, 7, 2023/11/06, 16:31:26.542, 5245865394202, vstest.console.dll, TestRequestSender.OnExecutionMessageReceived: Received message: {"Version":7,"MessageType":"TestSession.Message","Payload":{"MessageLevel":0,"Message":"[xUnit.net 00:00:00.67]         --- End of stack trace from previous location ---"}}
TpTrace Verbose: 0 : 29088, 7, 2023/11/06, 16:31:26.542, 5245865394824, vstest.console.dll, TestRunRequest:SendTestRunMessage: Starting.
TpTrace Verbose: 0 : 29088, 7, 2023/11/06, 16:31:26.542, 5245865395159, vstest.console.dll, MulticastDelegateUtilities.SafeInvoke: TestRun.LogMessages: Invoking callback 1/1 for Microsoft.VisualStudio.TestPlatform.CommandLine.TestRunResultAggregator., took 0 ms.
TpTrace Information: 0 : 29088, 7, 2023/11/06, 16:31:26.542, 5245865395365, vstest.console.dll, TestRunRequest:SendTestRunMessage: Completed.
TpTrace Verbose: 0 : 29088, 4, 2023/11/06, 16:31:26.542, 5245865395392, vstest.console.dll, MulticastDelegateUtilities.SafeInvoke: InternalTestLoggerEvents.SendTestRunMessage: Invoking callback 1/1 for Microsoft.VisualStudio.TestPlatform.CommandLine.Internal.ConsoleLogger., took 0 ms.
TpTrace Verbose: 0 : 29088, 7, 2023/11/06, 16:31:26.542, 5245865395559, vstest.console.dll, MulticastDelegateUtilities.SafeInvoke: LengthPrefixCommunicationChannel: MessageReceived: Invoking callback 1/1 for Microsoft.VisualStudio.TestPlatform.CommunicationUtilities.TestRequestSender+<>c__DisplayClass34_0., took 0 ms.
TpTrace Verbose: 0 : 29088, 7, 2023/11/06, 16:31:26.542, 5245865396399, vstest.console.dll, TcpClientExtensions.MessageLoopAsync: Polling on remoteEndPoint: 127.0.0.1:58525 localEndPoint: 127.0.0.1:58524
TpTrace Verbose: 0 : 29088, 7, 2023/11/06, 16:31:26.543, 5245865402171, vstest.console.dll, TcpClientExtensions.MessageLoopAsync: NotifyDataAvailable remoteEndPoint: 127.0.0.1:58525 localEndPoint: 127.0.0.1:58524
TpTrace Verbose: 0 : 29088, 7, 2023/11/06, 16:31:26.543, 5245865403497, vstest.console.dll, TestRequestSender.OnExecutionMessageReceived: Received message: {"Version":7,"MessageType":"TestSession.Message","Payload":{"MessageLevel":2,"Message":"[xUnit.net 00:00:00.68]     Test4Create.Application.UnitTests.Company.CreateCompanyTests.Handle_WhenCreatingExistingEmployees_ShouldCallCreateEmployeeCommand [FAIL]"}}
TpTrace Verbose: 0 : 29088, 7, 2023/11/06, 16:31:26.543, 5245865405091, vstest.console.dll, TestRunRequest:SendTestRunMessage: Starting.
TpTrace Verbose: 0 : 29088, 7, 2023/11/06, 16:31:26.543, 5245865405875, vstest.console.dll, MulticastDelegateUtilities.SafeInvoke: TestRun.LogMessages: Invoking callback 1/1 for Microsoft.VisualStudio.TestPlatform.CommandLine.TestRunResultAggregator., took 0 ms.
TpTrace Information: 0 : 29088, 7, 2023/11/06, 16:31:26.543, 5245865406320, vstest.console.dll, TestRunRequest:SendTestRunMessage: Completed.
TpTrace Verbose: 0 : 29088, 4, 2023/11/06, 16:31:26.543, 5245865407359, vstest.console.dll, MulticastDelegateUtilities.SafeInvoke: InternalTestLoggerEvents.SendTestRunMessage: Invoking callback 1/1 for Microsoft.VisualStudio.TestPlatform.CommandLine.Internal.ConsoleLogger., took 0 ms.
TpTrace Verbose: 0 : 29088, 7, 2023/11/06, 16:31:26.543, 5245865407593, vstest.console.dll, MulticastDelegateUtilities.SafeInvoke: LengthPrefixCommunicationChannel: MessageReceived: Invoking callback 1/1 for Microsoft.VisualStudio.TestPlatform.CommunicationUtilities.TestRequestSender+<>c__DisplayClass34_0., took 0 ms.
TpTrace Verbose: 0 : 29088, 7, 2023/11/06, 16:31:26.544, 5245865410899, vstest.console.dll, TcpClientExtensions.MessageLoopAsync: Polling on remoteEndPoint: 127.0.0.1:58525 localEndPoint: 127.0.0.1:58524
TpTrace Verbose: 0 : 29088, 7, 2023/11/06, 16:31:26.544, 5245865411809, vstest.console.dll, TcpClientExtensions.MessageLoopAsync: NotifyDataAvailable remoteEndPoint: 127.0.0.1:58525 localEndPoint: 127.0.0.1:58524
TpTrace Verbose: 0 : 29088, 7, 2023/11/06, 16:31:26.544, 5245865412700, vstest.console.dll, TestRequestSender.OnExecutionMessageReceived: Received message: {"Version":7,"MessageType":"TestSession.Message","Payload":{"MessageLevel":0,"Message":"[xUnit.net 00:00:00.68]       System.NotSupportedException : Specified method is not supported."}}
TpTrace Verbose: 0 : 29088, 7, 2023/11/06, 16:31:26.544, 5245865414822, vstest.console.dll, TestRunRequest:SendTestRunMessage: Starting.
TpTrace Verbose: 0 : 29088, 7, 2023/11/06, 16:31:26.544, 5245865416029, vstest.console.dll, MulticastDelegateUtilities.SafeInvoke: TestRun.LogMessages: Invoking callback 1/1 for Microsoft.VisualStudio.TestPlatform.CommandLine.TestRunResultAggregator., took 0 ms.
TpTrace Information: 0 : 29088, 7, 2023/11/06, 16:31:26.544, 5245865416730, vstest.console.dll, TestRunRequest:SendTestRunMessage: Completed.
TpTrace Verbose: 0 : 29088, 4, 2023/11/06, 16:31:26.544, 5245865416706, vstest.console.dll, MulticastDelegateUtilities.SafeInvoke: InternalTestLoggerEvents.SendTestRunMessage: Invoking callback 1/1 for Microsoft.VisualStudio.TestPlatform.CommandLine.Internal.ConsoleLogger., took 0 ms.
TpTrace Verbose: 0 : 29088, 7, 2023/11/06, 16:31:26.544, 5245865417474, vstest.console.dll, MulticastDelegateUtilities.SafeInvoke: LengthPrefixCommunicationChannel: MessageReceived: Invoking callback 1/1 for Microsoft.VisualStudio.TestPlatform.CommunicationUtilities.TestRequestSender+<>c__DisplayClass34_0., took 0 ms.
TpTrace Verbose: 0 : 29088, 7, 2023/11/06, 16:31:26.545, 5245865418988, vstest.console.dll, TcpClientExtensions.MessageLoopAsync: Polling on remoteEndPoint: 127.0.0.1:58525 localEndPoint: 127.0.0.1:58524
TpTrace Verbose: 0 : 29088, 7, 2023/11/06, 16:31:26.545, 5245865419627, vstest.console.dll, TcpClientExtensions.MessageLoopAsync: NotifyDataAvailable remoteEndPoint: 127.0.0.1:58525 localEndPoint: 127.0.0.1:58524
TpTrace Verbose: 0 : 29088, 7, 2023/11/06, 16:31:26.545, 5245865420229, vstest.console.dll, TestRequestSender.OnExecutionMessageReceived: Received message: {"Version":7,"MessageType":"TestSession.Message","Payload":{"MessageLevel":0,"Message":"[xUnit.net 00:00:00.68]       Stack Trace:"}}
TpTrace Verbose: 0 : 29088, 7, 2023/11/06, 16:31:26.545, 5245865421693, vstest.console.dll, TestRunRequest:SendTestRunMessage: Starting.
TpTrace Verbose: 0 : 29088, 7, 2023/11/06, 16:31:26.545, 5245865422223, vstest.console.dll, MulticastDelegateUtilities.SafeInvoke: TestRun.LogMessages: Invoking callback 1/1 for Microsoft.VisualStudio.TestPlatform.CommandLine.TestRunResultAggregator., took 0 ms.
TpTrace Information: 0 : 29088, 7, 2023/11/06, 16:31:26.545, 5245865422449, vstest.console.dll, TestRunRequest:SendTestRunMessage: Completed.
TpTrace Verbose: 0 : 29088, 7, 2023/11/06, 16:31:26.545, 5245865422673, vstest.console.dll, MulticastDelegateUtilities.SafeInvoke: LengthPrefixCommunicationChannel: MessageReceived: Invoking callback 1/1 for Microsoft.VisualStudio.TestPlatform.CommunicationUtilities.TestRequestSender+<>c__DisplayClass34_0., took 0 ms.
TpTrace Verbose: 0 : 29088, 4, 2023/11/06, 16:31:26.545, 5245865422669, vstest.console.dll, MulticastDelegateUtilities.SafeInvoke: InternalTestLoggerEvents.SendTestRunMessage: Invoking callback 1/1 for Microsoft.VisualStudio.TestPlatform.CommandLine.Internal.ConsoleLogger., took 0 ms.
TpTrace Verbose: 0 : 29088, 7, 2023/11/06, 16:31:26.545, 5245865422983, vstest.console.dll, TcpClientExtensions.MessageLoopAsync: Polling on remoteEndPoint: 127.0.0.1:58525 localEndPoint: 127.0.0.1:58524
TpTrace Verbose: 0 : 29088, 7, 2023/11/06, 16:31:26.545, 5245865425053, vstest.console.dll, TcpClientExtensions.MessageLoopAsync: NotifyDataAvailable remoteEndPoint: 127.0.0.1:58525 localEndPoint: 127.0.0.1:58524
TpTrace Verbose: 0 : 29088, 7, 2023/11/06, 16:31:26.545, 5245865425517, vstest.console.dll, TestRequestSender.OnExecutionMessageReceived: Received message: {"Version":7,"MessageType":"TestSession.Message","Payload":{"MessageLevel":0,"Message":"[xUnit.net 00:00:00.68]            at Microsoft.EntityFrameworkCore.DbSet`1.System.Linq.IQueryable.get_Provider()"}}
TpTrace Verbose: 0 : 29088, 7, 2023/11/06, 16:31:26.545, 5245865426091, vstest.console.dll, TestRunRequest:SendTestRunMessage: Starting.
TpTrace Verbose: 0 : 29088, 7, 2023/11/06, 16:31:26.545, 5245865426421, vstest.console.dll, MulticastDelegateUtilities.SafeInvoke: TestRun.LogMessages: Invoking callback 1/1 for Microsoft.VisualStudio.TestPlatform.CommandLine.TestRunResultAggregator., took 0 ms.
TpTrace Information: 0 : 29088, 7, 2023/11/06, 16:31:26.545, 5245865426633, vstest.console.dll, TestRunRequest:SendTestRunMessage: Completed.
TpTrace Verbose: 0 : 29088, 7, 2023/11/06, 16:31:26.545, 5245865426864, vstest.console.dll, MulticastDelegateUtilities.SafeInvoke: LengthPrefixCommunicationChannel: MessageReceived: Invoking callback 1/1 for Microsoft.VisualStudio.TestPlatform.CommunicationUtilities.TestRequestSender+<>c__DisplayClass34_0., took 0 ms.
TpTrace Verbose: 0 : 29088, 4, 2023/11/06, 16:31:26.545, 5245865426888, vstest.console.dll, MulticastDelegateUtilities.SafeInvoke: InternalTestLoggerEvents.SendTestRunMessage: Invoking callback 1/1 for Microsoft.VisualStudio.TestPlatform.CommandLine.Internal.ConsoleLogger., took 0 ms.
TpTrace Verbose: 0 : 29088, 7, 2023/11/06, 16:31:26.545, 5245865427126, vstest.console.dll, TcpClientExtensions.MessageLoopAsync: Polling on remoteEndPoint: 127.0.0.1:58525 localEndPoint: 127.0.0.1:58524
TpTrace Verbose: 0 : 29088, 7, 2023/11/06, 16:31:26.546, 5245865428505, vstest.console.dll, TcpClientExtensions.MessageLoopAsync: NotifyDataAvailable remoteEndPoint: 127.0.0.1:58525 localEndPoint: 127.0.0.1:58524
TpTrace Verbose: 0 : 29088, 7, 2023/11/06, 16:31:26.546, 5245865428921, vstest.console.dll, TestRequestSender.OnExecutionMessageReceived: Received message: {"Version":7,"MessageType":"TestSession.Message","Payload":{"MessageLevel":0,"Message":"[xUnit.net 00:00:00.68]            at System.Linq.Queryable.Where[TSource](IQueryable`1 source, Expression`1 predicate)"}}
TpTrace Verbose: 0 : 29088, 7, 2023/11/06, 16:31:26.546, 5245865429390, vstest.console.dll, TestRunRequest:SendTestRunMessage: Starting.
TpTrace Verbose: 0 : 29088, 7, 2023/11/06, 16:31:26.546, 5245865430155, vstest.console.dll, MulticastDelegateUtilities.SafeInvoke: TestRun.LogMessages: Invoking callback 1/1 for Microsoft.VisualStudio.TestPlatform.CommandLine.TestRunResultAggregator., took 0 ms.
TpTrace Information: 0 : 29088, 7, 2023/11/06, 16:31:26.546, 5245865430361, vstest.console.dll, TestRunRequest:SendTestRunMessage: Completed.
TpTrace Verbose: 0 : 29088, 7, 2023/11/06, 16:31:26.546, 5245865430602, vstest.console.dll, MulticastDelegateUtilities.SafeInvoke: LengthPrefixCommunicationChannel: MessageReceived: Invoking callback 1/1 for Microsoft.VisualStudio.TestPlatform.CommunicationUtilities.TestRequestSender+<>c__DisplayClass34_0., took 0 ms.
TpTrace Verbose: 0 : 29088, 4, 2023/11/06, 16:31:26.546, 5245865430624, vstest.console.dll, MulticastDelegateUtilities.SafeInvoke: InternalTestLoggerEvents.SendTestRunMessage: Invoking callback 1/1 for Microsoft.VisualStudio.TestPlatform.CommandLine.Internal.ConsoleLogger., took 0 ms.
TpTrace Verbose: 0 : 29088, 7, 2023/11/06, 16:31:26.546, 5245865430854, vstest.console.dll, TcpClientExtensions.MessageLoopAsync: Polling on remoteEndPoint: 127.0.0.1:58525 localEndPoint: 127.0.0.1:58524
TpTrace Verbose: 0 : 29088, 7, 2023/11/06, 16:31:26.546, 5245865432608, vstest.console.dll, TcpClientExtensions.MessageLoopAsync: NotifyDataAvailable remoteEndPoint: 127.0.0.1:58525 localEndPoint: 127.0.0.1:58524
TpTrace Verbose: 0 : 29088, 7, 2023/11/06, 16:31:26.546, 5245865433092, vstest.console.dll, TestRequestSender.OnExecutionMessageReceived: Received message: {"Version":7,"MessageType":"TestSession.Message","Payload":{"MessageLevel":0,"Message":"[xUnit.net 00:00:00.68]         D:\\Testovi\\4CreateTest\\Application\\Companies\\Commands\\CreateCompany\\CreateCompany.cs(51,0): at Application.Companies.Commands.CreateCompany.CreateCompanyCommandHandler.Handle(CreateCompanyCommand request, CancellationToken cancellationToken)"}}
TpTrace Verbose: 0 : 29088, 7, 2023/11/06, 16:31:26.546, 5245865433700, vstest.console.dll, TestRunRequest:SendTestRunMessage: Starting.
TpTrace Verbose: 0 : 29088, 7, 2023/11/06, 16:31:26.546, 5245865434085, vstest.console.dll, MulticastDelegateUtilities.SafeInvoke: TestRun.LogMessages: Invoking callback 1/1 for Microsoft.VisualStudio.TestPlatform.CommandLine.TestRunResultAggregator., took 0 ms.
TpTrace Verbose: 0 : 29088, 4, 2023/11/06, 16:31:26.546, 5245865434301, vstest.console.dll, MulticastDelegateUtilities.SafeInvoke: InternalTestLoggerEvents.SendTestRunMessage: Invoking callback 1/1 for Microsoft.VisualStudio.TestPlatform.CommandLine.Internal.ConsoleLogger., took 0 ms.
TpTrace Information: 0 : 29088, 7, 2023/11/06, 16:31:26.546, 5245865434394, vstest.console.dll, TestRunRequest:SendTestRunMessage: Completed.
TpTrace Verbose: 0 : 29088, 7, 2023/11/06, 16:31:26.546, 5245865435279, vstest.console.dll, MulticastDelegateUtilities.SafeInvoke: LengthPrefixCommunicationChannel: MessageReceived: Invoking callback 1/1 for Microsoft.VisualStudio.TestPlatform.CommunicationUtilities.TestRequestSender+<>c__DisplayClass34_0., took 0 ms.
TpTrace Verbose: 0 : 29088, 7, 2023/11/06, 16:31:26.546, 5245865435522, vstest.console.dll, TcpClientExtensions.MessageLoopAsync: Polling on remoteEndPoint: 127.0.0.1:58525 localEndPoint: 127.0.0.1:58524
TpTrace Verbose: 0 : 29088, 7, 2023/11/06, 16:31:26.546, 5245865436668, vstest.console.dll, TcpClientExtensions.MessageLoopAsync: NotifyDataAvailable remoteEndPoint: 127.0.0.1:58525 localEndPoint: 127.0.0.1:58524
TpTrace Verbose: 0 : 29088, 7, 2023/11/06, 16:31:26.546, 5245865437715, vstest.console.dll, TestRequestSender.OnExecutionMessageReceived: Received message: {"Version":7,"MessageType":"TestSession.Message","Payload":{"MessageLevel":0,"Message":"[xUnit.net 00:00:00.68]         D:\\Testovi\\4CreateTest\\Test4Create.Application.UnitTests\\Company\\CreateCompanyTests.cs(76,0): at Test4Create.Application.UnitTests.Company.CreateCompanyTests.Handle_WhenCreatingExistingEmployees_ShouldCallCreateEmployeeCommand()"}}
TpTrace Verbose: 0 : 29088, 7, 2023/11/06, 16:31:26.547, 5245865438934, vstest.console.dll, TestRunRequest:SendTestRunMessage: Starting.
TpTrace Verbose: 0 : 29088, 7, 2023/11/06, 16:31:26.547, 5245865439642, vstest.console.dll, MulticastDelegateUtilities.SafeInvoke: TestRun.LogMessages: Invoking callback 1/1 for Microsoft.VisualStudio.TestPlatform.CommandLine.TestRunResultAggregator., took 0 ms.
TpTrace Verbose: 0 : 29088, 4, 2023/11/06, 16:31:26.547, 5245865440376, vstest.console.dll, MulticastDelegateUtilities.SafeInvoke: InternalTestLoggerEvents.SendTestRunMessage: Invoking callback 1/1 for Microsoft.VisualStudio.TestPlatform.CommandLine.Internal.ConsoleLogger., took 0 ms.
TpTrace Information: 0 : 29088, 7, 2023/11/06, 16:31:26.547, 5245865440988, vstest.console.dll, TestRunRequest:SendTestRunMessage: Completed.
TpTrace Verbose: 0 : 29088, 7, 2023/11/06, 16:31:26.547, 5245865441806, vstest.console.dll, MulticastDelegateUtilities.SafeInvoke: LengthPrefixCommunicationChannel: MessageReceived: Invoking callback 1/1 for Microsoft.VisualStudio.TestPlatform.CommunicationUtilities.TestRequestSender+<>c__DisplayClass34_0., took 0 ms.
TpTrace Verbose: 0 : 29088, 7, 2023/11/06, 16:31:26.547, 5245865443385, vstest.console.dll, TcpClientExtensions.MessageLoopAsync: Polling on remoteEndPoint: 127.0.0.1:58525 localEndPoint: 127.0.0.1:58524
TpTrace Verbose: 0 : 29088, 7, 2023/11/06, 16:31:26.547, 5245865443865, vstest.console.dll, TcpClientExtensions.MessageLoopAsync: NotifyDataAvailable remoteEndPoint: 127.0.0.1:58525 localEndPoint: 127.0.0.1:58524
TpTrace Verbose: 0 : 29088, 7, 2023/11/06, 16:31:26.547, 5245865444460, vstest.console.dll, TestRequestSender.OnExecutionMessageReceived: Received message: {"Version":7,"MessageType":"TestSession.Message","Payload":{"MessageLevel":0,"Message":"[xUnit.net 00:00:00.68]         --- End of stack trace from previous location ---"}}
TpTrace Verbose: 0 : 29088, 7, 2023/11/06, 16:31:26.547, 5245865445454, vstest.console.dll, TestRunRequest:SendTestRunMessage: Starting.
TpTrace Verbose: 0 : 29088, 7, 2023/11/06, 16:31:26.547, 5245865445906, vstest.console.dll, MulticastDelegateUtilities.SafeInvoke: TestRun.LogMessages: Invoking callback 1/1 for Microsoft.VisualStudio.TestPlatform.CommandLine.TestRunResultAggregator., took 0 ms.
TpTrace Information: 0 : 29088, 7, 2023/11/06, 16:31:26.547, 5245865446134, vstest.console.dll, TestRunRequest:SendTestRunMessage: Completed.
TpTrace Verbose: 0 : 29088, 7, 2023/11/06, 16:31:26.547, 5245865446352, vstest.console.dll, MulticastDelegateUtilities.SafeInvoke: LengthPrefixCommunicationChannel: MessageReceived: Invoking callback 1/1 for Microsoft.VisualStudio.TestPlatform.CommunicationUtilities.TestRequestSender+<>c__DisplayClass34_0., took 0 ms.
TpTrace Verbose: 0 : 29088, 4, 2023/11/06, 16:31:26.547, 5245865446385, vstest.console.dll, MulticastDelegateUtilities.SafeInvoke: InternalTestLoggerEvents.SendTestRunMessage: Invoking callback 1/1 for Microsoft.VisualStudio.TestPlatform.CommandLine.Internal.ConsoleLogger., took 0 ms.
TpTrace Verbose: 0 : 29088, 7, 2023/11/06, 16:31:26.547, 5245865446612, vstest.console.dll, TcpClientExtensions.MessageLoopAsync: Polling on remoteEndPoint: 127.0.0.1:58525 localEndPoint: 127.0.0.1:58524
TpTrace Verbose: 0 : 29088, 7, 2023/11/06, 16:31:26.549, 5245865460446, vstest.console.dll, TcpClientExtensions.MessageLoopAsync: NotifyDataAvailable remoteEndPoint: 127.0.0.1:58525 localEndPoint: 127.0.0.1:58524
TpTrace Verbose: 0 : 29088, 7, 2023/11/06, 16:31:26.549, 5245865462240, vstest.console.dll, TestRequestSender.OnExecutionMessageReceived: Received message: {"Version":7,"MessageType":"TestSession.Message","Payload":{"MessageLevel":0,"Message":"[xUnit.net 00:00:00.68]   Finished:    Test4Create.Application.UnitTests"}}
TpTrace Verbose: 0 : 29088, 7, 2023/11/06, 16:31:26.549, 5245865463683, vstest.console.dll, TestRunRequest:SendTestRunMessage: Starting.
TpTrace Verbose: 0 : 29088, 7, 2023/11/06, 16:31:26.549, 5245865464154, vstest.console.dll, MulticastDelegateUtilities.SafeInvoke: TestRun.LogMessages: Invoking callback 1/1 for Microsoft.VisualStudio.TestPlatform.CommandLine.TestRunResultAggregator., took 0 ms.
TpTrace Information: 0 : 29088, 7, 2023/11/06, 16:31:26.549, 5245865464377, vstest.console.dll, TestRunRequest:SendTestRunMessage: Completed.
TpTrace Verbose: 0 : 29088, 7, 2023/11/06, 16:31:26.549, 5245865464591, vstest.console.dll, MulticastDelegateUtilities.SafeInvoke: LengthPrefixCommunicationChannel: MessageReceived: Invoking callback 1/1 for Microsoft.VisualStudio.TestPlatform.CommunicationUtilities.TestRequestSender+<>c__DisplayClass34_0., took 0 ms.
TpTrace Verbose: 0 : 29088, 4, 2023/11/06, 16:31:26.549, 5245865464723, vstest.console.dll, MulticastDelegateUtilities.SafeInvoke: InternalTestLoggerEvents.SendTestRunMessage: Invoking callback 1/1 for Microsoft.VisualStudio.TestPlatform.CommandLine.Internal.ConsoleLogger., took 0 ms.
TpTrace Verbose: 0 : 29088, 7, 2023/11/06, 16:31:26.549, 5245865464829, vstest.console.dll, TcpClientExtensions.MessageLoopAsync: Polling on remoteEndPoint: 127.0.0.1:58525 localEndPoint: 127.0.0.1:58524
TpTrace Verbose: 0 : 29088, 7, 2023/11/06, 16:31:26.578, 5245865758373, vstest.console.dll, TcpClientExtensions.MessageLoopAsync: NotifyDataAvailable remoteEndPoint: 127.0.0.1:58525 localEndPoint: 127.0.0.1:58524
TpTrace Verbose: 0 : 29088, 7, 2023/11/06, 16:31:26.579, 5245865762476, vstest.console.dll, TestRequestSender.OnExecutionMessageReceived: Received message: {"Version":7,"MessageType":"TestExecution.Completed","Payload":{"TestRunCompleteArgs":{"TestRunStatistics":{"ExecutedTests":4,"Stats":{"Passed":1,"Failed":3}},"IsCanceled":false,"IsAborted":false,"Error":null,"AttachmentSets":[],"InvokedDataCollectors":[],"ElapsedTimeInRunningTests":"00:00:00.6991633","Metrics":{},"DiscoveredExtensions":{"TestDiscoverers":["Xunit.Runner.VisualStudio.VsTestRunner, xunit.runner.visualstudio.dotnetcore.testadapter, Version=2.4.0.0, Culture=neutral, PublicKeyToken=8d05b1bb7a6fdb6c"],"TestExecutors":["executor://xunit/VsTestRunner2/netcoreapp"],"TestExecutors2":[],"TestSettingsProviders":[]}},"LastRunTests":{"NewTestResults":[{"TestCase":{"Id":"1838863b-8985-94a3-48ff-5b8f98f1e35c","FullyQualifiedName":"Test4Create.Application.UnitTests.UnitTest1.Test1","DisplayName":"Test4Create.Application.UnitTests.UnitTest1.Test1","ExecutorUri":"executor://xunit/VsTestRunner2/netcoreapp","Source":"D:\\Testovi\\4CreateTest\\Test4Create.Application.UnitTests\\bin\\Debug\\net7.0\\fine-code-coverage\\build-output\\Test4Create.Application.UnitTests.dll","CodeFilePath":null,"LineNumber":0,"Properties":[]},"Attachments":[],"Outcome":1,"ErrorMessage":null,"ErrorStackTrace":null,"DisplayName":"Test4Create.Application.UnitTests.UnitTest1.Test1","Messages":[],"ComputerName":"DESKTOP-ALF6MG2","Duration":"00:00:00.0016669","StartTime":"2023-11-06T15:31:26.4642712+00:00","EndTime":"2023-11-06T15:31:26.4642878+00:00","Properties":[]},{"TestCase":{"Id":"023af44e-4acf-5323-43a2-65585e6e5ecf","FullyQualifiedName":"Test4Create.Application.UnitTests.Company.CreateCompanyTests.Handle_GivenValidRequest_ShouldCreateCompany","DisplayName":"Test4Create.Application.UnitTests.Company.CreateCompanyTests.Handle_GivenValidRequest_ShouldCreateCompany","ExecutorUri":"executor://xunit/VsTestRunner2/netcoreapp","Source":"D:\\Testovi\\4CreateTest\\Test4Create.Application.UnitTests\\bin\\Debug\\net7.0\\fine-code-coverage\\build-output\\Test4Create.Application.UnitTests.dll","CodeFilePath":null,"LineNumber":0,"Properties":[]},"Attachments":[],"Outcome":2,"ErrorMessage":"System.NotSupportedException : Specified method is not supported.","ErrorStackTrace":"   at Microsoft.EntityFrameworkCore.DbSet`1.System.Linq.IQueryable.get_Provider()\r\n   at System.Linq.Queryable.Where[TSource](IQueryable`1 source, Expression`1 predicate)\r\n   at Application.Companies.Commands.CreateCompany.CreateCompanyCommandHandler.Handle(CreateCompanyCommand request, CancellationToken cancellationToken) in D:\\Testovi\\4CreateTest\\Application\\Companies\\Commands\\CreateCompany\\CreateCompany.cs:line 51\r\n   at Test4Create.Application.UnitTests.Company.CreateCompanyTests.Handle_GivenValidRequest_ShouldCreateCompany() in D:\\Testovi\\4CreateTest\\Test4Create.Application.UnitTests\\Company\\CreateCompanyTests.cs:line 49\r\n--- End of stack trace from previous location ---","DisplayName":"Test4Create.Application.UnitTests.Company.CreateCompanyTests.Handle_GivenValidRequest_ShouldCreateCompany","Messages":[],"ComputerName":"DESKTOP-ALF6MG2","Duration":"00:00:00.0834515","StartTime":"2023-11-06T15:31:26.5336895+00:00","EndTime":"2023-11-06T15:31:26.5336899+00:00","Properties":[]},{"TestCase":{"Id":"f92c6c80-254d-5e98-bf82-479eb40c515d","FullyQualifiedName":"Test4Create.Application.UnitTests.Employee.Commands.CreateEmployeeTests.Handle_GivenValidRequest_ShouldCreateEmployee","DisplayName":"Test4Create.Application.UnitTests.Employee.Commands.CreateEmployeeTests.Handle_GivenValidRequest_ShouldCreateEmployee","ExecutorUri":"executor://xunit/VsTestRunner2/netcoreapp","Source":"D:\\Testovi\\4CreateTest\\Test4Create.Application.UnitTests\\bin\\Debug\\net7.0\\fine-code-coverage\\build-output\\Test4Create.Application.UnitTests.dll","CodeFilePath":null,"LineNumber":0,"Properties":[]},"Attachments":[],"Outcome":2,"ErrorMessage":"System.NotSupportedException : Specified method is not supported.","ErrorStackTrace":"   at Microsoft.EntityFrameworkCore.DbSet`1.System.Linq.IQueryable.get_Provider()\r\n   at System.Linq.Queryable.Where[TSource](IQueryable`1 source, Expression`1 predicate)\r\n   at Application.Employees.Commands.CreateEmployee.CreateEmployeeCommandHandler.Handle(CreateEmployeeCommand request, CancellationToken cancellationToken) in D:\\Testovi\\4CreateTest\\Application\\Employees\\Commands\\CreateEmployee\\CreateEmployee.cs:line 38\r\n   at Test4Create.Application.UnitTests.Employee.Commands.CreateEmployeeTests.Handle_GivenValidRequest_ShouldCreateEmployee() in D:\\Testovi\\4CreateTest\\Test4Create.Application.UnitTests\\Employee\\Commands\\CreateEmployeeTests.cs:line 53\r\n--- End of stack trace from previous location ---","DisplayName":"Test4Create.Application.UnitTests.Employee.Commands.CreateEmployeeTests.Handle_GivenValidRequest_ShouldCreateEmployee","Messages":[],"ComputerName":"DESKTOP-ALF6MG2","Duration":"00:00:00.0833087","StartTime":"2023-11-06T15:31:26.5395114+00:00","EndTime":"2023-11-06T15:31:26.5395115+00:00","Properties":[]},{"TestCase":{"Id":"2c2208b2-131f-44cd-30ab-69830f19bbc6","FullyQualifiedName":"Test4Create.Application.UnitTests.Company.CreateCompanyTests.Handle_WhenCreatingExistingEmployees_ShouldCallCreateEmployeeCommand","DisplayName":"Test4Create.Application.UnitTests.Company.CreateCompanyTests.Handle_WhenCreatingExistingEmployees_ShouldCallCreateEmployeeCommand","ExecutorUri":"executor://xunit/VsTestRunner2/netcoreapp","Source":"D:\\Testovi\\4CreateTest\\Test4Create.Application.UnitTests\\bin\\Debug\\net7.0\\fine-code-coverage\\build-output\\Test4Create.Application.UnitTests.dll","CodeFilePath":null,"LineNumber":0,"Properties":[]},"Attachments":[],"Outcome":2,"ErrorMessage":"System.NotSupportedException : Specified method is not supported.","ErrorStackTrace":"   at Microsoft.EntityFrameworkCore.DbSet`1.System.Linq.IQueryable.get_Provider()\r\n   at System.Linq.Queryable.Where[TSource](IQueryable`1 source, Expression`1 predicate)\r\n   at Application.Companies.Commands.CreateCompany.CreateCompanyCommandHandler.Handle(CreateCompanyCommand request, CancellationToken cancellationToken) in D:\\Testovi\\4CreateTest\\Application\\Companies\\Commands\\CreateCompany\\CreateCompany.cs:line 51\r\n   at Test4Create.Application.UnitTests.Company.CreateCompanyTests.Handle_WhenCreatingExistingEmployees_ShouldCallCreateEmployeeCommand() in D:\\Testovi\\4CreateTest\\Test4Create.Application.UnitTests\\Company\\CreateCompanyTests.cs:line 76\r\n--- End of stack trace from previous location ---","DisplayName":"Test4Create.Application.UnitTests.Company.CreateCompanyTests.Handle_WhenCreatingExistingEmployees_ShouldCallCreateEmployeeCommand","Messages":[],"ComputerName":"DESKTOP-ALF6MG2","Duration":"00:00:00.0057377","StartTime":"2023-11-06T15:31:26.5450037+00:00","EndTime":"2023-11-06T15:31:26.5450038+00:00","Properties":[]}],"TestRunStatistics":{"ExecutedTests":4,"Stats":{"Passed":1,"Failed":3}},"ActiveTests":[]},"RunAttachments":[],"ExecutorUris":["executor://xunit/VsTestRunner2/netcoreapp"]}}
TpTrace Verbose: 0 : 29088, 7, 2023/11/06, 16:31:26.579, 5245865764639, vstest.console.dll, TestRequestSender.EndSession: Sending end session.
TpTrace Verbose: 0 : 29088, 7, 2023/11/06, 16:31:26.579, 5245865767344, vstest.console.dll, ProxyOperationManager.Close: waiting for test host to exit for 100 ms
TpTrace Verbose: 0 : 29088, 13, 2023/11/06, 16:31:26.615, 5245866124386, vstest.console.dll, TestHostManagerCallbacks.ctor: Experimental forwarding output is disabled.
TpTrace Warning: 0 : 29088, 13, 2023/11/06, 16:31:26.615, 5245866125553, vstest.console.dll, TestHostManagerCallbacks.ErrorReceivedCallback Test host standard error line: 
TpTrace Verbose: 0 : 29088, 13, 2023/11/06, 16:31:26.633, 5245866303647, vstest.console.dll, TestHostProvider.ExitCallBack: Host exited starting callback.
TpTrace Information: 0 : 29088, 13, 2023/11/06, 16:31:26.633, 5245866305109, vstest.console.dll, TestHostManagerCallbacks.ExitCallBack: Testhost processId: 47920 exited with exitcode: 0 error: ''
TpTrace Verbose: 0 : 29088, 13, 2023/11/06, 16:31:26.633, 5245866305505, vstest.console.dll, DotnetTestHostManager.OnHostExited: invoking OnHostExited callback
TpTrace Verbose: 0 : 29088, 13, 2023/11/06, 16:31:26.633, 5245866305981, vstest.console.dll, CrossPlatEngine.TestHostManagerHostExited: calling on client process exit callback.
TpTrace Information: 0 : 29088, 13, 2023/11/06, 16:31:26.633, 5245866306380, vstest.console.dll, TestRequestSender.OnClientProcessExit: Test host process exited. Standard error: 
TpTrace Information: 0 : 29088, 13, 2023/11/06, 16:31:26.633, 5245866306653, vstest.console.dll, SocketServer.Stop: Stop server endPoint: 127.0.0.1:58524
TpTrace Information: 0 : 29088, 13, 2023/11/06, 16:31:26.633, 5245866306848, vstest.console.dll, SocketServer.Stop: Cancellation requested. Stopping message loop.
TpTrace Information: 0 : 29088, 7, 2023/11/06, 16:31:26.633, 5245866307295, vstest.console.dll, SocketServer.Stop: Stop server endPoint: 127.0.0.1:58524
TpTrace Information: 0 : 29088, 7, 2023/11/06, 16:31:26.634, 5245866308582, vstest.console.dll, SocketServer.Stop: Cancellation requested. Stopping message loop.
TpTrace Verbose: 0 : 29088, 13, 2023/11/06, 16:31:26.633, 5245866307583, vstest.console.dll, MulticastDelegateUtilities.SafeInvoke: HostProviderEvents.OnHostExited: Invoking callback 1/1 for Microsoft.VisualStudio.TestPlatform.CrossPlatEngine.Client.ProxyOperationManager., took 0 ms.
TpTrace Information: 0 : 29088, 7, 2023/11/06, 16:31:26.634, 5245866309235, vstest.console.dll, Closing the connection
TpTrace Verbose: 0 : 29088, 7, 2023/11/06, 16:31:26.634, 5245866313123, vstest.console.dll, ProxyDataCollectionManager.InvokeDataCollectionServiceAction: Starting.
TpTrace Information: 0 : 29088, 7, 2023/11/06, 16:31:26.634, 5245866313779, vstest.console.dll, ProxyDataCollectionManager.AfterTestRunEnd: Get attachment set and invoked data collectors processId: 3988 port: 58521
TpTrace Verbose: 0 : 29088, 7, 2023/11/06, 16:31:26.634, 5245866314549, vstest.console.dll, DataCollectionRequestSender.SendAfterTestRunStartAndGetResult: Send AfterTestRunEnd message with isCancelled: False
TpTrace Verbose: 0 : 29088, 7, 2023/11/06, 16:31:26.639, 5245866362762, vstest.console.dll, DataCollectionRequestSender.SendAfterTestRunStartAndGetResult: Received message: (DataCollection.AfterTestRunEndResult) -> {"MessageType":"DataCollection.AfterTestRunEndResult","Payload":{"AttachmentSets":[],"InvokedDataCollectors":[{"Uri":"datacollector://Microsoft/TestPlatform/Extensions/Blame/v1","FriendlyName":"Blame","AssemblyQualifiedName":"Microsoft.TestPlatform.Extensions.BlameDataCollector.BlameCollector, Microsoft.TestPlatform.Extensions.BlameDataCollector, Version=15.0.0.0, Culture=neutral, PublicKeyToken=b03f5f7f11d50a3a","FilePath":"C:\\Program Files\\dotnet\\sdk\\8.0.100-rc.2.23502.2\\Extensions\\Microsoft.TestPlatform.Extensions.BlameDataCollector.dll","HasAttachmentProcessor":false}],"Metrics":{}}}
TpTrace Information: 0 : 29088, 7, 2023/11/06, 16:31:26.645, 5245866425376, vstest.console.dll, ProxyDataCollectionManager.InvokeDataCollectionServiceAction: Completed.
TpTrace Warning: 0 : 29088, 11, 2023/11/06, 16:31:26.656, 5245866529430, vstest.console.dll, DataCollectionLauncher.ErrorReceivedCallback datacollector standard error line: 
TpTrace Information: 0 : 29088, 11, 2023/11/06, 16:31:26.663, 5245866600202, vstest.console.dll, DataCollectionLauncher.ExitCallBack: Data collector exited with exitcode: 0 error: ''
TpTrace Verbose: 0 : 29088, 7, 2023/11/06, 16:31:26.691, 5245866886041, vstest.console.dll, TestRunRequest:SendTestRunStatsChange: Starting.
TpTrace Verbose: 0 : 29088, 7, 2023/11/06, 16:31:26.692, 5245866888457, vstest.console.dll, MulticastDelegateUtilities.SafeInvoke: TestRun.RunStatsChanged: Invoking callbacks was skipped because there are no subscribers.
TpTrace Information: 0 : 29088, 7, 2023/11/06, 16:31:26.692, 5245866888731, vstest.console.dll, TestRunRequest:SendTestRunStatsChange: Completed.
TpTrace Verbose: 0 : 29088, 7, 2023/11/06, 16:31:26.692, 5245866891134, vstest.console.dll, ParallelProxyExecutionManager: HandlePartialRunComplete: Total workloads = 1, Total started clients = 1 Total completed clients = 1, Run complete = True, Run canceled: False.
TpTrace Verbose: 0 : 29088, 7, 2023/11/06, 16:31:26.692, 5245866891453, vstest.console.dll, ParallelProxyExecutionManager: HandlePartialRunComplete: All runs completed stopping all managers.
TpTrace Verbose: 0 : 29088, 7, 2023/11/06, 16:31:26.692, 5245866891708, vstest.console.dll, ParallelOperationManager.StopAllManagers: Stopping all managers.
TpTrace Verbose: 0 : 29088, 7, 2023/11/06, 16:31:26.692, 5245866891932, vstest.console.dll, ParallelOperationManager.ClearSlots: Clearing all slots. Slots should accept more work: False
TpTrace Verbose: 0 : 29088, 7, 2023/11/06, 16:31:26.692, 5245866892457, vstest.console.dll, ParallelOperationManager.SetOccupiedSlotCount: Setting slot counts AvailableSlotCount = 1, OccupiedSlotCount = 0.
TpTrace Verbose: 0 : 29088, 7, 2023/11/06, 16:31:26.692, 5245866893255, vstest.console.dll, Occupied slots:

TpTrace Verbose: 0 : 29088, 4, 2023/11/06, 16:31:26.693, 5245866903514, vstest.console.dll, MulticastDelegateUtilities.SafeInvoke: InternalTestLoggerEvents.SendTestResult: Invoking callback 1/1 for Microsoft.VisualStudio.TestPlatform.CommandLine.Internal.ConsoleLogger., took 1 ms.
TpTrace Verbose: 0 : 29088, 4, 2023/11/06, 16:31:26.694, 5245866909938, vstest.console.dll, MulticastDelegateUtilities.SafeInvoke: InternalTestLoggerEvents.SendTestResult: Invoking callback 1/1 for Microsoft.VisualStudio.TestPlatform.CommandLine.Internal.ConsoleLogger., took 0 ms.
TpTrace Verbose: 0 : 29088, 4, 2023/11/06, 16:31:26.694, 5245866912797, vstest.console.dll, MulticastDelegateUtilities.SafeInvoke: InternalTestLoggerEvents.SendTestResult: Invoking callback 1/1 for Microsoft.VisualStudio.TestPlatform.CommandLine.Internal.ConsoleLogger., took 0 ms.
TpTrace Verbose: 0 : 29088, 4, 2023/11/06, 16:31:26.694, 5245866914378, vstest.console.dll, MulticastDelegateUtilities.SafeInvoke: InternalTestLoggerEvents.SendTestResult: Invoking callback 1/1 for Microsoft.VisualStudio.TestPlatform.CommandLine.Internal.ConsoleLogger., took 0 ms.
TpTrace Verbose: 0 : 29088, 4, 2023/11/06, 16:31:26.699, 5245866962626, vstest.console.dll, MulticastDelegateUtilities.SafeInvoke: InternalTestLoggerEvents.SendTestRunComplete: Invoking callback 1/2 for Microsoft.TestPlatform.Extensions.BlameDataCollector.BlameLogger., took 0 ms.
TpTrace Verbose: 0 : 29088, 4, 2023/11/06, 16:31:26.703, 5245867001414, vstest.console.dll, MulticastDelegateUtilities.SafeInvoke: InternalTestLoggerEvents.SendTestRunComplete: Invoking callback 2/2 for Microsoft.VisualStudio.TestPlatform.CommandLine.Internal.ConsoleLogger., took 3 ms.
TpTrace Verbose: 0 : 29088, 7, 2023/11/06, 16:31:26.703, 5245867005769, vstest.console.dll, TestRunRequest:TestRunComplete: Starting. IsAborted:False IsCanceled:False.
TpTrace Verbose: 0 : 29088, 7, 2023/11/06, 16:31:26.704, 5245867008950, vstest.console.dll, ParallelOperationManager.DoActionOnAllManagers: Calling an action on all managers.
TpTrace Verbose: 0 : 29088, 7, 2023/11/06, 16:31:26.705, 5245867024694, vstest.console.dll, TestLoggerManager.HandleTestRunComplete: Ignoring as the object is disposed.
TpTrace Verbose: 0 : 29088, 7, 2023/11/06, 16:31:26.705, 5245867027900, vstest.console.dll, MulticastDelegateUtilities.SafeInvoke: TestRun.TestRunComplete: Invoking callback 1/2 for Microsoft.VisualStudio.TestPlatform.CommandLine.TestRunResultAggregator., took 0 ms.
TpTrace Verbose: 0 : 29088, 7, 2023/11/06, 16:31:26.706, 5245867028829, vstest.console.dll, MulticastDelegateUtilities.SafeInvoke: TestRun.TestRunComplete: Invoking callback 2/2 for Microsoft.VisualStudio.TestPlatform.CommandLine.Processors.RunTestsArgumentExecutor+TestRunRequestEventsRegistrar., took 0 ms.
TpTrace Information: 0 : 29088, 7, 2023/11/06, 16:31:26.706, 5245867029603, vstest.console.dll, TestRunRequest:TestRunComplete: Completed.
TpTrace Verbose: 0 : 29088, 7, 2023/11/06, 16:31:26.706, 5245867029923, vstest.console.dll, TestRequestSender.SetOperationComplete: Setting operation complete.
TpTrace Information: 0 : 29088, 7, 2023/11/06, 16:31:26.706, 5245867030160, vstest.console.dll, SocketServer.Stop: Stop server endPoint: 127.0.0.1:58524
TpTrace Verbose: 0 : 29088, 1, 2023/11/06, 16:31:26.706, 5245867030189, vstest.console.dll, TestRunRequest.Dispose: Starting.
TpTrace Information: 0 : 29088, 7, 2023/11/06, 16:31:26.706, 5245867030350, vstest.console.dll, SocketServer.Stop: Cancellation requested. Stopping message loop.
TpTrace Information: 0 : 29088, 1, 2023/11/06, 16:31:26.706, 5245867031357, vstest.console.dll, TestRunRequest.Dispose: Completed.
TpTrace Verbose: 0 : 29088, 7, 2023/11/06, 16:31:26.706, 5245867031658, vstest.console.dll, MulticastDelegateUtilities.SafeInvoke: LengthPrefixCommunicationChannel: MessageReceived: Invoking callback 1/1 for Microsoft.VisualStudio.TestPlatform.CommunicationUtilities.TestRequestSender+<>c__DisplayClass34_0., took 126 ms.
TpTrace Information: 0 : 29088, 1, 2023/11/06, 16:31:26.706, 5245867032281, vstest.console.dll, TestRequestManager.RunTests: run tests completed.
TpTrace Information: 0 : 29088, 7, 2023/11/06, 16:31:26.706, 5245867032634, vstest.console.dll, SocketServer.PrivateStop: Stopping server endPoint: 127.0.0.1:58524 error: 
TpTrace Information: 0 : 29088, 1, 2023/11/06, 16:31:26.706, 5245867034359, vstest.console.dll, RunTestsArgumentProcessor:Execute: Test run is completed.
TpTrace Verbose: 0 : 29088, 1, 2023/11/06, 16:31:26.706, 5245867037290, vstest.console.dll, Executor.Execute: Exiting with exit code of 1
TpTrace Verbose: 0 : 29088, 7, 2023/11/06, 16:31:26.707, 5245867038874, vstest.console.dll, LengthPrefixCommunicationChannel.Dispose: Dispose reader and writer.
TpTrace Information: 0 : 29088, 7, 2023/11/06, 16:31:26.707, 5245867040043, vstest.console.dll, SocketServer.Stop: Raise disconnected event endPoint: 127.0.0.1:58524 error: 
TpTrace Verbose: 0 : 29088, 7, 2023/11/06, 16:31:26.707, 5245867041233, vstest.console.dll, TestRequestSender: OnTestRunAbort: Operation is already complete. Skip error message.
TpTrace Verbose: 0 : 29088, 7, 2023/11/06, 16:31:26.707, 5245867041848, vstest.console.dll, MulticastDelegateUtilities.SafeInvoke: SocketServer: ClientDisconnected: Invoking callback 1/1 for Microsoft.VisualStudio.TestPlatform.CommunicationUtilities.TestRequestSender., took 0 ms.
