<?xml version="1.0" encoding="utf-8"?>
<!DOCTYPE coverage SYSTEM "http://cobertura.sourceforge.net/xml/coverage-04.dtd">
<coverage line-rate="0.742105263157895" branch-rate="0.5" lines-covered="141" lines-valid="190" branches-covered="5" branches-valid="10" complexity="48" version="0" timestamp="1699285770">
  <sources>
    <source>D:\Testovi\4CreateTest\</source>
    <source>C:\</source>
  </sources>
  <packages>
    <package name="Domain" line-rate="0.616" branch-rate="0.166666666666667" complexity="39">
      <classes>
        <class name="Domain.Abstractions.Entity" filename="D:\Testovi\4CreateTest\Domain\Abstractions\Entity.cs" line-rate="0.6" branch-rate="1" complexity="3">
          <methods>
            <method name="get_Id" signature="()" line-rate="0" branch-rate="1" complexity="1">
              <lines>
                <line number="10" hits="0" branch="false" />
              </lines>
            </method>
            <method name=".ctor" signature="(...)" line-rate="0" branch-rate="1" complexity="1">
              <lines>
                <line number="5" hits="0" branch="false" />
              </lines>
            </method>
            <method name=".ctor" signature="()" line-rate="1" branch-rate="1" complexity="1">
              <lines>
                <line number="6" hits="3" branch="false" />
                <line number="7" hits="3" branch="false" />
                <line number="9" hits="3" branch="false" />
              </lines>
            </method>
          </methods>
          <lines>
            <line number="5" hits="0" branch="false" />
            <line number="6" hits="3" branch="false" />
            <line number="7" hits="3" branch="false" />
            <line number="9" hits="3" branch="false" />
            <line number="10" hits="0" branch="false" />
          </lines>
        </class>
        <class name="Domain.Entities.Company" filename="D:\Testovi\4CreateTest\Domain\Entities\Company.cs" line-rate="0.375" branch-rate="0" complexity="11">
          <methods>
            <method name="get_Name" signature="()" line-rate="1" branch-rate="1" complexity="1">
              <lines>
                <line number="11" hits="2" branch="false" />
              </lines>
            </method>
            <method name="get_CreatedAt" signature="()" line-rate="1" branch-rate="1" complexity="1">
              <lines>
                <line number="12" hits="1" branch="false" />
              </lines>
            </method>
            <method name="get_LastModifiedAt" signature="()" line-rate="0" branch-rate="1" complexity="1">
              <lines>
                <line number="13" hits="0" branch="false" />
              </lines>
            </method>
            <method name="get_Employees" signature="()" line-rate="0" branch-rate="1" complexity="1">
              <lines>
                <line number="18" hits="0" branch="false" />
              </lines>
            </method>
            <method name="Create" signature="(...)" line-rate="1" branch-rate="1" complexity="1">
              <lines>
                <line number="38" hits="3" branch="false" />
                <line number="39" hits="3" branch="false" />
                <line number="41" hits="1" branch="false" />
                <line number="42" hits="1" branch="false" />
              </lines>
            </method>
            <method name="UpdateCompanyName" signature="(...)" line-rate="0" branch-rate="1" complexity="1">
              <lines>
                <line number="50" hits="0" branch="false" />
                <line number="51" hits="0" branch="false" />
                <line number="53" hits="0" branch="false" />
                <line number="55" hits="0" branch="false" />
                <line number="56" hits="0" branch="false" />
              </lines>
            </method>
            <method name="AddEmployee" signature="(...)" line-rate="0" branch-rate="0" complexity="2">
              <lines>
                <line number="64" hits="0" branch="false" />
                <line number="65" hits="0" branch="false" />
                <line number="67" hits="0" branch="true" condition-coverage="0% (0/2)" />
                <line number="68" hits="0" branch="false" />
                <line number="70" hits="0" branch="false" />
                <line number="71" hits="0" branch="false" />
              </lines>
            </method>
            <method name="RemoveEmployee" signature="(...)" line-rate="0" branch-rate="1" complexity="1">
              <lines>
                <line number="78" hits="0" branch="false" />
                <line number="79" hits="0" branch="false" />
                <line number="81" hits="0" branch="false" />
                <line number="82" hits="0" branch="false" />
              </lines>
            </method>
            <method name=".ctor" signature="(...)" line-rate="0.857142857142857" branch-rate="1" complexity="1">
              <lines>
                <line number="15" hits="1" branch="false" />
                <line number="18" hits="0" branch="false" />
                <line number="21" hits="1" branch="false" />
                <line number="22" hits="1" branch="false" />
                <line number="23" hits="1" branch="false" />
                <line number="24" hits="1" branch="false" />
                <line number="25" hits="1" branch="false" />
              </lines>
            </method>
            <method name=".ctor" signature="()" line-rate="0" branch-rate="1" complexity="1">
              <lines>
                <line number="27" hits="0" branch="false" />
                <line number="28" hits="0" branch="false" />
                <line number="30" hits="0" branch="false" />
              </lines>
            </method>
          </methods>
          <lines>
            <line number="11" hits="2" branch="false" />
            <line number="12" hits="1" branch="false" />
            <line number="13" hits="0" branch="false" />
            <line number="15" hits="1" branch="false" />
            <line number="18" hits="0" branch="false" />
            <line number="21" hits="1" branch="false" />
            <line number="22" hits="1" branch="false" />
            <line number="23" hits="1" branch="false" />
            <line number="24" hits="1" branch="false" />
            <line number="25" hits="1" branch="false" />
            <line number="27" hits="0" branch="false" />
            <line number="28" hits="0" branch="false" />
            <line number="30" hits="0" branch="false" />
            <line number="38" hits="3" branch="false" />
            <line number="39" hits="3" branch="false" />
            <line number="41" hits="1" branch="false" />
            <line number="42" hits="1" branch="false" />
            <line number="50" hits="0" branch="false" />
            <line number="51" hits="0" branch="false" />
            <line number="53" hits="0" branch="false" />
            <line number="55" hits="0" branch="false" />
            <line number="56" hits="0" branch="false" />
            <line number="64" hits="0" branch="false" />
            <line number="65" hits="0" branch="false" />
            <line number="67" hits="0" branch="true" condition-coverage="0% (0/2)" />
            <line number="68" hits="0" branch="false" />
            <line number="70" hits="0" branch="false" />
            <line number="71" hits="0" branch="false" />
            <line number="78" hits="0" branch="false" />
            <line number="79" hits="0" branch="false" />
            <line number="81" hits="0" branch="false" />
            <line number="82" hits="0" branch="false" />
          </lines>
        </class>
        <class name="Domain.Entities.Employee" filename="D:\Testovi\4CreateTest\Domain\Entities\Employee.cs" line-rate="0.645833333333333" branch-rate="0.25" complexity="14">
          <methods>
            <method name="get_FirstName" signature="()" line-rate="1" branch-rate="1" complexity="1">
              <lines>
                <line number="11" hits="1" branch="false" />
              </lines>
            </method>
            <method name="get_LastName" signature="()" line-rate="1" branch-rate="1" complexity="1">
              <lines>
                <line number="12" hits="1" branch="false" />
              </lines>
            </method>
            <method name="get_Email" signature="()" line-rate="1" branch-rate="1" complexity="1">
              <lines>
                <line number="13" hits="2" branch="false" />
              </lines>
            </method>
            <method name="get_Title" signature="()" line-rate="1" branch-rate="1" complexity="1">
              <lines>
                <line number="14" hits="2" branch="false" />
              </lines>
            </method>
            <method name="get_CreatedAt" signature="()" line-rate="1" branch-rate="1" complexity="1">
              <lines>
                <line number="15" hits="1" branch="false" />
              </lines>
            </method>
            <method name="get_LastModifiedAt" signature="()" line-rate="0" branch-rate="1" complexity="1">
              <lines>
                <line number="16" hits="0" branch="false" />
              </lines>
            </method>
            <method name="get_Companies" signature="()" line-rate="0" branch-rate="1" complexity="1">
              <lines>
                <line number="20" hits="0" branch="false" />
              </lines>
            </method>
            <method name="Create" signature="(...)" line-rate="0.8125" branch-rate="0.5" complexity="2">
              <lines>
                <line number="51" hits="3" branch="false" />
                <line number="52" hits="3" branch="false" />
                <line number="53" hits="3" branch="false" />
                <line number="54" hits="3" branch="false" />
                <line number="55" hits="1" branch="false" />
                <line number="56" hits="1" branch="false" />
                <line number="57" hits="1" branch="false" />
                <line number="58" hits="1" branch="false" />
                <line number="59" hits="1" branch="false" />
                <line number="60" hits="1" branch="false" />
                <line number="62" hits="1" branch="true" condition-coverage="50% (1/2)" />
                <line number="63" hits="0" branch="false" />
                <line number="64" hits="0" branch="false" />
                <line number="65" hits="0" branch="false" />
                <line number="67" hits="1" branch="false" />
                <line number="68" hits="1" branch="false" />
              </lines>
            </method>
            <method name="AddCompany" signature="(...)" line-rate="0" branch-rate="0" complexity="2">
              <lines>
                <line number="76" hits="0" branch="false" />
                <line number="77" hits="0" branch="false" />
                <line number="79" hits="0" branch="true" condition-coverage="0% (0/2)" />
                <line number="80" hits="0" branch="false" />
                <line number="82" hits="0" branch="false" />
                <line number="83" hits="0" branch="false" />
              </lines>
            </method>
            <method name="RemoveCompany" signature="(...)" line-rate="0" branch-rate="1" complexity="1">
              <lines>
                <line number="86" hits="0" branch="false" />
                <line number="87" hits="0" branch="false" />
                <line number="89" hits="0" branch="false" />
                <line number="90" hits="0" branch="false" />
              </lines>
            </method>
            <method name=".ctor" signature="(...)" line-rate="0.928571428571429" branch-rate="1" complexity="1">
              <lines>
                <line number="18" hits="1" branch="false" />
                <line number="20" hits="0" branch="false" />
                <line number="22" hits="1" branch="false" />
                <line number="23" hits="1" branch="false" />
                <line number="24" hits="1" branch="false" />
                <line number="25" hits="1" branch="false" />
                <line number="26" hits="1" branch="false" />
                <line number="27" hits="1" branch="false" />
                <line number="28" hits="1" branch="false" />
                <line number="29" hits="1" branch="false" />
                <line number="30" hits="1" branch="false" />
                <line number="31" hits="1" branch="false" />
                <line number="32" hits="1" branch="false" />
                <line number="33" hits="1" branch="false" />
              </lines>
            </method>
            <method name=".ctor" signature="()" line-rate="0" branch-rate="1" complexity="1">
              <lines>
                <line number="35" hits="0" branch="false" />
                <line number="36" hits="0" branch="false" />
              </lines>
            </method>
          </methods>
          <lines>
            <line number="11" hits="1" branch="false" />
            <line number="12" hits="1" branch="false" />
            <line number="13" hits="2" branch="false" />
            <line number="14" hits="2" branch="false" />
            <line number="15" hits="1" branch="false" />
            <line number="16" hits="0" branch="false" />
            <line number="18" hits="1" branch="false" />
            <line number="20" hits="0" branch="false" />
            <line number="22" hits="1" branch="false" />
            <line number="23" hits="1" branch="false" />
            <line number="24" hits="1" branch="false" />
            <line number="25" hits="1" branch="false" />
            <line number="26" hits="1" branch="false" />
            <line number="27" hits="1" branch="false" />
            <line number="28" hits="1" branch="false" />
            <line number="29" hits="1" branch="false" />
            <line number="30" hits="1" branch="false" />
            <line number="31" hits="1" branch="false" />
            <line number="32" hits="1" branch="false" />
            <line number="33" hits="1" branch="false" />
            <line number="35" hits="0" branch="false" />
            <line number="36" hits="0" branch="false" />
            <line number="51" hits="3" branch="false" />
            <line number="52" hits="3" branch="false" />
            <line number="53" hits="3" branch="false" />
            <line number="54" hits="3" branch="false" />
            <line number="55" hits="1" branch="false" />
            <line number="56" hits="1" branch="false" />
            <line number="57" hits="1" branch="false" />
            <line number="58" hits="1" branch="false" />
            <line number="59" hits="1" branch="false" />
            <line number="60" hits="1" branch="false" />
            <line number="62" hits="1" branch="true" condition-coverage="50% (1/2)" />
            <line number="63" hits="0" branch="false" />
            <line number="64" hits="0" branch="false" />
            <line number="65" hits="0" branch="false" />
            <line number="67" hits="1" branch="false" />
            <line number="68" hits="1" branch="false" />
            <line number="76" hits="0" branch="false" />
            <line number="77" hits="0" branch="false" />
            <line number="79" hits="0" branch="true" condition-coverage="0% (0/2)" />
            <line number="80" hits="0" branch="false" />
            <line number="82" hits="0" branch="false" />
            <line number="83" hits="0" branch="false" />
            <line number="86" hits="0" branch="false" />
            <line number="87" hits="0" branch="false" />
            <line number="89" hits="0" branch="false" />
            <line number="90" hits="0" branch="false" />
          </lines>
        </class>
        <class name="Domain.Entities.SystemLog" filename="D:\Testovi\4CreateTest\Domain\Entities\SystemLog.cs" line-rate="0.911764705882353" branch-rate="1" complexity="9">
          <methods>
            <method name="get_EntityType" signature="()" line-rate="1" branch-rate="1" complexity="1">
              <lines>
                <line number="8" hits="1" branch="false" />
              </lines>
            </method>
            <method name="get_EntityId" signature="()" line-rate="1" branch-rate="1" complexity="1">
              <lines>
                <line number="9" hits="1" branch="false" />
              </lines>
            </method>
            <method name="get_CreatedAt" signature="()" line-rate="1" branch-rate="1" complexity="1">
              <lines>
                <line number="10" hits="2" branch="false" />
              </lines>
            </method>
            <method name="get_Event" signature="()" line-rate="1" branch-rate="1" complexity="1">
              <lines>
                <line number="11" hits="2" branch="false" />
              </lines>
            </method>
            <method name="get_EntityAttributes" signature="()" line-rate="1" branch-rate="1" complexity="1">
              <lines>
                <line number="12" hits="1" branch="false" />
              </lines>
            </method>
            <method name="get_Comment" signature="()" line-rate="1" branch-rate="1" complexity="1">
              <lines>
                <line number="13" hits="1" branch="false" />
              </lines>
            </method>
            <method name="Create" signature="(...)" line-rate="1" branch-rate="1" complexity="1">
              <lines>
                <line number="41" hits="2" branch="false" />
                <line number="42" hits="2" branch="false" />
                <line number="43" hits="1" branch="false" />
                <line number="44" hits="1" branch="false" />
                <line number="46" hits="1" branch="false" />
                <line number="47" hits="1" branch="false" />
                <line number="48" hits="1" branch="false" />
                <line number="49" hits="1" branch="false" />
                <line number="50" hits="1" branch="false" />
                <line number="51" hits="1" branch="false" />
                <line number="52" hits="1" branch="false" />
              </lines>
            </method>
            <method name=".ctor" signature="(...)" line-rate="1" branch-rate="1" complexity="1">
              <lines>
                <line number="15" hits="1" branch="false" />
                <line number="16" hits="1" branch="false" />
                <line number="17" hits="1" branch="false" />
                <line number="18" hits="1" branch="false" />
                <line number="19" hits="1" branch="false" />
                <line number="20" hits="1" branch="false" />
                <line number="21" hits="1" branch="false" />
                <line number="22" hits="1" branch="false" />
                <line number="23" hits="1" branch="false" />
                <line number="24" hits="1" branch="false" />
                <line number="25" hits="1" branch="false" />
                <line number="26" hits="1" branch="false" />
                <line number="27" hits="1" branch="false" />
                <line number="28" hits="1" branch="false" />
              </lines>
            </method>
            <method name=".ctor" signature="()" line-rate="0" branch-rate="1" complexity="1">
              <lines>
                <line number="30" hits="0" branch="false" />
                <line number="31" hits="0" branch="false" />
                <line number="32" hits="0" branch="false" />
              </lines>
            </method>
          </methods>
          <lines>
            <line number="8" hits="1" branch="false" />
            <line number="9" hits="1" branch="false" />
            <line number="10" hits="2" branch="false" />
            <line number="11" hits="2" branch="false" />
            <line number="12" hits="1" branch="false" />
            <line number="13" hits="1" branch="false" />
            <line number="15" hits="1" branch="false" />
            <line number="16" hits="1" branch="false" />
            <line number="17" hits="1" branch="false" />
            <line number="18" hits="1" branch="false" />
            <line number="19" hits="1" branch="false" />
            <line number="20" hits="1" branch="false" />
            <line number="21" hits="1" branch="false" />
            <line number="22" hits="1" branch="false" />
            <line number="23" hits="1" branch="false" />
            <line number="24" hits="1" branch="false" />
            <line number="25" hits="1" branch="false" />
            <line number="26" hits="1" branch="false" />
            <line number="27" hits="1" branch="false" />
            <line number="28" hits="1" branch="false" />
            <line number="30" hits="0" branch="false" />
            <line number="31" hits="0" branch="false" />
            <line number="32" hits="0" branch="false" />
            <line number="41" hits="2" branch="false" />
            <line number="42" hits="2" branch="false" />
            <line number="43" hits="1" branch="false" />
            <line number="44" hits="1" branch="false" />
            <line number="46" hits="1" branch="false" />
            <line number="47" hits="1" branch="false" />
            <line number="48" hits="1" branch="false" />
            <line number="49" hits="1" branch="false" />
            <line number="50" hits="1" branch="false" />
            <line number="51" hits="1" branch="false" />
            <line number="52" hits="1" branch="false" />
          </lines>
        </class>
        <class name="Domain.Exceptions.CompanyNotFoundException" filename="D:\Testovi\4CreateTest\Domain\Exceptions\CompanyNotFoundException.cs" line-rate="0" branch-rate="1" complexity="1">
          <methods>
            <method name=".ctor" signature="(...)" line-rate="0" branch-rate="1" complexity="1">
              <lines>
                <line number="6" hits="0" branch="false" />
                <line number="7" hits="0" branch="false" />
                <line number="8" hits="0" branch="false" />
              </lines>
            </method>
          </methods>
          <lines>
            <line number="6" hits="0" branch="false" />
            <line number="7" hits="0" branch="false" />
            <line number="8" hits="0" branch="false" />
          </lines>
        </class>
        <class name="Domain.Exceptions.EmployeeNotFoundException" filename="D:\Testovi\4CreateTest\Domain\Exceptions\EmployeeNotFoundException.cs" line-rate="0" branch-rate="1" complexity="1">
          <methods>
            <method name=".ctor" signature="(...)" line-rate="0" branch-rate="1" complexity="1">
              <lines>
                <line number="6" hits="0" branch="false" />
                <line number="7" hits="0" branch="false" />
                <line number="8" hits="0" branch="false" />
              </lines>
            </method>
          </methods>
          <lines>
            <line number="6" hits="0" branch="false" />
            <line number="7" hits="0" branch="false" />
            <line number="8" hits="0" branch="false" />
          </lines>
        </class>
      </classes>
    </package>
    <package name="Test4Create.Domain.UnitTests" line-rate="0.984615384615385" branch-rate="1" complexity="9">
      <classes>
        <class name="AutoGeneratedProgram" filename="C:\Users\Olga Simic\.nuget\packages\microsoft.net.test.sdk\17.7.1\build\netcoreapp3.1\Microsoft.NET.Test.Sdk.Program.cs" line-rate="0" branch-rate="1" complexity="1">
          <methods>
            <method name="Main" signature="(...)" line-rate="0" branch-rate="1" complexity="1">
              <lines>
                <line number="4" hits="0" branch="false" />
              </lines>
            </method>
          </methods>
          <lines>
            <line number="4" hits="0" branch="false" />
          </lines>
        </class>
        <class name="Test4Create.Domain.UnitTests.CompanyTests" filename="D:\Testovi\4CreateTest\Test4Create.Domain.UnitTests\CompanyTests.cs" line-rate="1" branch-rate="1" complexity="3">
          <methods>
            <method name="Create_ShouldCreateCompany_WhenGivenValidName" signature="()" line-rate="1" branch-rate="1" complexity="1">
              <lines>
                <line number="10" hits="1" branch="false" />
                <line number="12" hits="1" branch="false" />
                <line number="15" hits="1" branch="false" />
                <line number="18" hits="1" branch="false" />
                <line number="19" hits="1" branch="false" />
                <line number="20" hits="1" branch="false" />
              </lines>
            </method>
            <method name="Create_ShouldThrowArgumentException_WhenGivenInvalidName" signature="(...)" line-rate="1" branch-rate="1" complexity="2">
              <lines>
                <line number="26" hits="2" branch="false" />
                <line number="27" hits="2" branch="true" condition-coverage="100% (2/2)" />
                <line number="28" hits="1" branch="false" />
                <line number="29" hits="2" branch="false" />
                <line number="31" hits="1" branch="false" />
                <line number="33" hits="1" branch="false" />
                <line number="34" hits="2" branch="false" />
                <line number="35" hits="1" branch="false" />
                <line number="36" hits="2" branch="false" />
              </lines>
            </method>
          </methods>
          <lines>
            <line number="10" hits="1" branch="false" />
            <line number="12" hits="1" branch="false" />
            <line number="15" hits="1" branch="false" />
            <line number="18" hits="1" branch="false" />
            <line number="19" hits="1" branch="false" />
            <line number="20" hits="1" branch="false" />
            <line number="26" hits="2" branch="false" />
            <line number="27" hits="2" branch="true" condition-coverage="100% (2/2)" />
            <line number="28" hits="1" branch="false" />
            <line number="29" hits="2" branch="false" />
            <line number="31" hits="1" branch="false" />
            <line number="33" hits="1" branch="false" />
            <line number="34" hits="2" branch="false" />
            <line number="35" hits="1" branch="false" />
            <line number="36" hits="2" branch="false" />
          </lines>
        </class>
        <class name="Test4Create.Domain.UnitTests.EmployeeTests" filename="D:\Testovi\4CreateTest\Test4Create.Domain.UnitTests\EmployeeTests.cs" line-rate="1" branch-rate="1" complexity="3">
          <methods>
            <method name="CreateEmployee_WithValidEmailAndTitle_ShouldCreateEmployee" signature="()" line-rate="1" branch-rate="1" complexity="1">
              <lines>
                <line number="11" hits="1" branch="false" />
                <line number="13" hits="1" branch="false" />
                <line number="14" hits="1" branch="false" />
                <line number="15" hits="1" branch="false" />
                <line number="16" hits="1" branch="false" />
                <line number="19" hits="1" branch="false" />
                <line number="22" hits="1" branch="false" />
                <line number="23" hits="1" branch="false" />
                <line number="24" hits="1" branch="false" />
              </lines>
            </method>
            <method name="CreateEmployee_WithInvalidEmail_ShouldThrowArgumentException" signature="(...)" line-rate="1" branch-rate="1" complexity="2">
              <lines>
                <line number="30" hits="2" branch="false" />
                <line number="32" hits="2" branch="false" />
                <line number="33" hits="2" branch="false" />
                <line number="34" hits="2" branch="false" />
                <line number="37" hits="2" branch="true" condition-coverage="100% (2/2)" />
                <line number="38" hits="1" branch="false" />
                <line number="39" hits="2" branch="false" />
                <line number="40" hits="1" branch="false" />
                <line number="42" hits="1" branch="false" />
                <line number="43" hits="2" branch="false" />
                <line number="44" hits="1" branch="false" />
                <line number="45" hits="2" branch="false" />
              </lines>
            </method>
          </methods>
          <lines>
            <line number="11" hits="1" branch="false" />
            <line number="13" hits="1" branch="false" />
            <line number="14" hits="1" branch="false" />
            <line number="15" hits="1" branch="false" />
            <line number="16" hits="1" branch="false" />
            <line number="19" hits="1" branch="false" />
            <line number="22" hits="1" branch="false" />
            <line number="23" hits="1" branch="false" />
            <line number="24" hits="1" branch="false" />
            <line number="30" hits="2" branch="false" />
            <line number="32" hits="2" branch="false" />
            <line number="33" hits="2" branch="false" />
            <line number="34" hits="2" branch="false" />
            <line number="37" hits="2" branch="true" condition-coverage="100% (2/2)" />
            <line number="38" hits="1" branch="false" />
            <line number="39" hits="2" branch="false" />
            <line number="40" hits="1" branch="false" />
            <line number="42" hits="1" branch="false" />
            <line number="43" hits="2" branch="false" />
            <line number="44" hits="1" branch="false" />
            <line number="45" hits="2" branch="false" />
          </lines>
        </class>
        <class name="Test4Create.Domain.UnitTests.SystemLogsTests" filename="D:\Testovi\4CreateTest\Test4Create.Domain.UnitTests\SystemLogsTests.cs" line-rate="1" branch-rate="1" complexity="2">
          <methods>
            <method name="Constructor_ShouldCreateSystemLog_WhenGivenValidEvent" signature="()" line-rate="1" branch-rate="1" complexity="1">
              <lines>
                <line number="11" hits="1" branch="false" />
                <line number="13" hits="1" branch="false" />
                <line number="14" hits="1" branch="false" />
                <line number="15" hits="1" branch="false" />
                <line number="16" hits="1" branch="false" />
                <line number="17" hits="1" branch="false" />
                <line number="20" hits="1" branch="false" />
                <line number="21" hits="1" branch="false" />
                <line number="22" hits="1" branch="false" />
                <line number="23" hits="1" branch="false" />
                <line number="24" hits="1" branch="false" />
                <line number="25" hits="1" branch="false" />
                <line number="28" hits="1" branch="false" />
                <line number="29" hits="1" branch="false" />
                <line number="30" hits="1" branch="false" />
                <line number="31" hits="1" branch="false" />
              </lines>
            </method>
            <method name="Create_ShouldThrowArgumentNullException_WhenGivenEmptyEntityType" signature="()" line-rate="1" branch-rate="1" complexity="1">
              <lines>
                <line number="35" hits="1" branch="false" />
                <line number="37" hits="1" branch="false" />
                <line number="38" hits="1" branch="false" />
                <line number="39" hits="1" branch="false" />
                <line number="40" hits="1" branch="false" />
                <line number="43" hits="2" branch="false" />
                <line number="44" hits="2" branch="false" />
                <line number="45" hits="2" branch="false" />
                <line number="46" hits="2" branch="false" />
                <line number="47" hits="2" branch="false" />
                <line number="48" hits="2" branch="false" />
                <line number="49" hits="1" branch="false" />
              </lines>
            </method>
          </methods>
          <lines>
            <line number="11" hits="1" branch="false" />
            <line number="13" hits="1" branch="false" />
            <line number="14" hits="1" branch="false" />
            <line number="15" hits="1" branch="false" />
            <line number="16" hits="1" branch="false" />
            <line number="17" hits="1" branch="false" />
            <line number="20" hits="1" branch="false" />
            <line number="21" hits="1" branch="false" />
            <line number="22" hits="1" branch="false" />
            <line number="23" hits="1" branch="false" />
            <line number="24" hits="1" branch="false" />
            <line number="25" hits="1" branch="false" />
            <line number="28" hits="1" branch="false" />
            <line number="29" hits="1" branch="false" />
            <line number="30" hits="1" branch="false" />
            <line number="31" hits="1" branch="false" />
            <line number="35" hits="1" branch="false" />
            <line number="37" hits="1" branch="false" />
            <line number="38" hits="1" branch="false" />
            <line number="39" hits="1" branch="false" />
            <line number="40" hits="1" branch="false" />
            <line number="43" hits="2" branch="false" />
            <line number="44" hits="2" branch="false" />
            <line number="45" hits="2" branch="false" />
            <line number="46" hits="2" branch="false" />
            <line number="47" hits="2" branch="false" />
            <line number="48" hits="2" branch="false" />
            <line number="49" hits="1" branch="false" />
          </lines>
        </class>
      </classes>
    </package>
  </packages>
</coverage>