TpTrace Verbose: 0 : 26752, 1, 2023/11/06, 15:49:27.992, 5220679896846, vstest.console.dll, Version: 17.8.0-release-23468-02 Current process architecture: X64
TpTrace Verbose: 0 : 26752, 1, 2023/11/06, 15:49:27.995, 5220679921526, vstest.console.dll, Runtime location: C:\Program Files\dotnet\shared\Microsoft.NETCore.App\8.0.0-rc.2.23479.6
TpTrace Verbose: 0 : 26752, 1, 2023/11/06, 15:49:27.998, 5220679955396, vstest.console.dll, ArtifactProcessingPostProcessModeProcessorExecutor.Initialize: ArtifactProcessingMode.Collect
TpTrace Verbose: 0 : 26752, 1, 2023/11/06, 15:49:27.998, 5220679956703, vstest.console.dll, TestSessionCorrelationIdProcessorModeProcessorExecutor.Initialize: TestSessionCorrelationId '34112_48a53511-0676-4f87-8fed-07362601e635'
TpTrace Information: 0 : 26752, 1, 2023/11/06, 15:49:28.006, 5220680036735, vstest.console.dll, FilePatternParser: The given file D:\Testovi\4CreateTest\Test4Create.Domain.UnitTests\bin\Debug\net7.0\fine-code-coverage\build-output\Test4Create.Domain.UnitTests.dll is a full path.
TpTrace Verbose: 0 : 26752, 1, 2023/11/06, 15:49:28.012, 5220680090409, vstest.console.dll, TestPluginCache.DiscoverTestExtensions: finding test extensions in assemblies ends with: RuntimeProvider.dll TPluginInfo: Microsoft.VisualStudio.TestPlatform.Common.ExtensionFramework.Utilities.TestRuntimePluginInformation TExtension: Microsoft.VisualStudio.TestPlatform.ObjectModel.Host.ITestRuntimeProvider
TpTrace Verbose: 0 : 26752, 1, 2023/11/06, 15:49:28.012, 5220680093746, vstest.console.dll, TestPluginCache.GetExtensionPaths: Filtered extension paths: 
TpTrace Verbose: 0 : 26752, 1, 2023/11/06, 15:49:28.012, 5220680094462, vstest.console.dll, TestPluginCache.GetExtensionPaths: Added default extension paths: C:\Program Files\dotnet\sdk\8.0.100-rc.2.23502.2\Extensions\Microsoft.Diagnostics.NETCore.Client.dll
C:\Program Files\dotnet\sdk\8.0.100-rc.2.23502.2\Extensions\Microsoft.TestPlatform.Extensions.BlameDataCollector.dll
C:\Program Files\dotnet\sdk\8.0.100-rc.2.23502.2\Extensions\Microsoft.TestPlatform.Extensions.EventLogCollector.dll
C:\Program Files\dotnet\sdk\8.0.100-rc.2.23502.2\Extensions\Microsoft.TestPlatform.TestHostRuntimeProvider.dll
C:\Program Files\dotnet\sdk\8.0.100-rc.2.23502.2\Extensions\Microsoft.VisualStudio.TestPlatform.Extensions.Html.TestLogger.dll
C:\Program Files\dotnet\sdk\8.0.100-rc.2.23502.2\Extensions\Microsoft.VisualStudio.TestPlatform.Extensions.Trx.TestLogger.dll
TpTrace Verbose: 0 : 26752, 1, 2023/11/06, 15:49:28.012, 5220680094747, vstest.console.dll, TestPluginCache.GetExtensionPaths: Added unfilterableExtensionPaths: 
TpTrace Information: 0 : 26752, 1, 2023/11/06, 15:49:28.013, 5220680099570, vstest.console.dll, AssemblyResolver.ctor: Creating AssemblyResolver with searchDirectories C:\Program Files\dotnet\sdk\8.0.100-rc.2.23502.2\Extensions,C:\Program Files\dotnet\sdk\8.0.100-rc.2.23502.2
TpTrace Verbose: 0 : 26752, 1, 2023/11/06, 15:49:28.015, 5220680123920, vstest.console.dll, TestPluginCache.DiscoverTestExtensions: Discovering the extensions using extension path.
TpTrace Verbose: 0 : 26752, 1, 2023/11/06, 15:49:28.015, 5220680126041, vstest.console.dll, TestPluginCache.GetExtensionPaths: Filtered extension paths: 
TpTrace Verbose: 0 : 26752, 1, 2023/11/06, 15:49:28.015, 5220680126426, vstest.console.dll, TestPluginCache.GetExtensionPaths: Added default extension paths: C:\Program Files\dotnet\sdk\8.0.100-rc.2.23502.2\Extensions\Microsoft.Diagnostics.NETCore.Client.dll
C:\Program Files\dotnet\sdk\8.0.100-rc.2.23502.2\Extensions\Microsoft.TestPlatform.Extensions.BlameDataCollector.dll
C:\Program Files\dotnet\sdk\8.0.100-rc.2.23502.2\Extensions\Microsoft.TestPlatform.Extensions.EventLogCollector.dll
C:\Program Files\dotnet\sdk\8.0.100-rc.2.23502.2\Extensions\Microsoft.TestPlatform.TestHostRuntimeProvider.dll
C:\Program Files\dotnet\sdk\8.0.100-rc.2.23502.2\Extensions\Microsoft.VisualStudio.TestPlatform.Extensions.Html.TestLogger.dll
C:\Program Files\dotnet\sdk\8.0.100-rc.2.23502.2\Extensions\Microsoft.VisualStudio.TestPlatform.Extensions.Trx.TestLogger.dll
TpTrace Verbose: 0 : 26752, 1, 2023/11/06, 15:49:28.015, 5220680126750, vstest.console.dll, TestPluginCache.GetExtensionPaths: Added unfilterableExtensionPaths: 
TpTrace Verbose: 0 : 26752, 1, 2023/11/06, 15:49:28.015, 5220680127548, vstest.console.dll, TestPluginCache.DiscoverTestExtensions: Discovering the extensions using allExtensionPaths: C:\Program Files\dotnet\sdk\8.0.100-rc.2.23502.2\Extensions\Microsoft.Diagnostics.NETCore.Client.dll
C:\Program Files\dotnet\sdk\8.0.100-rc.2.23502.2\Extensions\Microsoft.TestPlatform.Extensions.BlameDataCollector.dll
C:\Program Files\dotnet\sdk\8.0.100-rc.2.23502.2\Extensions\Microsoft.TestPlatform.Extensions.EventLogCollector.dll
C:\Program Files\dotnet\sdk\8.0.100-rc.2.23502.2\Extensions\Microsoft.TestPlatform.TestHostRuntimeProvider.dll
C:\Program Files\dotnet\sdk\8.0.100-rc.2.23502.2\Extensions\Microsoft.VisualStudio.TestPlatform.Extensions.Html.TestLogger.dll
C:\Program Files\dotnet\sdk\8.0.100-rc.2.23502.2\Extensions\Microsoft.VisualStudio.TestPlatform.Extensions.Trx.TestLogger.dll
TpTrace Information: 0 : 26752, 1, 2023/11/06, 15:49:28.016, 5220680128833, vstest.console.dll, AssemblyResolver.AddSearchDirectories: Adding more searchDirectories C:\Program Files\dotnet\sdk\8.0.100-rc.2.23502.2\Extensions,C:\Program Files\dotnet\sdk\8.0.100-rc.2.23502.2
TpTrace Information: 0 : 26752, 1, 2023/11/06, 15:49:28.016, 5220680129321, vstest.console.dll, AssemblyResolver.AddSearchDirectories: Adding more searchDirectories C:\Program Files\dotnet\sdk\8.0.100-rc.2.23502.2\Extensions,C:\Program Files\dotnet\sdk\8.0.100-rc.2.23502.2
TpTrace Information: 0 : 26752, 1, 2023/11/06, 15:49:28.016, 5220680129610, vstest.console.dll, AssemblyResolver.AddSearchDirectories: Adding more searchDirectories C:\Program Files\dotnet\sdk\8.0.100-rc.2.23502.2\Extensions,C:\Program Files\dotnet\sdk\8.0.100-rc.2.23502.2
TpTrace Information: 0 : 26752, 1, 2023/11/06, 15:49:28.016, 5220680129869, vstest.console.dll, AssemblyResolver.AddSearchDirectories: Adding more searchDirectories C:\Program Files\dotnet\sdk\8.0.100-rc.2.23502.2\Extensions,C:\Program Files\dotnet\sdk\8.0.100-rc.2.23502.2
TpTrace Information: 0 : 26752, 1, 2023/11/06, 15:49:28.016, 5220680130124, vstest.console.dll, AssemblyResolver.AddSearchDirectories: Adding more searchDirectories C:\Program Files\dotnet\sdk\8.0.100-rc.2.23502.2\Extensions,C:\Program Files\dotnet\sdk\8.0.100-rc.2.23502.2
TpTrace Information: 0 : 26752, 1, 2023/11/06, 15:49:28.016, 5220680130428, vstest.console.dll, AssemblyResolver.AddSearchDirectories: Adding more searchDirectories C:\Program Files\dotnet\sdk\8.0.100-rc.2.23502.2\Extensions,C:\Program Files\dotnet\sdk\8.0.100-rc.2.23502.2
TpTrace Information: 0 : 26752, 1, 2023/11/06, 15:49:28.016, 5220680136781, vstest.console.dll, AssemblyResolver.OnResolve: Microsoft.Diagnostics.NETCore.Client: Resolving assembly.
TpTrace Information: 0 : 26752, 1, 2023/11/06, 15:49:28.016, 5220680138311, vstest.console.dll, AssemblyResolver.OnResolve: Microsoft.Diagnostics.NETCore.Client: Searching in: 'C:\Program Files\dotnet\sdk\8.0.100-rc.2.23502.2\Extensions'.
TpTrace Information: 0 : 26752, 1, 2023/11/06, 15:49:28.025, 5220680225640, vstest.console.dll, AssemblyResolver.OnResolve: Microsoft.Diagnostics.NETCore.Client: Loading assembly 'C:\Program Files\dotnet\sdk\8.0.100-rc.2.23502.2\Extensions\Microsoft.Diagnostics.NETCore.Client.dll'.
TpTrace Information: 0 : 26752, 1, 2023/11/06, 15:49:28.026, 5220680237454, vstest.console.dll, AssemblyResolver.OnResolve: Resolved assembly: Microsoft.Diagnostics.NETCore.Client, from path: C:\Program Files\dotnet\sdk\8.0.100-rc.2.23502.2\Extensions\Microsoft.Diagnostics.NETCore.Client.dll
TpTrace Verbose: 0 : 26752, 1, 2023/11/06, 15:49:28.030, 5220680272384, vstest.console.dll, MetadataReaderExtensionsHelper: Discovering extensions inside assembly 'Microsoft.Diagnostics.NETCore.Client, Version=0.2.8.21101, Culture=neutral, PublicKeyToken=31bf3856ad364e35' file path 'C:\Program Files\dotnet\sdk\8.0.100-rc.2.23502.2\Extensions\Microsoft.Diagnostics.NETCore.Client.dll'
TpTrace Information: 0 : 26752, 1, 2023/11/06, 15:49:28.036, 5220680334609, vstest.console.dll, AssemblyResolver.OnResolve: Microsoft.Bcl.AsyncInterfaces: Resolving assembly.
TpTrace Information: 0 : 26752, 1, 2023/11/06, 15:49:28.036, 5220680335789, vstest.console.dll, AssemblyResolver.OnResolve: Microsoft.Bcl.AsyncInterfaces: Searching in: 'C:\Program Files\dotnet\sdk\8.0.100-rc.2.23502.2\Extensions'.
TpTrace Information: 0 : 26752, 1, 2023/11/06, 15:49:28.036, 5220680336588, vstest.console.dll, AssemblyResolver.OnResolve: Microsoft.Bcl.AsyncInterfaces: Assembly path does not exist: 'C:\Program Files\dotnet\sdk\8.0.100-rc.2.23502.2\Extensions\Microsoft.Bcl.AsyncInterfaces.dll', returning.
TpTrace Information: 0 : 26752, 1, 2023/11/06, 15:49:28.036, 5220680337042, vstest.console.dll, AssemblyResolver.OnResolve: Microsoft.Bcl.AsyncInterfaces: Assembly path does not exist: 'C:\Program Files\dotnet\sdk\8.0.100-rc.2.23502.2\Extensions\Microsoft.Bcl.AsyncInterfaces.exe', returning.
TpTrace Information: 0 : 26752, 1, 2023/11/06, 15:49:28.036, 5220680337336, vstest.console.dll, AssemblyResolver.OnResolve: Microsoft.Bcl.AsyncInterfaces: Searching in: 'C:\Program Files\dotnet\sdk\8.0.100-rc.2.23502.2'.
TpTrace Information: 0 : 26752, 1, 2023/11/06, 15:49:28.036, 5220680337842, vstest.console.dll, AssemblyResolver.OnResolve: Microsoft.Bcl.AsyncInterfaces: Assembly path does not exist: 'C:\Program Files\dotnet\sdk\8.0.100-rc.2.23502.2\Microsoft.Bcl.AsyncInterfaces.dll', returning.
TpTrace Information: 0 : 26752, 1, 2023/11/06, 15:49:28.036, 5220680338275, vstest.console.dll, AssemblyResolver.OnResolve: Microsoft.Bcl.AsyncInterfaces: Assembly path does not exist: 'C:\Program Files\dotnet\sdk\8.0.100-rc.2.23502.2\Microsoft.Bcl.AsyncInterfaces.exe', returning.
TpTrace Information: 0 : 26752, 1, 2023/11/06, 15:49:28.037, 5220680338476, vstest.console.dll, AssemblyResolver.OnResolve: Microsoft.Bcl.AsyncInterfaces: Failed to load assembly.
TpTrace Verbose: 0 : 26752, 1, 2023/11/06, 15:49:28.037, 5220680338775, vstest.console.dll, CurrentDomainAssemblyResolve: Resolving assembly 'Microsoft.Bcl.AsyncInterfaces'.
TpTrace Information: 0 : 26752, 1, 2023/11/06, 15:49:28.037, 5220680339253, vstest.console.dll, AssemblyResolver.OnResolve: Microsoft.Bcl.AsyncInterfaces: Resolving assembly.
TpTrace Information: 0 : 26752, 1, 2023/11/06, 15:49:28.037, 5220680339547, vstest.console.dll, AssemblyResolver.OnResolve: Microsoft.Bcl.AsyncInterfaces: Resolved from cache.
TpTrace Verbose: 0 : 26752, 1, 2023/11/06, 15:49:28.037, 5220680339727, vstest.console.dll, CurrentDomainAssemblyResolve: Resolving assembly 'Microsoft.Bcl.AsyncInterfaces'.
TpTrace Verbose: 0 : 26752, 1, 2023/11/06, 15:49:28.037, 5220680339968, vstest.console.dll, CurrentDomainAssemblyResolve: Failed to resolve assembly 'Microsoft.Bcl.AsyncInterfaces'.
TpTrace Verbose: 0 : 26752, 1, 2023/11/06, 15:49:28.038, 5220680349999, vstest.console.dll, CurrentDomainAssemblyResolve: Failed to resolve assembly 'Microsoft.Bcl.AsyncInterfaces'.
TpTrace Warning: 0 : 26752, 1, 2023/11/06, 15:49:28.049, 5220680459108, vstest.console.dll, TestPluginDiscoverer: Failed to get types from assembly 'Microsoft.Diagnostics.NETCore.Client, Version=0.2.8.21101, Culture=neutral, PublicKeyToken=31bf3856ad364e35'. Error: System.Reflection.ReflectionTypeLoadException: Unable to load one or more of the requested types.
Could not load file or assembly 'Microsoft.Bcl.AsyncInterfaces, Version=1.0.0.0, Culture=neutral, PublicKeyToken=cc7b13ffcd2ddd51'. The system cannot find the file specified.
   at System.Reflection.RuntimeModule.GetTypes(RuntimeModule module)
   at System.Reflection.RuntimeModule.GetTypes()
   at Microsoft.VisualStudio.TestPlatform.Common.ExtensionFramework.TestPluginDiscoverer.GetTestExtensionsFromAssembly[TPluginInfo,TExtension](Assembly assembly, Dictionary`2 pluginInfos, String filePath) in /_/src/Microsoft.TestPlatform.Common/ExtensionFramework/TestPluginDiscoverer.cs:line 158
System.IO.FileNotFoundException: Could not load file or assembly 'Microsoft.Bcl.AsyncInterfaces, Version=1.0.0.0, Culture=neutral, PublicKeyToken=cc7b13ffcd2ddd51'. The system cannot find the file specified.
File name: 'Microsoft.Bcl.AsyncInterfaces, Version=1.0.0.0, Culture=neutral, PublicKeyToken=cc7b13ffcd2ddd51'
 ---> System.IO.FileNotFoundException: Could not load file or assembly 'Microsoft.Bcl.AsyncInterfaces, Culture=neutral, PublicKeyToken=null'. The system cannot find the file specified.
File name: 'Microsoft.Bcl.AsyncInterfaces, Culture=neutral, PublicKeyToken=null'
   at System.Reflection.RuntimeAssembly.InternalLoad(AssemblyName assemblyName, StackCrawlMark& stackMark, AssemblyLoadContext assemblyLoadContext, RuntimeAssembly requestingAssembly, Boolean throwOnFileNotFound)
   at System.Reflection.Assembly.Load(AssemblyName assemblyRef)
   at Microsoft.VisualStudio.TestPlatform.Common.ExtensionFramework.TestPluginCache.CurrentDomainAssemblyResolve(Object sender, AssemblyResolveEventArgs args) in /_/src/Microsoft.TestPlatform.Common/ExtensionFramework/TestPluginCache.cs:line 513
   at System.Runtime.Loader.AssemblyLoadContext.GetFirstResolvedAssemblyFromResolvingEvent(AssemblyName assemblyName)
   at System.Runtime.Loader.AssemblyLoadContext.ResolveUsingEvent(AssemblyName assemblyName)
   at System.Runtime.Loader.AssemblyLoadContext.ResolveUsingResolvingEvent(IntPtr gchManagedAssemblyLoadContext, AssemblyName assemblyName)
TpTrace Warning: 0 : 26752, 1, 2023/11/06, 15:49:28.049, 5220680462334, vstest.console.dll, LoaderExceptions: System.IO.FileNotFoundException: Could not load file or assembly 'Microsoft.Bcl.AsyncInterfaces, Version=1.0.0.0, Culture=neutral, PublicKeyToken=cc7b13ffcd2ddd51'. The system cannot find the file specified.
File name: 'Microsoft.Bcl.AsyncInterfaces, Version=1.0.0.0, Culture=neutral, PublicKeyToken=cc7b13ffcd2ddd51'
 ---> System.IO.FileNotFoundException: Could not load file or assembly 'Microsoft.Bcl.AsyncInterfaces, Culture=neutral, PublicKeyToken=null'. The system cannot find the file specified.
File name: 'Microsoft.Bcl.AsyncInterfaces, Culture=neutral, PublicKeyToken=null'
   at System.Reflection.RuntimeAssembly.InternalLoad(AssemblyName assemblyName, StackCrawlMark& stackMark, AssemblyLoadContext assemblyLoadContext, RuntimeAssembly requestingAssembly, Boolean throwOnFileNotFound)
   at System.Reflection.Assembly.Load(AssemblyName assemblyRef)
   at Microsoft.VisualStudio.TestPlatform.Common.ExtensionFramework.TestPluginCache.CurrentDomainAssemblyResolve(Object sender, AssemblyResolveEventArgs args) in /_/src/Microsoft.TestPlatform.Common/ExtensionFramework/TestPluginCache.cs:line 513
   at System.Runtime.Loader.AssemblyLoadContext.GetFirstResolvedAssemblyFromResolvingEvent(AssemblyName assemblyName)
   at System.Runtime.Loader.AssemblyLoadContext.ResolveUsingEvent(AssemblyName assemblyName)
   at System.Runtime.Loader.AssemblyLoadContext.ResolveUsingResolvingEvent(IntPtr gchManagedAssemblyLoadContext, AssemblyName assemblyName)
TpTrace Information: 0 : 26752, 1, 2023/11/06, 15:49:28.049, 5220680463441, vstest.console.dll, AssemblyResolver.OnResolve: Microsoft.TestPlatform.Extensions.BlameDataCollector: Resolving assembly.
TpTrace Information: 0 : 26752, 1, 2023/11/06, 15:49:28.049, 5220680463727, vstest.console.dll, AssemblyResolver.OnResolve: Microsoft.TestPlatform.Extensions.BlameDataCollector: Searching in: 'C:\Program Files\dotnet\sdk\8.0.100-rc.2.23502.2\Extensions'.
TpTrace Information: 0 : 26752, 1, 2023/11/06, 15:49:28.050, 5220680470645, vstest.console.dll, AssemblyResolver.OnResolve: Microsoft.TestPlatform.Extensions.BlameDataCollector: Loading assembly 'C:\Program Files\dotnet\sdk\8.0.100-rc.2.23502.2\Extensions\Microsoft.TestPlatform.Extensions.BlameDataCollector.dll'.
TpTrace Information: 0 : 26752, 1, 2023/11/06, 15:49:28.051, 5220680479557, vstest.console.dll, AssemblyResolver.OnResolve: Resolved assembly: Microsoft.TestPlatform.Extensions.BlameDataCollector, from path: C:\Program Files\dotnet\sdk\8.0.100-rc.2.23502.2\Extensions\Microsoft.TestPlatform.Extensions.BlameDataCollector.dll
TpTrace Verbose: 0 : 26752, 1, 2023/11/06, 15:49:28.051, 5220680480696, vstest.console.dll, MetadataReaderExtensionsHelper: Discovering extensions inside assembly 'Microsoft.TestPlatform.Extensions.BlameDataCollector, Version=15.0.0.0, Culture=neutral, PublicKeyToken=b03f5f7f11d50a3a' file path 'C:\Program Files\dotnet\sdk\8.0.100-rc.2.23502.2\Extensions\Microsoft.TestPlatform.Extensions.BlameDataCollector.dll'
TpTrace Information: 0 : 26752, 1, 2023/11/06, 15:49:28.052, 5220680496941, vstest.console.dll, AssemblyResolver.OnResolve: Microsoft.TestPlatform.Extensions.EventLogCollector: Resolving assembly.
TpTrace Information: 0 : 26752, 1, 2023/11/06, 15:49:28.052, 5220680497980, vstest.console.dll, AssemblyResolver.OnResolve: Microsoft.TestPlatform.Extensions.EventLogCollector: Searching in: 'C:\Program Files\dotnet\sdk\8.0.100-rc.2.23502.2\Extensions'.
TpTrace Information: 0 : 26752, 1, 2023/11/06, 15:49:28.053, 5220680505000, vstest.console.dll, AssemblyResolver.OnResolve: Microsoft.TestPlatform.Extensions.EventLogCollector: Loading assembly 'C:\Program Files\dotnet\sdk\8.0.100-rc.2.23502.2\Extensions\Microsoft.TestPlatform.Extensions.EventLogCollector.dll'.
TpTrace Information: 0 : 26752, 1, 2023/11/06, 15:49:28.054, 5220680512801, vstest.console.dll, AssemblyResolver.OnResolve: Resolved assembly: Microsoft.TestPlatform.Extensions.EventLogCollector, from path: C:\Program Files\dotnet\sdk\8.0.100-rc.2.23502.2\Extensions\Microsoft.TestPlatform.Extensions.EventLogCollector.dll
TpTrace Verbose: 0 : 26752, 1, 2023/11/06, 15:49:28.054, 5220680513667, vstest.console.dll, MetadataReaderExtensionsHelper: Discovering extensions inside assembly 'Microsoft.TestPlatform.Extensions.EventLogCollector, Version=15.0.0.0, Culture=neutral, PublicKeyToken=b03f5f7f11d50a3a' file path 'C:\Program Files\dotnet\sdk\8.0.100-rc.2.23502.2\Extensions\Microsoft.TestPlatform.Extensions.EventLogCollector.dll'
TpTrace Information: 0 : 26752, 1, 2023/11/06, 15:49:28.058, 5220680549829, vstest.console.dll, AssemblyResolver.OnResolve: Microsoft.TestPlatform.TestHostRuntimeProvider: Resolving assembly.
TpTrace Information: 0 : 26752, 1, 2023/11/06, 15:49:28.058, 5220680551237, vstest.console.dll, AssemblyResolver.OnResolve: Microsoft.TestPlatform.TestHostRuntimeProvider: Searching in: 'C:\Program Files\dotnet\sdk\8.0.100-rc.2.23502.2\Extensions'.
TpTrace Information: 0 : 26752, 1, 2023/11/06, 15:49:28.058, 5220680558216, vstest.console.dll, AssemblyResolver.OnResolve: Microsoft.TestPlatform.TestHostRuntimeProvider: Loading assembly 'C:\Program Files\dotnet\sdk\8.0.100-rc.2.23502.2\Extensions\Microsoft.TestPlatform.TestHostRuntimeProvider.dll'.
TpTrace Information: 0 : 26752, 1, 2023/11/06, 15:49:28.059, 5220680565463, vstest.console.dll, AssemblyResolver.OnResolve: Resolved assembly: Microsoft.TestPlatform.TestHostRuntimeProvider, from path: C:\Program Files\dotnet\sdk\8.0.100-rc.2.23502.2\Extensions\Microsoft.TestPlatform.TestHostRuntimeProvider.dll
TpTrace Verbose: 0 : 26752, 1, 2023/11/06, 15:49:28.059, 5220680566354, vstest.console.dll, MetadataReaderExtensionsHelper: Discovering extensions inside assembly 'Microsoft.TestPlatform.TestHostRuntimeProvider, Version=15.0.0.0, Culture=neutral, PublicKeyToken=b03f5f7f11d50a3a' file path 'C:\Program Files\dotnet\sdk\8.0.100-rc.2.23502.2\Extensions\Microsoft.TestPlatform.TestHostRuntimeProvider.dll'
TpTrace Information: 0 : 26752, 1, 2023/11/06, 15:49:28.061, 5220680582205, vstest.console.dll, GetTestExtensionFromType: Register extension with identifier data 'HostProvider://DefaultTestHost' and type 'Microsoft.VisualStudio.TestPlatform.CrossPlatEngine.Hosting.DefaultTestHostManager, Microsoft.TestPlatform.TestHostRuntimeProvider, Version=15.0.0.0, Culture=neutral, PublicKeyToken=b03f5f7f11d50a3a' inside file 'C:\Program Files\dotnet\sdk\8.0.100-rc.2.23502.2\Extensions\Microsoft.TestPlatform.TestHostRuntimeProvider.dll'
TpTrace Information: 0 : 26752, 1, 2023/11/06, 15:49:28.061, 5220680585719, vstest.console.dll, GetTestExtensionFromType: Register extension with identifier data 'HostProvider://DotnetTestHost' and type 'Microsoft.VisualStudio.TestPlatform.CrossPlatEngine.Hosting.DotnetTestHostManager, Microsoft.TestPlatform.TestHostRuntimeProvider, Version=15.0.0.0, Culture=neutral, PublicKeyToken=b03f5f7f11d50a3a' inside file 'C:\Program Files\dotnet\sdk\8.0.100-rc.2.23502.2\Extensions\Microsoft.TestPlatform.TestHostRuntimeProvider.dll'
TpTrace Information: 0 : 26752, 1, 2023/11/06, 15:49:28.061, 5220680586862, vstest.console.dll, AssemblyResolver.OnResolve: Microsoft.VisualStudio.TestPlatform.Extensions.Html.TestLogger: Resolving assembly.
TpTrace Information: 0 : 26752, 1, 2023/11/06, 15:49:28.061, 5220680587141, vstest.console.dll, AssemblyResolver.OnResolve: Microsoft.VisualStudio.TestPlatform.Extensions.Html.TestLogger: Searching in: 'C:\Program Files\dotnet\sdk\8.0.100-rc.2.23502.2\Extensions'.
TpTrace Information: 0 : 26752, 1, 2023/11/06, 15:49:28.062, 5220680594644, vstest.console.dll, AssemblyResolver.OnResolve: Microsoft.VisualStudio.TestPlatform.Extensions.Html.TestLogger: Loading assembly 'C:\Program Files\dotnet\sdk\8.0.100-rc.2.23502.2\Extensions\Microsoft.VisualStudio.TestPlatform.Extensions.Html.TestLogger.dll'.
TpTrace Information: 0 : 26752, 1, 2023/11/06, 15:49:28.063, 5220680602721, vstest.console.dll, AssemblyResolver.OnResolve: Resolved assembly: Microsoft.VisualStudio.TestPlatform.Extensions.Html.TestLogger, from path: C:\Program Files\dotnet\sdk\8.0.100-rc.2.23502.2\Extensions\Microsoft.VisualStudio.TestPlatform.Extensions.Html.TestLogger.dll
TpTrace Verbose: 0 : 26752, 1, 2023/11/06, 15:49:28.063, 5220680603673, vstest.console.dll, MetadataReaderExtensionsHelper: Discovering extensions inside assembly 'Microsoft.VisualStudio.TestPlatform.Extensions.Html.TestLogger, Version=15.0.0.0, Culture=neutral, PublicKeyToken=b03f5f7f11d50a3a' file path 'C:\Program Files\dotnet\sdk\8.0.100-rc.2.23502.2\Extensions\Microsoft.VisualStudio.TestPlatform.Extensions.Html.TestLogger.dll'
TpTrace Information: 0 : 26752, 1, 2023/11/06, 15:49:28.065, 5220680619333, vstest.console.dll, AssemblyResolver.OnResolve: Microsoft.VisualStudio.TestPlatform.Extensions.Trx.TestLogger: Resolving assembly.
TpTrace Information: 0 : 26752, 1, 2023/11/06, 15:49:28.065, 5220680620727, vstest.console.dll, AssemblyResolver.OnResolve: Microsoft.VisualStudio.TestPlatform.Extensions.Trx.TestLogger: Searching in: 'C:\Program Files\dotnet\sdk\8.0.100-rc.2.23502.2\Extensions'.
TpTrace Information: 0 : 26752, 1, 2023/11/06, 15:49:28.065, 5220680627216, vstest.console.dll, AssemblyResolver.OnResolve: Microsoft.VisualStudio.TestPlatform.Extensions.Trx.TestLogger: Loading assembly 'C:\Program Files\dotnet\sdk\8.0.100-rc.2.23502.2\Extensions\Microsoft.VisualStudio.TestPlatform.Extensions.Trx.TestLogger.dll'.
TpTrace Information: 0 : 26752, 1, 2023/11/06, 15:49:28.066, 5220680636796, vstest.console.dll, AssemblyResolver.OnResolve: Resolved assembly: Microsoft.VisualStudio.TestPlatform.Extensions.Trx.TestLogger, from path: C:\Program Files\dotnet\sdk\8.0.100-rc.2.23502.2\Extensions\Microsoft.VisualStudio.TestPlatform.Extensions.Trx.TestLogger.dll
TpTrace Verbose: 0 : 26752, 1, 2023/11/06, 15:49:28.066, 5220680638205, vstest.console.dll, MetadataReaderExtensionsHelper: Discovering extensions inside assembly 'Microsoft.VisualStudio.TestPlatform.Extensions.Trx.TestLogger, Version=15.0.0.0, Culture=neutral, PublicKeyToken=b03f5f7f11d50a3a' file path 'C:\Program Files\dotnet\sdk\8.0.100-rc.2.23502.2\Extensions\Microsoft.VisualStudio.TestPlatform.Extensions.Trx.TestLogger.dll'
TpTrace Verbose: 0 : 26752, 1, 2023/11/06, 15:49:28.068, 5220680653215, vstest.console.dll, TestPluginCache: Discovered the extensions using extension path ''.
TpTrace Verbose: 0 : 26752, 1, 2023/11/06, 15:49:28.068, 5220680654463, vstest.console.dll, TestPluginCache: Discoverers are ''.
TpTrace Verbose: 0 : 26752, 1, 2023/11/06, 15:49:28.068, 5220680654666, vstest.console.dll, TestPluginCache: Executors are ''.
TpTrace Verbose: 0 : 26752, 1, 2023/11/06, 15:49:28.068, 5220680654834, vstest.console.dll, TestPluginCache: Executors2 are ''.
TpTrace Verbose: 0 : 26752, 1, 2023/11/06, 15:49:28.068, 5220680654992, vstest.console.dll, TestPluginCache: Setting providers are ''.
TpTrace Verbose: 0 : 26752, 1, 2023/11/06, 15:49:28.068, 5220680655199, vstest.console.dll, TestPluginCache: Loggers are ''.
TpTrace Verbose: 0 : 26752, 1, 2023/11/06, 15:49:28.068, 5220680657005, vstest.console.dll, TestPluginCache: TestHosts are 'HostProvider://DefaultTestHost,HostProvider://DotnetTestHost'.
TpTrace Verbose: 0 : 26752, 1, 2023/11/06, 15:49:28.068, 5220680657390, vstest.console.dll, TestPluginCache: DataCollectors are ''.
TpTrace Information: 0 : 26752, 1, 2023/11/06, 15:49:28.084, 5220680810620, vstest.console.dll, RunTestsArgumentProcessor:Execute: Test run is starting.
TpTrace Verbose: 0 : 26752, 1, 2023/11/06, 15:49:28.084, 5220680811724, vstest.console.dll, RunTestsArgumentProcessor:Execute: Queuing Test run.
TpTrace Information: 0 : 26752, 1, 2023/11/06, 15:49:28.084, 5220680813252, vstest.console.dll, TestRequestManager.RunTests: run tests started.
TpTrace Information: 0 : 26752, 1, 2023/11/06, 15:49:28.085, 5220680824413, vstest.console.dll, AssemblyMetadataProvider.GetFrameworkName: Determined framework:'.NETCoreApp,Version=v7.0' for source: 'D:\Testovi\4CreateTest\Test4Create.Domain.UnitTests\bin\Debug\net7.0\fine-code-coverage\build-output\Test4Create.Domain.UnitTests.dll'
TpTrace Information: 0 : 26752, 1, 2023/11/06, 15:49:28.085, 5220680826366, vstest.console.dll, Determined framework for all sources: .NETCoreApp,Version=v7.0
TpTrace Verbose: 0 : 26752, 1, 2023/11/06, 15:49:28.086, 5220680829394, vstest.console.dll, TestRequestManager.UpdateRunSettingsIfRequired: Default architecture: X64 IsDefaultTargetArchitecture: True, Current process architecture: X64 OperatingSystem: Windows.
TpTrace Information: 0 : 26752, 1, 2023/11/06, 15:49:28.087, 5220680842580, vstest.console.dll, AssemblyMetadataProvider.GetArchitecture: Determined architecture:AnyCPU info for assembly: D:\Testovi\4CreateTest\Test4Create.Domain.UnitTests\bin\Debug\net7.0\fine-code-coverage\build-output\Test4Create.Domain.UnitTests.dll
TpTrace Information: 0 : 26752, 1, 2023/11/06, 15:49:28.087, 5220680843281, vstest.console.dll, Determined platform for source 'D:\Testovi\4CreateTest\Test4Create.Domain.UnitTests\bin\Debug\net7.0\fine-code-coverage\build-output\Test4Create.Domain.UnitTests.dll' was AnyCPU and it will use the default plaform X64.
TpTrace Information: 0 : 26752, 1, 2023/11/06, 15:49:28.087, 5220680843468, vstest.console.dll, None of the sources provided any runnable platform, using the default platform: X64
TpTrace Information: 0 : 26752, 1, 2023/11/06, 15:49:28.087, 5220680844313, vstest.console.dll, Platform was updated to 'X64'.
TpTrace Information: 0 : 26752, 1, 2023/11/06, 15:49:28.090, 5220680868681, vstest.console.dll, InferRunSettingsHelper.IsTestSettingsEnabled: Unable to navigate to RunSettings/MSTest. Current node: RunSettings
TpTrace Information: 0 : 26752, 1, 2023/11/06, 15:49:28.090, 5220680875148, vstest.console.dll, AssemblyResolver.OnResolve: Microsoft.VisualStudio.TestPlatform.Fakes: Resolving assembly.
TpTrace Information: 0 : 26752, 1, 2023/11/06, 15:49:28.090, 5220680876138, vstest.console.dll, AssemblyResolver.OnResolve: Microsoft.VisualStudio.TestPlatform.Fakes: Searching in: 'C:\Program Files\dotnet\sdk\8.0.100-rc.2.23502.2\Extensions'.
TpTrace Information: 0 : 26752, 1, 2023/11/06, 15:49:28.090, 5220680877214, vstest.console.dll, AssemblyResolver.OnResolve: Microsoft.VisualStudio.TestPlatform.Fakes: Assembly path does not exist: 'C:\Program Files\dotnet\sdk\8.0.100-rc.2.23502.2\Extensions\Microsoft.VisualStudio.TestPlatform.Fakes.dll', returning.
TpTrace Information: 0 : 26752, 1, 2023/11/06, 15:49:28.090, 5220680877689, vstest.console.dll, AssemblyResolver.OnResolve: Microsoft.VisualStudio.TestPlatform.Fakes: Assembly path does not exist: 'C:\Program Files\dotnet\sdk\8.0.100-rc.2.23502.2\Extensions\Microsoft.VisualStudio.TestPlatform.Fakes.exe', returning.
TpTrace Information: 0 : 26752, 1, 2023/11/06, 15:49:28.090, 5220680877900, vstest.console.dll, AssemblyResolver.OnResolve: Microsoft.VisualStudio.TestPlatform.Fakes: Searching in: 'C:\Program Files\dotnet\sdk\8.0.100-rc.2.23502.2'.
TpTrace Information: 0 : 26752, 1, 2023/11/06, 15:49:28.091, 5220680878482, vstest.console.dll, AssemblyResolver.OnResolve: Microsoft.VisualStudio.TestPlatform.Fakes: Assembly path does not exist: 'C:\Program Files\dotnet\sdk\8.0.100-rc.2.23502.2\Microsoft.VisualStudio.TestPlatform.Fakes.dll', returning.
TpTrace Information: 0 : 26752, 1, 2023/11/06, 15:49:28.091, 5220680879057, vstest.console.dll, AssemblyResolver.OnResolve: Microsoft.VisualStudio.TestPlatform.Fakes: Assembly path does not exist: 'C:\Program Files\dotnet\sdk\8.0.100-rc.2.23502.2\Microsoft.VisualStudio.TestPlatform.Fakes.exe', returning.
TpTrace Information: 0 : 26752, 1, 2023/11/06, 15:49:28.091, 5220680879262, vstest.console.dll, AssemblyResolver.OnResolve: Microsoft.VisualStudio.TestPlatform.Fakes: Failed to load assembly.
TpTrace Information: 0 : 26752, 1, 2023/11/06, 15:49:28.091, 5220680881609, vstest.console.dll, Failed to load assembly Microsoft.VisualStudio.TestPlatform.Fakes, Version=17.0.0.0, Culture=neutral. Reason:System.IO.FileNotFoundException: Could not load file or assembly 'Microsoft.VisualStudio.TestPlatform.Fakes, Version=17.0.0.0, Culture=neutral, PublicKeyToken=null'. The system cannot find the file specified.
File name: 'Microsoft.VisualStudio.TestPlatform.Fakes, Version=17.0.0.0, Culture=neutral, PublicKeyToken=null'
   at System.Reflection.RuntimeAssembly.InternalLoad(AssemblyName assemblyName, StackCrawlMark& stackMark, AssemblyLoadContext assemblyLoadContext, RuntimeAssembly requestingAssembly, Boolean throwOnFileNotFound)
   at System.Reflection.Assembly.Load(AssemblyName assemblyRef)
   at Microsoft.VisualStudio.TestPlatform.Common.Utilities.FakesUtilities.LoadTestPlatformAssembly() in /_/src/Microsoft.TestPlatform.Common/Utilities/FakesUtilities.cs:line 272
TpTrace Verbose: 0 : 26752, 1, 2023/11/06, 15:49:28.094, 5220680910753, vstest.console.dll, TestPluginCache.DiscoverTestExtensions: finding test extensions in assemblies ends with: TestLogger.dll TPluginInfo: Microsoft.VisualStudio.TestPlatform.Common.ExtensionFramework.Utilities.TestLoggerPluginInformation TExtension: Microsoft.VisualStudio.TestPlatform.ObjectModel.Client.ITestLogger
TpTrace Verbose: 0 : 26752, 1, 2023/11/06, 15:49:28.094, 5220680911900, vstest.console.dll, TestPluginCache.GetExtensionPaths: Filtered extension paths: 
TpTrace Verbose: 0 : 26752, 1, 2023/11/06, 15:49:28.094, 5220680912157, vstest.console.dll, TestPluginCache.GetExtensionPaths: Added default extension paths: C:\Program Files\dotnet\sdk\8.0.100-rc.2.23502.2\Extensions\Microsoft.Diagnostics.NETCore.Client.dll
C:\Program Files\dotnet\sdk\8.0.100-rc.2.23502.2\Extensions\Microsoft.TestPlatform.Extensions.BlameDataCollector.dll
C:\Program Files\dotnet\sdk\8.0.100-rc.2.23502.2\Extensions\Microsoft.TestPlatform.Extensions.EventLogCollector.dll
C:\Program Files\dotnet\sdk\8.0.100-rc.2.23502.2\Extensions\Microsoft.TestPlatform.TestHostRuntimeProvider.dll
C:\Program Files\dotnet\sdk\8.0.100-rc.2.23502.2\Extensions\Microsoft.VisualStudio.TestPlatform.Extensions.Html.TestLogger.dll
C:\Program Files\dotnet\sdk\8.0.100-rc.2.23502.2\Extensions\Microsoft.VisualStudio.TestPlatform.Extensions.Trx.TestLogger.dll
TpTrace Verbose: 0 : 26752, 1, 2023/11/06, 15:49:28.094, 5220680912354, vstest.console.dll, TestPluginCache.GetExtensionPaths: Added unfilterableExtensionPaths: 
TpTrace Information: 0 : 26752, 1, 2023/11/06, 15:49:28.094, 5220680913654, vstest.console.dll, AssemblyResolver.AddSearchDirectories: Adding more searchDirectories C:\Program Files\dotnet\sdk\8.0.100-rc.2.23502.2\Extensions,C:\Program Files\dotnet\sdk\8.0.100-rc.2.23502.2
TpTrace Verbose: 0 : 26752, 1, 2023/11/06, 15:49:28.094, 5220680913974, vstest.console.dll, TestPluginCache.DiscoverTestExtensions: Discovering the extensions using extension path.
TpTrace Verbose: 0 : 26752, 1, 2023/11/06, 15:49:28.094, 5220680914196, vstest.console.dll, TestPluginCache.GetExtensionPaths: Filtered extension paths: 
TpTrace Verbose: 0 : 26752, 1, 2023/11/06, 15:49:28.094, 5220680914407, vstest.console.dll, TestPluginCache.GetExtensionPaths: Added default extension paths: C:\Program Files\dotnet\sdk\8.0.100-rc.2.23502.2\Extensions\Microsoft.Diagnostics.NETCore.Client.dll
C:\Program Files\dotnet\sdk\8.0.100-rc.2.23502.2\Extensions\Microsoft.TestPlatform.Extensions.BlameDataCollector.dll
C:\Program Files\dotnet\sdk\8.0.100-rc.2.23502.2\Extensions\Microsoft.TestPlatform.Extensions.EventLogCollector.dll
C:\Program Files\dotnet\sdk\8.0.100-rc.2.23502.2\Extensions\Microsoft.TestPlatform.TestHostRuntimeProvider.dll
C:\Program Files\dotnet\sdk\8.0.100-rc.2.23502.2\Extensions\Microsoft.VisualStudio.TestPlatform.Extensions.Html.TestLogger.dll
C:\Program Files\dotnet\sdk\8.0.100-rc.2.23502.2\Extensions\Microsoft.VisualStudio.TestPlatform.Extensions.Trx.TestLogger.dll
TpTrace Verbose: 0 : 26752, 1, 2023/11/06, 15:49:28.094, 5220680914640, vstest.console.dll, TestPluginCache.GetExtensionPaths: Added unfilterableExtensionPaths: 
TpTrace Verbose: 0 : 26752, 1, 2023/11/06, 15:49:28.094, 5220680914877, vstest.console.dll, TestPluginCache.DiscoverTestExtensions: Discovering the extensions using allExtensionPaths: C:\Program Files\dotnet\sdk\8.0.100-rc.2.23502.2\Extensions\Microsoft.Diagnostics.NETCore.Client.dll
C:\Program Files\dotnet\sdk\8.0.100-rc.2.23502.2\Extensions\Microsoft.TestPlatform.Extensions.BlameDataCollector.dll
C:\Program Files\dotnet\sdk\8.0.100-rc.2.23502.2\Extensions\Microsoft.TestPlatform.Extensions.EventLogCollector.dll
C:\Program Files\dotnet\sdk\8.0.100-rc.2.23502.2\Extensions\Microsoft.TestPlatform.TestHostRuntimeProvider.dll
C:\Program Files\dotnet\sdk\8.0.100-rc.2.23502.2\Extensions\Microsoft.VisualStudio.TestPlatform.Extensions.Html.TestLogger.dll
C:\Program Files\dotnet\sdk\8.0.100-rc.2.23502.2\Extensions\Microsoft.VisualStudio.TestPlatform.Extensions.Trx.TestLogger.dll
TpTrace Information: 0 : 26752, 1, 2023/11/06, 15:49:28.094, 5220680915149, vstest.console.dll, AssemblyResolver.AddSearchDirectories: Adding more searchDirectories C:\Program Files\dotnet\sdk\8.0.100-rc.2.23502.2\Extensions,C:\Program Files\dotnet\sdk\8.0.100-rc.2.23502.2
TpTrace Information: 0 : 26752, 1, 2023/11/06, 15:49:28.094, 5220680915388, vstest.console.dll, AssemblyResolver.AddSearchDirectories: Adding more searchDirectories C:\Program Files\dotnet\sdk\8.0.100-rc.2.23502.2\Extensions,C:\Program Files\dotnet\sdk\8.0.100-rc.2.23502.2
TpTrace Information: 0 : 26752, 1, 2023/11/06, 15:49:28.094, 5220680915579, vstest.console.dll, AssemblyResolver.AddSearchDirectories: Adding more searchDirectories C:\Program Files\dotnet\sdk\8.0.100-rc.2.23502.2\Extensions,C:\Program Files\dotnet\sdk\8.0.100-rc.2.23502.2
TpTrace Information: 0 : 26752, 1, 2023/11/06, 15:49:28.094, 5220680915763, vstest.console.dll, AssemblyResolver.AddSearchDirectories: Adding more searchDirectories C:\Program Files\dotnet\sdk\8.0.100-rc.2.23502.2\Extensions,C:\Program Files\dotnet\sdk\8.0.100-rc.2.23502.2
TpTrace Information: 0 : 26752, 1, 2023/11/06, 15:49:28.094, 5220680915952, vstest.console.dll, AssemblyResolver.AddSearchDirectories: Adding more searchDirectories C:\Program Files\dotnet\sdk\8.0.100-rc.2.23502.2\Extensions,C:\Program Files\dotnet\sdk\8.0.100-rc.2.23502.2
TpTrace Information: 0 : 26752, 1, 2023/11/06, 15:49:28.094, 5220680916196, vstest.console.dll, AssemblyResolver.AddSearchDirectories: Adding more searchDirectories C:\Program Files\dotnet\sdk\8.0.100-rc.2.23502.2\Extensions,C:\Program Files\dotnet\sdk\8.0.100-rc.2.23502.2
TpTrace Verbose: 0 : 26752, 1, 2023/11/06, 15:49:28.094, 5220680917205, vstest.console.dll, MetadataReaderExtensionsHelper: Discovering extensions inside assembly 'Microsoft.Diagnostics.NETCore.Client, Version=0.2.8.21101, Culture=neutral, PublicKeyToken=31bf3856ad364e35' file path 'C:\Program Files\dotnet\sdk\8.0.100-rc.2.23502.2\Extensions\Microsoft.Diagnostics.NETCore.Client.dll'
TpTrace Information: 0 : 26752, 1, 2023/11/06, 15:49:28.096, 5220680933193, vstest.console.dll, AssemblyResolver.OnResolve: Microsoft.Bcl.AsyncInterfaces: Resolving assembly.
TpTrace Information: 0 : 26752, 1, 2023/11/06, 15:49:28.096, 5220680934135, vstest.console.dll, AssemblyResolver.OnResolve: Microsoft.Bcl.AsyncInterfaces: Resolved from cache.
TpTrace Verbose: 0 : 26752, 1, 2023/11/06, 15:49:28.096, 5220680934384, vstest.console.dll, CurrentDomainAssemblyResolve: Resolving assembly 'Microsoft.Bcl.AsyncInterfaces'.
TpTrace Information: 0 : 26752, 1, 2023/11/06, 15:49:28.096, 5220680934754, vstest.console.dll, AssemblyResolver.OnResolve: Microsoft.Bcl.AsyncInterfaces: Resolving assembly.
TpTrace Information: 0 : 26752, 1, 2023/11/06, 15:49:28.096, 5220680934958, vstest.console.dll, AssemblyResolver.OnResolve: Microsoft.Bcl.AsyncInterfaces: Resolved from cache.
TpTrace Verbose: 0 : 26752, 1, 2023/11/06, 15:49:28.096, 5220680935159, vstest.console.dll, CurrentDomainAssemblyResolve: Resolving assembly 'Microsoft.Bcl.AsyncInterfaces'.
TpTrace Verbose: 0 : 26752, 1, 2023/11/06, 15:49:28.096, 5220680935324, vstest.console.dll, CurrentDomainAssemblyResolve: Failed to resolve assembly 'Microsoft.Bcl.AsyncInterfaces'.
TpTrace Verbose: 0 : 26752, 1, 2023/11/06, 15:49:28.096, 5220680936618, vstest.console.dll, CurrentDomainAssemblyResolve: Failed to resolve assembly 'Microsoft.Bcl.AsyncInterfaces'.
TpTrace Warning: 0 : 26752, 1, 2023/11/06, 15:49:28.097, 5220680939499, vstest.console.dll, TestPluginDiscoverer: Failed to get types from assembly 'Microsoft.Diagnostics.NETCore.Client, Version=0.2.8.21101, Culture=neutral, PublicKeyToken=31bf3856ad364e35'. Error: System.Reflection.ReflectionTypeLoadException: Unable to load one or more of the requested types.
Could not load file or assembly 'Microsoft.Bcl.AsyncInterfaces, Version=1.0.0.0, Culture=neutral, PublicKeyToken=cc7b13ffcd2ddd51'. The system cannot find the file specified.
   at System.Reflection.RuntimeModule.GetTypes(RuntimeModule module)
   at System.Reflection.RuntimeModule.GetTypes()
   at Microsoft.VisualStudio.TestPlatform.Common.ExtensionFramework.TestPluginDiscoverer.GetTestExtensionsFromAssembly[TPluginInfo,TExtension](Assembly assembly, Dictionary`2 pluginInfos, String filePath) in /_/src/Microsoft.TestPlatform.Common/ExtensionFramework/TestPluginDiscoverer.cs:line 158
System.IO.FileNotFoundException: Could not load file or assembly 'Microsoft.Bcl.AsyncInterfaces, Version=1.0.0.0, Culture=neutral, PublicKeyToken=cc7b13ffcd2ddd51'. The system cannot find the file specified.
File name: 'Microsoft.Bcl.AsyncInterfaces, Version=1.0.0.0, Culture=neutral, PublicKeyToken=cc7b13ffcd2ddd51'
 ---> System.IO.FileNotFoundException: Could not load file or assembly 'Microsoft.Bcl.AsyncInterfaces, Culture=neutral, PublicKeyToken=null'. The system cannot find the file specified.
File name: 'Microsoft.Bcl.AsyncInterfaces, Culture=neutral, PublicKeyToken=null'
   at System.Reflection.RuntimeAssembly.InternalLoad(AssemblyName assemblyName, StackCrawlMark& stackMark, AssemblyLoadContext assemblyLoadContext, RuntimeAssembly requestingAssembly, Boolean throwOnFileNotFound)
   at System.Reflection.Assembly.Load(AssemblyName assemblyRef)
   at Microsoft.VisualStudio.TestPlatform.Common.ExtensionFramework.TestPluginCache.CurrentDomainAssemblyResolve(Object sender, AssemblyResolveEventArgs args) in /_/src/Microsoft.TestPlatform.Common/ExtensionFramework/TestPluginCache.cs:line 513
   at System.Runtime.Loader.AssemblyLoadContext.GetFirstResolvedAssemblyFromResolvingEvent(AssemblyName assemblyName)
   at System.Runtime.Loader.AssemblyLoadContext.ResolveUsingEvent(AssemblyName assemblyName)
   at System.Runtime.Loader.AssemblyLoadContext.ResolveUsingResolvingEvent(IntPtr gchManagedAssemblyLoadContext, AssemblyName assemblyName)
TpTrace Warning: 0 : 26752, 1, 2023/11/06, 15:49:28.097, 5220680940633, vstest.console.dll, LoaderExceptions: System.IO.FileNotFoundException: Could not load file or assembly 'Microsoft.Bcl.AsyncInterfaces, Version=1.0.0.0, Culture=neutral, PublicKeyToken=cc7b13ffcd2ddd51'. The system cannot find the file specified.
File name: 'Microsoft.Bcl.AsyncInterfaces, Version=1.0.0.0, Culture=neutral, PublicKeyToken=cc7b13ffcd2ddd51'
 ---> System.IO.FileNotFoundException: Could not load file or assembly 'Microsoft.Bcl.AsyncInterfaces, Culture=neutral, PublicKeyToken=null'. The system cannot find the file specified.
File name: 'Microsoft.Bcl.AsyncInterfaces, Culture=neutral, PublicKeyToken=null'
   at System.Reflection.RuntimeAssembly.InternalLoad(AssemblyName assemblyName, StackCrawlMark& stackMark, AssemblyLoadContext assemblyLoadContext, RuntimeAssembly requestingAssembly, Boolean throwOnFileNotFound)
   at System.Reflection.Assembly.Load(AssemblyName assemblyRef)
   at Microsoft.VisualStudio.TestPlatform.Common.ExtensionFramework.TestPluginCache.CurrentDomainAssemblyResolve(Object sender, AssemblyResolveEventArgs args) in /_/src/Microsoft.TestPlatform.Common/ExtensionFramework/TestPluginCache.cs:line 513
   at System.Runtime.Loader.AssemblyLoadContext.GetFirstResolvedAssemblyFromResolvingEvent(AssemblyName assemblyName)
   at System.Runtime.Loader.AssemblyLoadContext.ResolveUsingEvent(AssemblyName assemblyName)
   at System.Runtime.Loader.AssemblyLoadContext.ResolveUsingResolvingEvent(IntPtr gchManagedAssemblyLoadContext, AssemblyName assemblyName)
TpTrace Verbose: 0 : 26752, 1, 2023/11/06, 15:49:28.097, 5220680941301, vstest.console.dll, MetadataReaderExtensionsHelper: Discovering extensions inside assembly 'Microsoft.TestPlatform.Extensions.BlameDataCollector, Version=15.0.0.0, Culture=neutral, PublicKeyToken=b03f5f7f11d50a3a' file path 'C:\Program Files\dotnet\sdk\8.0.100-rc.2.23502.2\Extensions\Microsoft.TestPlatform.Extensions.BlameDataCollector.dll'
TpTrace Information: 0 : 26752, 1, 2023/11/06, 15:49:28.098, 5220680951646, vstest.console.dll, GetTestExtensionFromType: Register extension with identifier data 'logger://Microsoft/TestPlatform/Extensions/Blame/v1' and type 'Microsoft.TestPlatform.Extensions.BlameDataCollector.BlameLogger, Microsoft.TestPlatform.Extensions.BlameDataCollector, Version=15.0.0.0, Culture=neutral, PublicKeyToken=b03f5f7f11d50a3a' inside file 'C:\Program Files\dotnet\sdk\8.0.100-rc.2.23502.2\Extensions\Microsoft.TestPlatform.Extensions.BlameDataCollector.dll'
TpTrace Verbose: 0 : 26752, 1, 2023/11/06, 15:49:28.098, 5220680952463, vstest.console.dll, MetadataReaderExtensionsHelper: Discovering extensions inside assembly 'Microsoft.TestPlatform.Extensions.EventLogCollector, Version=15.0.0.0, Culture=neutral, PublicKeyToken=b03f5f7f11d50a3a' file path 'C:\Program Files\dotnet\sdk\8.0.100-rc.2.23502.2\Extensions\Microsoft.TestPlatform.Extensions.EventLogCollector.dll'
TpTrace Verbose: 0 : 26752, 1, 2023/11/06, 15:49:28.099, 5220680959688, vstest.console.dll, MetadataReaderExtensionsHelper: Discovering extensions inside assembly 'Microsoft.TestPlatform.TestHostRuntimeProvider, Version=15.0.0.0, Culture=neutral, PublicKeyToken=b03f5f7f11d50a3a' file path 'C:\Program Files\dotnet\sdk\8.0.100-rc.2.23502.2\Extensions\Microsoft.TestPlatform.TestHostRuntimeProvider.dll'
TpTrace Verbose: 0 : 26752, 1, 2023/11/06, 15:49:28.099, 5220680965720, vstest.console.dll, MetadataReaderExtensionsHelper: Discovering extensions inside assembly 'Microsoft.VisualStudio.TestPlatform.Extensions.Html.TestLogger, Version=15.0.0.0, Culture=neutral, PublicKeyToken=b03f5f7f11d50a3a' file path 'C:\Program Files\dotnet\sdk\8.0.100-rc.2.23502.2\Extensions\Microsoft.VisualStudio.TestPlatform.Extensions.Html.TestLogger.dll'
TpTrace Information: 0 : 26752, 1, 2023/11/06, 15:49:28.100, 5220680974154, vstest.console.dll, GetTestExtensionFromType: Register extension with identifier data 'logger://Microsoft/TestPlatform/HtmlLogger/v1' and type 'Microsoft.VisualStudio.TestPlatform.Extensions.HtmlLogger.HtmlLogger, Microsoft.VisualStudio.TestPlatform.Extensions.Html.TestLogger, Version=15.0.0.0, Culture=neutral, PublicKeyToken=b03f5f7f11d50a3a' inside file 'C:\Program Files\dotnet\sdk\8.0.100-rc.2.23502.2\Extensions\Microsoft.VisualStudio.TestPlatform.Extensions.Html.TestLogger.dll'
TpTrace Verbose: 0 : 26752, 1, 2023/11/06, 15:49:28.100, 5220680975182, vstest.console.dll, MetadataReaderExtensionsHelper: Discovering extensions inside assembly 'Microsoft.VisualStudio.TestPlatform.Extensions.Trx.TestLogger, Version=15.0.0.0, Culture=neutral, PublicKeyToken=b03f5f7f11d50a3a' file path 'C:\Program Files\dotnet\sdk\8.0.100-rc.2.23502.2\Extensions\Microsoft.VisualStudio.TestPlatform.Extensions.Trx.TestLogger.dll'
TpTrace Information: 0 : 26752, 1, 2023/11/06, 15:49:28.101, 5220680983669, vstest.console.dll, GetTestExtensionFromType: Register extension with identifier data 'logger://Microsoft/TestPlatform/TrxLogger/v1' and type 'Microsoft.VisualStudio.TestPlatform.Extensions.TrxLogger.TrxLogger, Microsoft.VisualStudio.TestPlatform.Extensions.Trx.TestLogger, Version=15.0.0.0, Culture=neutral, PublicKeyToken=b03f5f7f11d50a3a' inside file 'C:\Program Files\dotnet\sdk\8.0.100-rc.2.23502.2\Extensions\Microsoft.VisualStudio.TestPlatform.Extensions.Trx.TestLogger.dll'
TpTrace Verbose: 0 : 26752, 1, 2023/11/06, 15:49:28.101, 5220680984624, vstest.console.dll, TestPluginCache: Discovered the extensions using extension path ''.
TpTrace Verbose: 0 : 26752, 1, 2023/11/06, 15:49:28.101, 5220680984877, vstest.console.dll, TestPluginCache: Discoverers are ''.
TpTrace Verbose: 0 : 26752, 1, 2023/11/06, 15:49:28.101, 5220680985044, vstest.console.dll, TestPluginCache: Executors are ''.
TpTrace Verbose: 0 : 26752, 1, 2023/11/06, 15:49:28.101, 5220680985201, vstest.console.dll, TestPluginCache: Executors2 are ''.
TpTrace Verbose: 0 : 26752, 1, 2023/11/06, 15:49:28.101, 5220680985355, vstest.console.dll, TestPluginCache: Setting providers are ''.
TpTrace Verbose: 0 : 26752, 1, 2023/11/06, 15:49:28.101, 5220680985976, vstest.console.dll, TestPluginCache: Loggers are 'logger://Microsoft/TestPlatform/Extensions/Blame/v1,logger://Microsoft/TestPlatform/HtmlLogger/v1,logger://Microsoft/TestPlatform/TrxLogger/v1'.
TpTrace Verbose: 0 : 26752, 1, 2023/11/06, 15:49:28.101, 5220680986294, vstest.console.dll, TestPluginCache: TestHosts are 'HostProvider://DefaultTestHost,HostProvider://DotnetTestHost'.
TpTrace Verbose: 0 : 26752, 1, 2023/11/06, 15:49:28.101, 5220680986478, vstest.console.dll, TestPluginCache: DataCollectors are ''.
TpTrace Information: 0 : 26752, 1, 2023/11/06, 15:49:28.102, 5220680993743, vstest.console.dll, TestPluginManager.CreateTestExtension: Attempting to load test extension: Microsoft.TestPlatform.Extensions.BlameDataCollector.BlameLogger
TpTrace Verbose: 0 : 26752, 1, 2023/11/06, 15:49:28.109, 5220681066770, vstest.console.dll, TestEngine: Initializing Parallel Execution as MaxCpuCount is set to: 1
TpTrace Information: 0 : 26752, 1, 2023/11/06, 15:49:28.110, 5220681078056, vstest.console.dll, TestPluginManager.CreateTestExtension: Attempting to load test extension: Microsoft.VisualStudio.TestPlatform.CrossPlatEngine.Hosting.DefaultTestHostManager
TpTrace Information: 0 : 26752, 1, 2023/11/06, 15:49:28.113, 5220681102771, vstest.console.dll, TestPluginManager.CreateTestExtension: Attempting to load test extension: Microsoft.VisualStudio.TestPlatform.CrossPlatEngine.Hosting.DotnetTestHostManager
TpTrace Information: 0 : 26752, 1, 2023/11/06, 15:49:28.113, 5220681108274, vstest.console.dll, InferRunSettingsHelper.IsTestSettingsEnabled: Unable to navigate to RunSettings/MSTest. Current node: RunSettings
TpTrace Verbose: 0 : 26752, 1, 2023/11/06, 15:49:28.114, 5220681113396, vstest.console.dll, ParallelOperationManager.ClearSlots: Clearing all slots. Slots should accept more work: True
TpTrace Verbose: 0 : 26752, 1, 2023/11/06, 15:49:28.115, 5220681118779, vstest.console.dll, ParallelOperationManager.SetOccupiedSlotCount: Setting slot counts AvailableSlotCount = 1, OccupiedSlotCount = 0.
TpTrace Verbose: 0 : 26752, 1, 2023/11/06, 15:49:28.115, 5220681121925, vstest.console.dll, Occupied slots:

TpTrace Verbose: 0 : 26752, 1, 2023/11/06, 15:49:28.117, 5220681147778, vstest.console.dll, TestEngine.GetExecutionManager: Chosen execution manager 'Microsoft.VisualStudio.TestPlatform.CrossPlatEngine.Client.Parallel.ParallelProxyExecutionManager, Microsoft.TestPlatform.CrossPlatEngine, Version=15.0.0.0, Culture=neutral, PublicKeyToken=b03f5f7f11d50a3a' ParallelLevel '1'.
TpTrace Verbose: 0 : 26752, 1, 2023/11/06, 15:49:28.118, 5220681149753, vstest.console.dll, TestRunRequest.ExecuteAsync: Creating test run request.
TpTrace Verbose: 0 : 26752, 1, 2023/11/06, 15:49:28.118, 5220681151902, vstest.console.dll, TestRunRequest.ExecuteAsync: Starting.
TpTrace Information: 0 : 26752, 1, 2023/11/06, 15:49:28.120, 5220681174816, vstest.console.dll, TestRunRequest.ExecuteAsync: Starting run with settings:TestRunCriteria:
   KeepAlive=False,FrequencyOfRunStatsChangeEvent=10,RunStatsChangeEventTimeout=00:00:01.5000000,TestCaseFilter=,TestExecutorLauncher=
   Settingsxml=<RunSettings>
  <RunConfiguration>
    <ResultsDirectory>D:\Testovi\4CreateTest\Test4Create.Domain.UnitTests\bin\Debug\net7.0\fine-code-coverage\coverage-tool-output</ResultsDirectory>
    <TargetPlatform>X64</TargetPlatform>
    <TargetFrameworkVersion>.NETCoreApp,Version=v7.0</TargetFrameworkVersion>
    <DesignMode>False</DesignMode>
    <CollectSourceInformation>False</CollectSourceInformation>
  </RunConfiguration>
  <LoggerRunSettings>
    <Loggers>
      <Logger friendlyName="blame" enabled="True" />
      <Logger friendlyName="Console" uri="logger://microsoft/TestPlatform/ConsoleLogger/v1" assemblyQualifiedName="Microsoft.VisualStudio.TestPlatform.CommandLine.Internal.ConsoleLogger, vstest.console, Version=15.0.0.0, Culture=neutral, PublicKeyToken=b03f5f7f11d50a3a" codeBase="C:\Program Files\dotnet\sdk\8.0.100-rc.2.23502.2\vstest.console.dll" enabled="True" />
    </Loggers>
  </LoggerRunSettings>
  <DataCollectionRunSettings>
    <DataCollectors>
      <DataCollector friendlyName="blame" enabled="True">
        <Configuration>
          <ResultsDirectory>D:\Testovi\4CreateTest\Test4Create.Domain.UnitTests\bin\Debug\net7.0\fine-code-coverage\coverage-tool-output</ResultsDirectory>
        </Configuration>
      </DataCollector>
    </DataCollectors>
  </DataCollectionRunSettings>
</RunSettings>

TpTrace Verbose: 0 : 26752, 1, 2023/11/06, 15:49:28.120, 5220681176441, vstest.console.dll, TestRunRequest.ExecuteAsync: Wait for the first run request is over.
TpTrace Verbose: 0 : 26752, 1, 2023/11/06, 15:49:28.121, 5220681179772, vstest.console.dll, MulticastDelegateUtilities.SafeInvoke: TestRun.TestRunStart: Invoking callbacks was skipped because there are no subscribers.
TpTrace Verbose: 0 : 26752, 4, 2023/11/06, 15:49:28.121, 5220681183881, vstest.console.dll, MulticastDelegateUtilities.SafeInvoke: InternalTestLoggerEvents.SendTestRunStart: Invoking callback 1/1 for Microsoft.VisualStudio.TestPlatform.CommandLine.Internal.ConsoleLogger., took 0 ms.
TpTrace Verbose: 0 : 26752, 1, 2023/11/06, 15:49:28.122, 5220681190703, vstest.console.dll, ParallelProxyExecutionManager: Start execution. Total sources: 1
TpTrace Verbose: 0 : 26752, 1, 2023/11/06, 15:49:28.122, 5220681194889, vstest.console.dll, ParallelOperationManager.StartWork: Starting adding 1 workloads.
TpTrace Verbose: 0 : 26752, 1, 2023/11/06, 15:49:28.122, 5220681195815, vstest.console.dll, ParallelOperationManager.ClearSlots: Clearing all slots. Slots should accept more work: True
TpTrace Verbose: 0 : 26752, 1, 2023/11/06, 15:49:28.122, 5220681196480, vstest.console.dll, ParallelOperationManager.SetOccupiedSlotCount: Setting slot counts AvailableSlotCount = 1, OccupiedSlotCount = 0.
TpTrace Verbose: 0 : 26752, 1, 2023/11/06, 15:49:28.122, 5220681196809, vstest.console.dll, Occupied slots:

TpTrace Verbose: 0 : 26752, 1, 2023/11/06, 15:49:28.124, 5220681209187, vstest.console.dll, TestRequestSender is acting as server.
TpTrace Verbose: 0 : 26752, 1, 2023/11/06, 15:49:28.125, 5220681220240, vstest.console.dll, ParallelOperationManager.RunWorkInParallel: Adding 1 workload to slot, remaining workloads 0.
TpTrace Verbose: 0 : 26752, 1, 2023/11/06, 15:49:28.125, 5220681221647, vstest.console.dll, ParallelOperationManager.SetOccupiedSlotCount: Setting slot counts AvailableSlotCount = 0, OccupiedSlotCount = 1.
TpTrace Verbose: 0 : 26752, 1, 2023/11/06, 15:49:28.125, 5220681222714, vstest.console.dll, Occupied slots:
0: D:\Testovi\4CreateTest\Test4Create.Domain.UnitTests\bin\Debug\net7.0\fine-code-coverage\build-output\Test4Create.Domain.UnitTests.dll
TpTrace Verbose: 0 : 26752, 1, 2023/11/06, 15:49:28.126, 5220681234029, vstest.console.dll, ParallelOperationManager.RunWorkInParallel: Started host in slot number 0 for work (source): D:\Testovi\4CreateTest\Test4Create.Domain.UnitTests\bin\Debug\net7.0\fine-code-coverage\build-output\Test4Create.Domain.UnitTests.dll.
TpTrace Verbose: 0 : 26752, 1, 2023/11/06, 15:49:28.127, 5220681245705, vstest.console.dll, ParallelOperationManager.RunWorkInParallel: We started 1 work items, which is the max parallel level. Won't start more work.
TpTrace Verbose: 0 : 26752, 1, 2023/11/06, 15:49:28.127, 5220681248442, vstest.console.dll, ParallelOperationManager.RunWorkInParallel: We started 1 work items in here, returning True.
TpTrace Information: 0 : 26752, 1, 2023/11/06, 15:49:28.128, 5220681249493, vstest.console.dll, TestRunRequest.ExecuteAsync: Started.
TpTrace Verbose: 0 : 26752, 5, 2023/11/06, 15:49:28.128, 5220681249620, vstest.console.dll, ParallelProxyExecutionManager.StartTestRunOnConcurrentManager: Initializing uninitialized client. Started clients: 0
TpTrace Verbose: 0 : 26752, 5, 2023/11/06, 15:49:28.128, 5220681253129, vstest.console.dll, DataCollectionRequestSender.InitializeCommunication : Initialize communication. 
TpTrace Verbose: 0 : 26752, 1, 2023/11/06, 15:49:28.129, 5220681258891, vstest.console.dll, TestRunRequest.WaitForCompletion: Waiting with timeout -1.
TpTrace Information: 0 : 26752, 5, 2023/11/06, 15:49:28.136, 5220681332789, vstest.console.dll, Listening on Endpoint : 127.0.0.1:58098
TpTrace Verbose: 0 : 26752, 5, 2023/11/06, 15:49:28.143, 5220681400893, vstest.console.dll, DotnetDataCollectionLauncher: Adding  --runtimeconfig "C:\Program Files\dotnet\sdk\8.0.100-rc.2.23502.2\datacollector.runtimeconfig.json" in args
TpTrace Verbose: 0 : 26752, 5, 2023/11/06, 15:49:28.143, 5220681402362, vstest.console.dll, DotnetDataCollectionLauncher: Adding  --depsfile "C:\Program Files\dotnet\sdk\8.0.100-rc.2.23502.2\datacollector.deps.json" in args
TpTrace Verbose: 0 : 26752, 5, 2023/11/06, 15:49:28.143, 5220681403770, vstest.console.dll, DotnetDataCollectionLauncher: Full path of dotnet.exe is C:\Program Files\dotnet\dotnet.exe
TpTrace Information: 0 : 26752, 5, 2023/11/06, 15:49:28.151, 5220681488440, vstest.console.dll, ProxyDataCollectionManager.Initialize: Launched datacollector processId: 42320 port: 58098
TpTrace Information: 0 : 26752, 5, 2023/11/06, 15:49:28.152, 5220681490120, vstest.console.dll, ProxyDataCollectionManager.Initialize: waiting for connection with timeout: 90 seconds
TpTrace Verbose: 0 : 26752, 5, 2023/11/06, 15:49:28.152, 5220681490516, vstest.console.dll, DataCollectionRequestSender.WaitForRequestHandlerConnection : Waiting for connection with timeout: 90000
TpTrace Information: 0 : 26752, 7, 2023/11/06, 15:49:28.322, 5220683192380, vstest.console.dll, Using the buffer size of 16384 bytes
TpTrace Information: 0 : 26752, 7, 2023/11/06, 15:49:28.322, 5220683193911, vstest.console.dll, Accepted Client request and set the flag
TpTrace Verbose: 0 : 26752, 5, 2023/11/06, 15:49:28.322, 5220683192593, vstest.console.dll, SocketCommunicationManager.WaitForClientConnection took: 170 ms, with 90000 ms timeout, and finished with True.
TpTrace Verbose: 0 : 26752, 5, 2023/11/06, 15:49:28.322, 5220683195319, vstest.console.dll, ProxyDataCollectionManager.InvokeDataCollectionServiceAction: Starting.
TpTrace Information: 0 : 26752, 5, 2023/11/06, 15:49:28.322, 5220683195988, vstest.console.dll, ProxyDataCollectionManager.BeforeTestRunStart: Get environment variable and port for datacollector processId: 42320 port: 58098
TpTrace Verbose: 0 : 26752, 5, 2023/11/06, 15:49:28.322, 5220683196957, vstest.console.dll, DataCollectionRequestSender.SendBeforeTestRunStartAndGetResult: Send BeforeTestRunStart message with settingsXml <RunSettings><RunConfiguration><ResultsDirectory>D:\Testovi\4CreateTest\Test4Create.Domain.UnitTests\bin\Debug\net7.0\fine-code-coverage\coverage-tool-output</ResultsDirectory><TargetPlatform>X64</TargetPlatform><TargetFrameworkVersion>.NETCoreApp,Version=v7.0</TargetFrameworkVersion><DesignMode>False</DesignMode><CollectSourceInformation>False</CollectSourceInformation><TestAdaptersPaths>C:\Program Files\dotnet\sdk\8.0.100-rc.2.23502.2\Extensions</TestAdaptersPaths></RunConfiguration><LoggerRunSettings><Loggers><Logger friendlyName="blame" enabled="True" /><Logger friendlyName="Console" uri="logger://microsoft/TestPlatform/ConsoleLogger/v1" assemblyQualifiedName="Microsoft.VisualStudio.TestPlatform.CommandLine.Internal.ConsoleLogger, vstest.console, Version=15.0.0.0, Culture=neutral, PublicKeyToken=b03f5f7f11d50a3a" codeBase="C:\Program Files\dotnet\sdk\8.0.100-rc.2.23502.2\vstest.console.dll" enabled="True" /></Loggers></LoggerRunSettings><DataCollectionRunSettings><DataCollectors><DataCollector friendlyName="blame" enabled="True"><Configuration><ResultsDirectory>D:\Testovi\4CreateTest\Test4Create.Domain.UnitTests\bin\Debug\net7.0\fine-code-coverage\coverage-tool-output</ResultsDirectory></Configuration></DataCollector></DataCollectors></DataCollectionRunSettings></RunSettings> and sources System.Collections.Generic.List`1[System.String]: 
TpTrace Verbose: 0 : 26752, 5, 2023/11/06, 15:49:28.379, 5220683759185, vstest.console.dll, DataCollectionRequestSender.SendBeforeTestRunStartAndGetResult: Received message: (DataCollection.SendMessage) -> {"MessageType":"DataCollection.SendMessage","Payload":{"FriendlyName":null,"Uri":null,"TestCaseId":"00000000-0000-0000-0000-000000000000","Message":"Logging DataCollector Diagnostics in file: D:\\Testovi\\4CreateTest\\Test4Create.Domain.UnitTests\\bin\\Debug\\net7.0\\fine-code-coverage\\coverage-tool-output\\diagnostics.datacollector.23-11-06_15-49-28_14297_5.log","Level":0}}
TpTrace Verbose: 0 : 26752, 5, 2023/11/06, 15:49:28.461, 5220684581372, vstest.console.dll, DataCollectionRequestSender.SendBeforeTestRunStartAndGetResult: Received message: (DataCollection.BeforeTestRunStartResult) -> {"MessageType":"DataCollection.BeforeTestRunStartResult","Payload":{"EnvironmentVariables":{},"DataCollectionEventsPort":58100}}
TpTrace Information: 0 : 26752, 5, 2023/11/06, 15:49:28.465, 5220684624361, vstest.console.dll, ProxyDataCollectionManager.BeforeTestRunStart: SendBeforeTestRunStartAndGetResult successful, env variable from datacollector:   and testhost port: 58100
TpTrace Information: 0 : 26752, 5, 2023/11/06, 15:49:28.465, 5220684625754, vstest.console.dll, ProxyDataCollectionManager.InvokeDataCollectionServiceAction: Completed.
TpTrace Verbose: 0 : 26752, 5, 2023/11/06, 15:49:28.465, 5220684626029, vstest.console.dll, ParallelProxyExecutionManager.StartTestRunOnConcurrentManager: Initializing test run. Started clients: 0
TpTrace Verbose: 0 : 26752, 5, 2023/11/06, 15:49:28.465, 5220684626807, vstest.console.dll, ProxyExecutionManager: Test host is always Lazy initialize.
TpTrace Verbose: 0 : 26752, 5, 2023/11/06, 15:49:28.466, 5220684628591, vstest.console.dll, TestRequestSender.InitializeCommunication: initialize communication. 
TpTrace Information: 0 : 26752, 5, 2023/11/06, 15:49:28.466, 5220684633376, vstest.console.dll, SocketServer.Start: Listening on endpoint : 127.0.0.1:58101
TpTrace Verbose: 0 : 26752, 5, 2023/11/06, 15:49:28.467, 5220684642204, vstest.console.dll, DotnetTestHostmanager.GetTestHostProcessStartInfo: Platform environment 'X64' target architecture 'X64' framework '.NETCoreApp,Version=v7.0' OS 'Windows'
TpTrace Verbose: 0 : 26752, 5, 2023/11/06, 15:49:28.467, 5220684644917, vstest.console.dll, DotnetTestHostmanager: Adding  --runtimeconfig "D:\Testovi\4CreateTest\Test4Create.Domain.UnitTests\bin\Debug\net7.0\fine-code-coverage\build-output\Test4Create.Domain.UnitTests.runtimeconfig.json" in args
TpTrace Verbose: 0 : 26752, 5, 2023/11/06, 15:49:28.467, 5220684645851, vstest.console.dll, DotnetTestHostmanager: Adding  --depsfile "D:\Testovi\4CreateTest\Test4Create.Domain.UnitTests\bin\Debug\net7.0\fine-code-coverage\build-output\Test4Create.Domain.UnitTests.deps.json" in args
TpTrace Verbose: 0 : 26752, 5, 2023/11/06, 15:49:28.467, 5220684647429, vstest.console.dll, DotnetTestHostmanager.IsWinOnArm: Current PROCESSOR_ARCHITECTURE from environment variable 'AMD64'
TpTrace Verbose: 0 : 26752, 5, 2023/11/06, 15:49:28.467, 5220684648124, vstest.console.dll, DotnetTestHostmanager.IsWinOnArm: Is Windows on ARM 'False'
TpTrace Verbose: 0 : 26752, 5, 2023/11/06, 15:49:28.468, 5220684648898, vstest.console.dll, DotnetTestHostManager: testhost.exe found at path: D:\Testovi\4CreateTest\Test4Create.Domain.UnitTests\bin\Debug\net7.0\fine-code-coverage\build-output\testhost.exe
TpTrace Verbose: 0 : 26752, 5, 2023/11/06, 15:49:28.468, 5220684649224, vstest.console.dll, DotnetTestHostmanager: Full path of host exe is D:\Testovi\4CreateTest\Test4Create.Domain.UnitTests\bin\Debug\net7.0\fine-code-coverage\build-output\testhost.exe
TpTrace Verbose: 0 : 26752, 5, 2023/11/06, 15:49:28.468, 5220684650266, vstest.console.dll, DotnetTestHostmanager.LaunchTestHostAsync: Found 'VSTEST_WINAPPHOST_DOTNET_ROOT' in env variables, value 'C:\Program Files\dotnet', forwarding to 'DOTNET_ROOT'
TpTrace Verbose: 0 : 26752, 5, 2023/11/06, 15:49:28.468, 5220684651476, vstest.console.dll, DotnetTestHostManager: Starting process 'D:\Testovi\4CreateTest\Test4Create.Domain.UnitTests\bin\Debug\net7.0\fine-code-coverage\build-output\testhost.exe' with command line ' --runtimeconfig "D:\Testovi\4CreateTest\Test4Create.Domain.UnitTests\bin\Debug\net7.0\fine-code-coverage\build-output\Test4Create.Domain.UnitTests.runtimeconfig.json" --depsfile "D:\Testovi\4CreateTest\Test4Create.Domain.UnitTests\bin\Debug\net7.0\fine-code-coverage\build-output\Test4Create.Domain.UnitTests.deps.json" --port 58101 --endpoint 127.0.0.1:058101 --role client --parentprocessid 26752 --diag "D:\Testovi\4CreateTest\Test4Create.Domain.UnitTests\bin\Debug\net7.0\fine-code-coverage\coverage-tool-output\diagnostics.host.23-11-06_15-49-28_46697_5.log" --tracelevel 4 --datacollectionport 58100 --telemetryoptedin false'
TpTrace Verbose: 0 : 26752, 5, 2023/11/06, 15:49:28.477, 5220684738958, vstest.console.dll, MulticastDelegateUtilities.SafeInvoke: HostProviderEvents.OnHostLaunched: Invoking callback 1/2 for Microsoft.VisualStudio.TestPlatform.CrossPlatEngine.Client.ProxyExecutionManagerWithDataCollection., took 1 ms.
TpTrace Verbose: 0 : 26752, 5, 2023/11/06, 15:49:28.477, 5220684742961, vstest.console.dll, Test Runtime launched
TpTrace Verbose: 0 : 26752, 5, 2023/11/06, 15:49:28.477, 5220684743560, vstest.console.dll, MulticastDelegateUtilities.SafeInvoke: HostProviderEvents.OnHostLaunched: Invoking callback 2/2 for Microsoft.VisualStudio.TestPlatform.CrossPlatEngine.Client.ProxyOperationManager., took 0 ms.
TpTrace Verbose: 0 : 26752, 5, 2023/11/06, 15:49:28.477, 5220684744666, vstest.console.dll, TestRequestSender.WaitForRequestHandlerConnection: waiting for connection with timeout: 90000.
TpTrace Verbose: 0 : 26752, 7, 2023/11/06, 15:49:28.646, 5220686433957, vstest.console.dll, MulticastDelegateUtilities.SafeInvoke: SocketServer: ClientConnected: Invoking callback 1/1 for Microsoft.VisualStudio.TestPlatform.CommunicationUtilities.TestRequestSender., took 0 ms.
TpTrace Verbose: 0 : 26752, 7, 2023/11/06, 15:49:28.646, 5220686435732, vstest.console.dll, SocketServer.OnClientConnected: Client connected for endPoint: 127.0.0.1:58101, starting MessageLoopAsync:
TpTrace Verbose: 0 : 26752, 5, 2023/11/06, 15:49:28.646, 5220686434025, vstest.console.dll, TestRequestSender.WaitForRequestHandlerConnection: waiting took 168 ms, with timeout 90000 ms, and result 0, which is success.
TpTrace Verbose: 0 : 26752, 7, 2023/11/06, 15:49:28.647, 5220686441825, vstest.console.dll, TcpClientExtensions.MessageLoopAsync: Polling on remoteEndPoint: 127.0.0.1:58102 localEndPoint: 127.0.0.1:58101
TpTrace Verbose: 0 : 26752, 5, 2023/11/06, 15:49:28.648, 5220686448670, vstest.console.dll, TestRequestSender.CheckVersionWithTestHost: Sending check version message: {"MessageType":"ProtocolVersion","Payload":7}
TpTrace Verbose: 0 : 26752, 7, 2023/11/06, 15:49:28.749, 5220687463677, vstest.console.dll, TcpClientExtensions.MessageLoopAsync: NotifyDataAvailable remoteEndPoint: 127.0.0.1:58102 localEndPoint: 127.0.0.1:58101
TpTrace Verbose: 0 : 26752, 7, 2023/11/06, 15:49:28.749, 5220687467648, vstest.console.dll, TestRequestSender.CheckVersionWithTestHost: onMessageReceived received message: (ProtocolVersion) -> {"MessageType":"ProtocolVersion","Payload":7}
TpTrace Verbose: 0 : 26752, 7, 2023/11/06, 15:49:28.750, 5220687477589, vstest.console.dll, MulticastDelegateUtilities.SafeInvoke: LengthPrefixCommunicationChannel: MessageReceived: Invoking callback 1/1 for Microsoft.VisualStudio.TestPlatform.CommunicationUtilities.TestRequestSender+<>c__DisplayClass29_0., took 1 ms.
TpTrace Verbose: 0 : 26752, 7, 2023/11/06, 15:49:28.751, 5220687479054, vstest.console.dll, TcpClientExtensions.MessageLoopAsync: Polling on remoteEndPoint: 127.0.0.1:58102 localEndPoint: 127.0.0.1:58101
TpTrace Verbose: 0 : 26752, 5, 2023/11/06, 15:49:28.751, 5220687479415, vstest.console.dll, TestPluginCache.GetExtensionPaths: Filtered extension paths: 
TpTrace Verbose: 0 : 26752, 5, 2023/11/06, 15:49:28.751, 5220687481207, vstest.console.dll, TestPluginCache.GetExtensionPaths: Added default extension paths: C:\Program Files\dotnet\sdk\8.0.100-rc.2.23502.2\Extensions\Microsoft.Diagnostics.NETCore.Client.dll
C:\Program Files\dotnet\sdk\8.0.100-rc.2.23502.2\Extensions\Microsoft.TestPlatform.Extensions.BlameDataCollector.dll
C:\Program Files\dotnet\sdk\8.0.100-rc.2.23502.2\Extensions\Microsoft.TestPlatform.Extensions.EventLogCollector.dll
C:\Program Files\dotnet\sdk\8.0.100-rc.2.23502.2\Extensions\Microsoft.TestPlatform.TestHostRuntimeProvider.dll
C:\Program Files\dotnet\sdk\8.0.100-rc.2.23502.2\Extensions\Microsoft.VisualStudio.TestPlatform.Extensions.Html.TestLogger.dll
C:\Program Files\dotnet\sdk\8.0.100-rc.2.23502.2\Extensions\Microsoft.VisualStudio.TestPlatform.Extensions.Trx.TestLogger.dll
TpTrace Verbose: 0 : 26752, 5, 2023/11/06, 15:49:28.751, 5220687481714, vstest.console.dll, TestPluginCache.GetExtensionPaths: Added unfilterableExtensionPaths: 
TpTrace Verbose: 0 : 26752, 5, 2023/11/06, 15:49:28.754, 5220687511026, vstest.console.dll, TestRequestSender.InitializeExecution: Sending initialize execution with message: {"Version":7,"MessageType":"TestExecution.Initialize","Payload":["D:\\Testovi\\4CreateTest\\Test4Create.Domain.UnitTests\\bin\\Debug\\net7.0\\fine-code-coverage\\build-output\\xunit.runner.visualstudio.dotnetcore.testadapter.dll"]}
TpTrace Verbose: 0 : 26752, 5, 2023/11/06, 15:49:28.754, 5220687513656, vstest.console.dll, ParallelProxyExecutionManager.StartTestRunOnConcurrentManager: Execution starting. Started clients: 1
TpTrace Verbose: 0 : 26752, 5, 2023/11/06, 15:49:28.754, 5220687516664, vstest.console.dll, TestRunRequest:SendTestRunMessage: Starting.
TpTrace Verbose: 0 : 26752, 5, 2023/11/06, 15:49:28.755, 5220687518537, vstest.console.dll, MulticastDelegateUtilities.SafeInvoke: TestRun.LogMessages: Invoking callback 1/1 for Microsoft.VisualStudio.TestPlatform.CommandLine.TestRunResultAggregator., took 0 ms.
TpTrace Information: 0 : 26752, 5, 2023/11/06, 15:49:28.755, 5220687518912, vstest.console.dll, TestRunRequest:SendTestRunMessage: Completed.
TpTrace Verbose: 0 : 26752, 4, 2023/11/06, 15:49:28.755, 5220687521610, vstest.console.dll, MulticastDelegateUtilities.SafeInvoke: InternalTestLoggerEvents.SendTestRunMessage: Invoking callback 1/1 for Microsoft.VisualStudio.TestPlatform.CommandLine.Internal.ConsoleLogger., took 0 ms.
TpTrace Warning: 0 : 26752, 5, 2023/11/06, 15:49:28.755, 5220687522733, vstest.console.dll, InferRunSettingsHelper.MakeRunsettingsCompatible: Removing the following settings: TargetPlatform from RunSettings file. To use those settings please move to latest version of Microsoft.NET.Test.Sdk
TpTrace Verbose: 0 : 26752, 7, 2023/11/06, 15:49:28.755, 5220687523643, vstest.console.dll, TcpClientExtensions.MessageLoopAsync: NotifyDataAvailable remoteEndPoint: 127.0.0.1:58102 localEndPoint: 127.0.0.1:58101
TpTrace Verbose: 0 : 26752, 7, 2023/11/06, 15:49:28.755, 5220687526125, vstest.console.dll, LengthPrefixCommunicationChannel.NotifyDataAvailable: New data are waiting to be received, but there is no subscriber to be notified. Not reading them from the stream.
TpTrace Verbose: 0 : 26752, 7, 2023/11/06, 15:49:28.755, 5220687527109, vstest.console.dll, TcpClientExtensions.MessageLoopAsync: Polling on remoteEndPoint: 127.0.0.1:58102 localEndPoint: 127.0.0.1:58101
TpTrace Verbose: 0 : 26752, 7, 2023/11/06, 15:49:28.755, 5220687527895, vstest.console.dll, TcpClientExtensions.MessageLoopAsync: NotifyDataAvailable remoteEndPoint: 127.0.0.1:58102 localEndPoint: 127.0.0.1:58101
TpTrace Verbose: 0 : 26752, 7, 2023/11/06, 15:49:28.756, 5220687533250, vstest.console.dll, TestRequestSender.OnExecutionMessageReceived: Received message: {"Version":7,"MessageType":"TestSession.Message","Payload":{"MessageLevel":0,"Message":"Logging TestHost Diagnostics in file: D:\\Testovi\\4CreateTest\\Test4Create.Domain.UnitTests\\bin\\Debug\\net7.0\\fine-code-coverage\\coverage-tool-output\\diagnostics.host.23-11-06_15-49-28_46697_5.log"}}
TpTrace Verbose: 0 : 26752, 7, 2023/11/06, 15:49:28.759, 5220687558884, vstest.console.dll, TestRunRequest:SendTestRunMessage: Starting.
TpTrace Verbose: 0 : 26752, 7, 2023/11/06, 15:49:28.759, 5220687560929, vstest.console.dll, MulticastDelegateUtilities.SafeInvoke: TestRun.LogMessages: Invoking callback 1/1 for Microsoft.VisualStudio.TestPlatform.CommandLine.TestRunResultAggregator., took 0 ms.
TpTrace Information: 0 : 26752, 7, 2023/11/06, 15:49:28.759, 5220687561290, vstest.console.dll, TestRunRequest:SendTestRunMessage: Completed.
TpTrace Verbose: 0 : 26752, 7, 2023/11/06, 15:49:28.759, 5220687561709, vstest.console.dll, MulticastDelegateUtilities.SafeInvoke: LengthPrefixCommunicationChannel: MessageReceived: Invoking callback 1/1 for Microsoft.VisualStudio.TestPlatform.CommunicationUtilities.TestRequestSender+<>c__DisplayClass34_0., took 3 ms.
TpTrace Verbose: 0 : 26752, 4, 2023/11/06, 15:49:28.759, 5220687561578, vstest.console.dll, MulticastDelegateUtilities.SafeInvoke: InternalTestLoggerEvents.SendTestRunMessage: Invoking callback 1/1 for Microsoft.VisualStudio.TestPlatform.CommandLine.Internal.ConsoleLogger., took 0 ms.
TpTrace Verbose: 0 : 26752, 7, 2023/11/06, 15:49:28.759, 5220687561982, vstest.console.dll, TcpClientExtensions.MessageLoopAsync: Polling on remoteEndPoint: 127.0.0.1:58102 localEndPoint: 127.0.0.1:58101
TpTrace Verbose: 0 : 26752, 5, 2023/11/06, 15:49:28.760, 5220687571420, vstest.console.dll, TestRequestSender.StartTestRun: Sending test run with message: {"Version":7,"MessageType":"TestExecution.StartWithSources","Payload":{"AdapterSourceMap":{"_none_":["D:\\Testovi\\4CreateTest\\Test4Create.Domain.UnitTests\\bin\\Debug\\net7.0\\fine-code-coverage\\build-output\\Test4Create.Domain.UnitTests.dll"]},"RunSettings":"<RunSettings>\r\n  <RunConfiguration>\r\n    <ResultsDirectory>D:\\Testovi\\4CreateTest\\Test4Create.Domain.UnitTests\\bin\\Debug\\net7.0\\fine-code-coverage\\coverage-tool-output</ResultsDirectory>\r\n    <TargetFrameworkVersion>.NETCoreApp,Version=v7.0</TargetFrameworkVersion>\r\n    <DesignMode>False</DesignMode>\r\n    <CollectSourceInformation>False</CollectSourceInformation>\r\n  </RunConfiguration>\r\n  <LoggerRunSettings>\r\n    <Loggers>\r\n      <Logger friendlyName=\"blame\" enabled=\"True\" />\r\n      <Logger friendlyName=\"Console\" uri=\"logger://microsoft/TestPlatform/ConsoleLogger/v1\" assemblyQualifiedName=\"Microsoft.VisualStudio.TestPlatform.CommandLine.Internal.ConsoleLogger, vstest.console, Version=15.0.0.0, Culture=neutral, PublicKeyToken=b03f5f7f11d50a3a\" codeBase=\"C:\\Program Files\\dotnet\\sdk\\8.0.100-rc.2.23502.2\\vstest.console.dll\" enabled=\"True\" />\r\n    </Loggers>\r\n  </LoggerRunSettings>\r\n  <DataCollectionRunSettings>\r\n    <DataCollectors>\r\n      <DataCollector friendlyName=\"blame\" enabled=\"True\">\r\n        <Configuration>\r\n          <ResultsDirectory>D:\\Testovi\\4CreateTest\\Test4Create.Domain.UnitTests\\bin\\Debug\\net7.0\\fine-code-coverage\\coverage-tool-output</ResultsDirectory>\r\n        </Configuration>\r\n      </DataCollector>\r\n    </DataCollectors>\r\n  </DataCollectionRunSettings>\r\n</RunSettings>","TestExecutionContext":{"FrequencyOfRunStatsChangeEvent":10,"RunStatsChangeEventTimeout":"00:00:01.5000000","InIsolation":false,"KeepAlive":false,"AreTestCaseLevelEventsRequired":false,"IsDebug":false,"TestCaseFilter":null,"FilterOptions":null},"Package":null}}
TpTrace Verbose: 0 : 26752, 5, 2023/11/06, 15:49:28.760, 5220687573551, vstest.console.dll, ParallelProxyExecutionManager.StartTestRunOnConcurrentManager: Execution started. Started clients: 1
TpTrace Verbose: 0 : 26752, 7, 2023/11/06, 15:49:28.870, 5220688669879, vstest.console.dll, TcpClientExtensions.MessageLoopAsync: NotifyDataAvailable remoteEndPoint: 127.0.0.1:58102 localEndPoint: 127.0.0.1:58101
TpTrace Verbose: 0 : 26752, 7, 2023/11/06, 15:49:28.870, 5220688672003, vstest.console.dll, TestRequestSender.OnExecutionMessageReceived: Received message: {"Version":7,"MessageType":"TestSession.Message","Payload":{"MessageLevel":0,"Message":"[xUnit.net 00:00:00.00] xUnit.net VSTest Adapter v2.4.5+1caef2f33e (64-bit .NET 7.0.13)"}}
TpTrace Verbose: 0 : 26752, 7, 2023/11/06, 15:49:28.870, 5220688674491, vstest.console.dll, TestRunRequest:SendTestRunMessage: Starting.
TpTrace Verbose: 0 : 26752, 7, 2023/11/06, 15:49:28.870, 5220688675412, vstest.console.dll, MulticastDelegateUtilities.SafeInvoke: TestRun.LogMessages: Invoking callback 1/1 for Microsoft.VisualStudio.TestPlatform.CommandLine.TestRunResultAggregator., took 0 ms.
TpTrace Information: 0 : 26752, 7, 2023/11/06, 15:49:28.870, 5220688675857, vstest.console.dll, TestRunRequest:SendTestRunMessage: Completed.
TpTrace Verbose: 0 : 26752, 7, 2023/11/06, 15:49:28.870, 5220688676366, vstest.console.dll, MulticastDelegateUtilities.SafeInvoke: LengthPrefixCommunicationChannel: MessageReceived: Invoking callback 1/1 for Microsoft.VisualStudio.TestPlatform.CommunicationUtilities.TestRequestSender+<>c__DisplayClass34_0., took 0 ms.
TpTrace Verbose: 0 : 26752, 4, 2023/11/06, 15:49:28.870, 5220688676544, vstest.console.dll, MulticastDelegateUtilities.SafeInvoke: InternalTestLoggerEvents.SendTestRunMessage: Invoking callback 1/1 for Microsoft.VisualStudio.TestPlatform.CommandLine.Internal.ConsoleLogger., took 0 ms.
TpTrace Verbose: 0 : 26752, 7, 2023/11/06, 15:49:28.870, 5220688676834, vstest.console.dll, TcpClientExtensions.MessageLoopAsync: Polling on remoteEndPoint: 127.0.0.1:58102 localEndPoint: 127.0.0.1:58101
TpTrace Verbose: 0 : 26752, 7, 2023/11/06, 15:49:29.299, 5220692960572, vstest.console.dll, TcpClientExtensions.MessageLoopAsync: NotifyDataAvailable remoteEndPoint: 127.0.0.1:58102 localEndPoint: 127.0.0.1:58101
TpTrace Verbose: 0 : 26752, 7, 2023/11/06, 15:49:29.299, 5220692963408, vstest.console.dll, TestRequestSender.OnExecutionMessageReceived: Received message: {"Version":7,"MessageType":"TestSession.Message","Payload":{"MessageLevel":0,"Message":"[xUnit.net 00:00:00.43]   Discovering: Test4Create.Domain.UnitTests"}}
TpTrace Verbose: 0 : 26752, 7, 2023/11/06, 15:49:29.299, 5220692965333, vstest.console.dll, TestRunRequest:SendTestRunMessage: Starting.
TpTrace Verbose: 0 : 26752, 7, 2023/11/06, 15:49:29.299, 5220692966230, vstest.console.dll, MulticastDelegateUtilities.SafeInvoke: TestRun.LogMessages: Invoking callback 1/1 for Microsoft.VisualStudio.TestPlatform.CommandLine.TestRunResultAggregator., took 0 ms.
TpTrace Information: 0 : 26752, 7, 2023/11/06, 15:49:29.299, 5220692966680, vstest.console.dll, TestRunRequest:SendTestRunMessage: Completed.
TpTrace Verbose: 0 : 26752, 7, 2023/11/06, 15:49:29.299, 5220692967371, vstest.console.dll, MulticastDelegateUtilities.SafeInvoke: LengthPrefixCommunicationChannel: MessageReceived: Invoking callback 1/1 for Microsoft.VisualStudio.TestPlatform.CommunicationUtilities.TestRequestSender+<>c__DisplayClass34_0., took 0 ms.
TpTrace Verbose: 0 : 26752, 4, 2023/11/06, 15:49:29.299, 5220692967366, vstest.console.dll, MulticastDelegateUtilities.SafeInvoke: InternalTestLoggerEvents.SendTestRunMessage: Invoking callback 1/1 for Microsoft.VisualStudio.TestPlatform.CommandLine.Internal.ConsoleLogger., took 0 ms.
TpTrace Verbose: 0 : 26752, 7, 2023/11/06, 15:49:29.299, 5220692968016, vstest.console.dll, TcpClientExtensions.MessageLoopAsync: Polling on remoteEndPoint: 127.0.0.1:58102 localEndPoint: 127.0.0.1:58101
TpTrace Verbose: 0 : 26752, 7, 2023/11/06, 15:49:29.339, 5220693364960, vstest.console.dll, TcpClientExtensions.MessageLoopAsync: NotifyDataAvailable remoteEndPoint: 127.0.0.1:58102 localEndPoint: 127.0.0.1:58101
TpTrace Verbose: 0 : 26752, 7, 2023/11/06, 15:49:29.339, 5220693368175, vstest.console.dll, TestRequestSender.OnExecutionMessageReceived: Received message: {"Version":7,"MessageType":"TestSession.Message","Payload":{"MessageLevel":0,"Message":"[xUnit.net 00:00:00.47]   Discovered:  Test4Create.Domain.UnitTests"}}
TpTrace Verbose: 0 : 26752, 7, 2023/11/06, 15:49:29.340, 5220693371197, vstest.console.dll, TestRunRequest:SendTestRunMessage: Starting.
TpTrace Verbose: 0 : 26752, 7, 2023/11/06, 15:49:29.340, 5220693372421, vstest.console.dll, MulticastDelegateUtilities.SafeInvoke: TestRun.LogMessages: Invoking callback 1/1 for Microsoft.VisualStudio.TestPlatform.CommandLine.TestRunResultAggregator., took 0 ms.
TpTrace Verbose: 0 : 26752, 4, 2023/11/06, 15:49:29.340, 5220693372685, vstest.console.dll, MulticastDelegateUtilities.SafeInvoke: InternalTestLoggerEvents.SendTestRunMessage: Invoking callback 1/1 for Microsoft.VisualStudio.TestPlatform.CommandLine.Internal.ConsoleLogger., took 0 ms.
TpTrace Information: 0 : 26752, 7, 2023/11/06, 15:49:29.340, 5220693373527, vstest.console.dll, TestRunRequest:SendTestRunMessage: Completed.
TpTrace Verbose: 0 : 26752, 7, 2023/11/06, 15:49:29.340, 5220693374397, vstest.console.dll, MulticastDelegateUtilities.SafeInvoke: LengthPrefixCommunicationChannel: MessageReceived: Invoking callback 1/1 for Microsoft.VisualStudio.TestPlatform.CommunicationUtilities.TestRequestSender+<>c__DisplayClass34_0., took 0 ms.
TpTrace Verbose: 0 : 26752, 7, 2023/11/06, 15:49:29.340, 5220693375151, vstest.console.dll, TcpClientExtensions.MessageLoopAsync: Polling on remoteEndPoint: 127.0.0.1:58102 localEndPoint: 127.0.0.1:58101
TpTrace Verbose: 0 : 26752, 7, 2023/11/06, 15:49:29.343, 5220693403096, vstest.console.dll, TcpClientExtensions.MessageLoopAsync: NotifyDataAvailable remoteEndPoint: 127.0.0.1:58102 localEndPoint: 127.0.0.1:58101
TpTrace Verbose: 0 : 26752, 7, 2023/11/06, 15:49:29.343, 5220693405032, vstest.console.dll, TestRequestSender.OnExecutionMessageReceived: Received message: {"Version":7,"MessageType":"TestSession.Message","Payload":{"MessageLevel":0,"Message":"[xUnit.net 00:00:00.47]   Starting:    Test4Create.Domain.UnitTests"}}
TpTrace Verbose: 0 : 26752, 7, 2023/11/06, 15:49:29.343, 5220693406320, vstest.console.dll, TestRunRequest:SendTestRunMessage: Starting.
TpTrace Verbose: 0 : 26752, 7, 2023/11/06, 15:49:29.343, 5220693406842, vstest.console.dll, MulticastDelegateUtilities.SafeInvoke: TestRun.LogMessages: Invoking callback 1/1 for Microsoft.VisualStudio.TestPlatform.CommandLine.TestRunResultAggregator., took 0 ms.
TpTrace Information: 0 : 26752, 7, 2023/11/06, 15:49:29.343, 5220693407093, vstest.console.dll, TestRunRequest:SendTestRunMessage: Completed.
TpTrace Verbose: 0 : 26752, 4, 2023/11/06, 15:49:29.343, 5220693407204, vstest.console.dll, MulticastDelegateUtilities.SafeInvoke: InternalTestLoggerEvents.SendTestRunMessage: Invoking callback 1/1 for Microsoft.VisualStudio.TestPlatform.CommandLine.Internal.ConsoleLogger., took 0 ms.
TpTrace Verbose: 0 : 26752, 7, 2023/11/06, 15:49:29.343, 5220693407337, vstest.console.dll, MulticastDelegateUtilities.SafeInvoke: LengthPrefixCommunicationChannel: MessageReceived: Invoking callback 1/1 for Microsoft.VisualStudio.TestPlatform.CommunicationUtilities.TestRequestSender+<>c__DisplayClass34_0., took 0 ms.
TpTrace Verbose: 0 : 26752, 7, 2023/11/06, 15:49:29.344, 5220693408757, vstest.console.dll, TcpClientExtensions.MessageLoopAsync: Polling on remoteEndPoint: 127.0.0.1:58102 localEndPoint: 127.0.0.1:58101
TpTrace Verbose: 0 : 26752, 7, 2023/11/06, 15:49:29.463, 5220694607780, vstest.console.dll, TcpClientExtensions.MessageLoopAsync: NotifyDataAvailable remoteEndPoint: 127.0.0.1:58102 localEndPoint: 127.0.0.1:58101
TpTrace Verbose: 0 : 26752, 7, 2023/11/06, 15:49:29.464, 5220694609738, vstest.console.dll, TestRequestSender.OnExecutionMessageReceived: Received message: {"Version":7,"MessageType":"TestSession.Message","Payload":{"MessageLevel":0,"Message":"[xUnit.net 00:00:00.59]   Finished:    Test4Create.Domain.UnitTests"}}
TpTrace Verbose: 0 : 26752, 7, 2023/11/06, 15:49:29.464, 5220694611352, vstest.console.dll, TestRunRequest:SendTestRunMessage: Starting.
TpTrace Verbose: 0 : 26752, 7, 2023/11/06, 15:49:29.464, 5220694611987, vstest.console.dll, MulticastDelegateUtilities.SafeInvoke: TestRun.LogMessages: Invoking callback 1/1 for Microsoft.VisualStudio.TestPlatform.CommandLine.TestRunResultAggregator., took 0 ms.
TpTrace Information: 0 : 26752, 7, 2023/11/06, 15:49:29.464, 5220694612227, vstest.console.dll, TestRunRequest:SendTestRunMessage: Completed.
TpTrace Verbose: 0 : 26752, 7, 2023/11/06, 15:49:29.464, 5220694612503, vstest.console.dll, MulticastDelegateUtilities.SafeInvoke: LengthPrefixCommunicationChannel: MessageReceived: Invoking callback 1/1 for Microsoft.VisualStudio.TestPlatform.CommunicationUtilities.TestRequestSender+<>c__DisplayClass34_0., took 0 ms.
TpTrace Verbose: 0 : 26752, 4, 2023/11/06, 15:49:29.464, 5220694612737, vstest.console.dll, MulticastDelegateUtilities.SafeInvoke: InternalTestLoggerEvents.SendTestRunMessage: Invoking callback 1/1 for Microsoft.VisualStudio.TestPlatform.CommandLine.Internal.ConsoleLogger., took 0 ms.
TpTrace Verbose: 0 : 26752, 7, 2023/11/06, 15:49:29.464, 5220694614536, vstest.console.dll, TcpClientExtensions.MessageLoopAsync: Polling on remoteEndPoint: 127.0.0.1:58102 localEndPoint: 127.0.0.1:58101
TpTrace Verbose: 0 : 26752, 7, 2023/11/06, 15:49:29.501, 5220694986645, vstest.console.dll, TcpClientExtensions.MessageLoopAsync: NotifyDataAvailable remoteEndPoint: 127.0.0.1:58102 localEndPoint: 127.0.0.1:58101
TpTrace Verbose: 0 : 26752, 7, 2023/11/06, 15:49:29.502, 5220694990767, vstest.console.dll, TestRequestSender.OnExecutionMessageReceived: Received message: {"Version":7,"MessageType":"TestExecution.Completed","Payload":{"TestRunCompleteArgs":{"TestRunStatistics":{"ExecutedTests":8,"Stats":{"Passed":8}},"IsCanceled":false,"IsAborted":false,"Error":null,"AttachmentSets":[],"InvokedDataCollectors":[],"ElapsedTimeInRunningTests":"00:00:00.6055112","Metrics":{},"DiscoveredExtensions":{"TestDiscoverers":["Xunit.Runner.VisualStudio.VsTestRunner, xunit.runner.visualstudio.dotnetcore.testadapter, Version=2.4.0.0, Culture=neutral, PublicKeyToken=8d05b1bb7a6fdb6c"],"TestExecutors":["executor://xunit/VsTestRunner2/netcoreapp"],"TestExecutors2":[],"TestSettingsProviders":[]}},"LastRunTests":{"NewTestResults":[{"TestCase":{"Id":"42d5b362-bc9e-fc5a-f782-f298bc608dca","FullyQualifiedName":"Test4Create.Domain.UnitTests.EmployeeTests.CreateEmployee_WithInvalidEmail_ShouldThrowArgumentException","DisplayName":"Test4Create.Domain.UnitTests.EmployeeTests.CreateEmployee_WithInvalidEmail_ShouldThrowArgumentException(email: \"\")","ExecutorUri":"executor://xunit/VsTestRunner2/netcoreapp","Source":"D:\\Testovi\\4CreateTest\\Test4Create.Domain.UnitTests\\bin\\Debug\\net7.0\\fine-code-coverage\\build-output\\Test4Create.Domain.UnitTests.dll","CodeFilePath":null,"LineNumber":0,"Properties":[]},"Attachments":[],"Outcome":1,"ErrorMessage":null,"ErrorStackTrace":null,"DisplayName":"Test4Create.Domain.UnitTests.EmployeeTests.CreateEmployee_WithInvalidEmail_ShouldThrowArgumentException(email: \"\")","Messages":[],"ComputerName":"DESKTOP-ALF6MG2","Duration":"00:00:00.0046715","StartTime":"2023-11-06T14:49:29.4219757+00:00","EndTime":"2023-11-06T14:49:29.4219941+00:00","Properties":[]},{"TestCase":{"Id":"1052f2eb-71dc-e12a-63ec-da46cf77c0af","FullyQualifiedName":"Test4Create.Domain.UnitTests.EmployeeTests.CreateEmployee_WithInvalidEmail_ShouldThrowArgumentException","DisplayName":"Test4Create.Domain.UnitTests.EmployeeTests.CreateEmployee_WithInvalidEmail_ShouldThrowArgumentException(email: null)","ExecutorUri":"executor://xunit/VsTestRunner2/netcoreapp","Source":"D:\\Testovi\\4CreateTest\\Test4Create.Domain.UnitTests\\bin\\Debug\\net7.0\\fine-code-coverage\\build-output\\Test4Create.Domain.UnitTests.dll","CodeFilePath":null,"LineNumber":0,"Properties":[]},"Attachments":[],"Outcome":1,"ErrorMessage":null,"ErrorStackTrace":null,"DisplayName":"Test4Create.Domain.UnitTests.EmployeeTests.CreateEmployee_WithInvalidEmail_ShouldThrowArgumentException(email: null)","Messages":[],"ComputerName":"DESKTOP-ALF6MG2","Duration":"00:00:00.0003528","StartTime":"2023-11-06T14:49:29.4406288+00:00","EndTime":"2023-11-06T14:49:29.4406289+00:00","Properties":[]},{"TestCase":{"Id":"1bbab5e6-7b28-2ea7-e59b-6d87e3a6043f","FullyQualifiedName":"Test4Create.Domain.UnitTests.SystemLogsTests.Constructor_ShouldCreateSystemLog_WhenGivenValidEvent","DisplayName":"Test4Create.Domain.UnitTests.SystemLogsTests.Constructor_ShouldCreateSystemLog_WhenGivenValidEvent","ExecutorUri":"executor://xunit/VsTestRunner2/netcoreapp","Source":"D:\\Testovi\\4CreateTest\\Test4Create.Domain.UnitTests\\bin\\Debug\\net7.0\\fine-code-coverage\\build-output\\Test4Create.Domain.UnitTests.dll","CodeFilePath":null,"LineNumber":0,"Properties":[]},"Attachments":[],"Outcome":1,"ErrorMessage":null,"ErrorStackTrace":null,"DisplayName":"Test4Create.Domain.UnitTests.SystemLogsTests.Constructor_ShouldCreateSystemLog_WhenGivenValidEvent","Messages":[],"ComputerName":"DESKTOP-ALF6MG2","Duration":"00:00:00.0107336","StartTime":"2023-11-06T14:49:29.4466647+00:00","EndTime":"2023-11-06T14:49:29.4466649+00:00","Properties":[]},{"TestCase":{"Id":"ba320955-f645-46f8-949f-ad6dd8301a7f","FullyQualifiedName":"Test4Create.Domain.UnitTests.CompanyTests.Create_ShouldCreateCompany_WhenGivenValidName","DisplayName":"Test4Create.Domain.UnitTests.CompanyTests.Create_ShouldCreateCompany_WhenGivenValidName","ExecutorUri":"executor://xunit/VsTestRunner2/netcoreapp","Source":"D:\\Testovi\\4CreateTest\\Test4Create.Domain.UnitTests\\bin\\Debug\\net7.0\\fine-code-coverage\\build-output\\Test4Create.Domain.UnitTests.dll","CodeFilePath":null,"LineNumber":0,"Properties":[]},"Attachments":[],"Outcome":1,"ErrorMessage":null,"ErrorStackTrace":null,"DisplayName":"Test4Create.Domain.UnitTests.CompanyTests.Create_ShouldCreateCompany_WhenGivenValidName","Messages":[],"ComputerName":"DESKTOP-ALF6MG2","Duration":"00:00:00.0109649","StartTime":"2023-11-06T14:49:29.4504426+00:00","EndTime":"2023-11-06T14:49:29.4504426+00:00","Properties":[]},{"TestCase":{"Id":"cea311b8-c043-90f9-487f-023aafdbd29b","FullyQualifiedName":"Test4Create.Domain.UnitTests.SystemLogsTests.Create_ShouldThrowArgumentNullException_WhenGivenEmptyEntityType","DisplayName":"Test4Create.Domain.UnitTests.SystemLogsTests.Create_ShouldThrowArgumentNullException_WhenGivenEmptyEntityType","ExecutorUri":"executor://xunit/VsTestRunner2/netcoreapp","Source":"D:\\Testovi\\4CreateTest\\Test4Create.Domain.UnitTests\\bin\\Debug\\net7.0\\fine-code-coverage\\build-output\\Test4Create.Domain.UnitTests.dll","CodeFilePath":null,"LineNumber":0,"Properties":[]},"Attachments":[],"Outcome":1,"ErrorMessage":null,"ErrorStackTrace":null,"DisplayName":"Test4Create.Domain.UnitTests.SystemLogsTests.Create_ShouldThrowArgumentNullException_WhenGivenEmptyEntityType","Messages":[],"ComputerName":"DESKTOP-ALF6MG2","Duration":"00:00:00.0003247","StartTime":"2023-11-06T14:49:29.453472+00:00","EndTime":"2023-11-06T14:49:29.4534721+00:00","Properties":[]},{"TestCase":{"Id":"c4be12fb-a61d-c35f-2b6c-d9d97c43bec8","FullyQualifiedName":"Test4Create.Domain.UnitTests.CompanyTests.Create_ShouldThrowArgumentException_WhenGivenInvalidName","DisplayName":"Test4Create.Domain.UnitTests.CompanyTests.Create_ShouldThrowArgumentException_WhenGivenInvalidName(invalidName: null)","ExecutorUri":"executor://xunit/VsTestRunner2/netcoreapp","Source":"D:\\Testovi\\4CreateTest\\Test4Create.Domain.UnitTests\\bin\\Debug\\net7.0\\fine-code-coverage\\build-output\\Test4Create.Domain.UnitTests.dll","CodeFilePath":null,"LineNumber":0,"Properties":[]},"Attachments":[],"Outcome":1,"ErrorMessage":null,"ErrorStackTrace":null,"DisplayName":"Test4Create.Domain.UnitTests.CompanyTests.Create_ShouldThrowArgumentException_WhenGivenInvalidName(invalidName: null)","Messages":[],"ComputerName":"DESKTOP-ALF6MG2","Duration":"00:00:00.0004350","StartTime":"2023-11-06T14:49:29.4552663+00:00","EndTime":"2023-11-06T14:49:29.4552663+00:00","Properties":[]},{"TestCase":{"Id":"f1b8bdba-be8e-3c06-1329-a8b01951760e","FullyQualifiedName":"Test4Create.Domain.UnitTests.EmployeeTests.CreateEmployee_WithValidEmailAndTitle_ShouldCreateEmployee","DisplayName":"Test4Create.Domain.UnitTests.EmployeeTests.CreateEmployee_WithValidEmailAndTitle_ShouldCreateEmployee","ExecutorUri":"executor://xunit/VsTestRunner2/netcoreapp","Source":"D:\\Testovi\\4CreateTest\\Test4Create.Domain.UnitTests\\bin\\Debug\\net7.0\\fine-code-coverage\\build-output\\Test4Create.Domain.UnitTests.dll","CodeFilePath":null,"LineNumber":0,"Properties":[]},"Attachments":[],"Outcome":1,"ErrorMessage":null,"ErrorStackTrace":null,"DisplayName":"Test4Create.Domain.UnitTests.EmployeeTests.CreateEmployee_WithValidEmailAndTitle_ShouldCreateEmployee","Messages":[],"ComputerName":"DESKTOP-ALF6MG2","Duration":"00:00:00.0030166","StartTime":"2023-11-06T14:49:29.4583868+00:00","EndTime":"2023-11-06T14:49:29.4583869+00:00","Properties":[]},{"TestCase":{"Id":"218ad282-3e49-4bef-17c3-8ec86b8ce697","FullyQualifiedName":"Test4Create.Domain.UnitTests.CompanyTests.Create_ShouldThrowArgumentException_WhenGivenInvalidName","DisplayName":"Test4Create.Domain.UnitTests.CompanyTests.Create_ShouldThrowArgumentException_WhenGivenInvalidName(invalidName: \"\")","ExecutorUri":"executor://xunit/VsTestRunner2/netcoreapp","Source":"D:\\Testovi\\4CreateTest\\Test4Create.Domain.UnitTests\\bin\\Debug\\net7.0\\fine-code-coverage\\build-output\\Test4Create.Domain.UnitTests.dll","CodeFilePath":null,"LineNumber":0,"Properties":[]},"Attachments":[],"Outcome":1,"ErrorMessage":null,"ErrorStackTrace":null,"DisplayName":"Test4Create.Domain.UnitTests.CompanyTests.Create_ShouldThrowArgumentException_WhenGivenInvalidName(invalidName: \"\")","Messages":[],"ComputerName":"DESKTOP-ALF6MG2","Duration":"00:00:00.0003376","StartTime":"2023-11-06T14:49:29.4597298+00:00","EndTime":"2023-11-06T14:49:29.4597299+00:00","Properties":[]}],"TestRunStatistics":{"ExecutedTests":8,"Stats":{"Passed":8}},"ActiveTests":[]},"RunAttachments":[],"ExecutorUris":["executor://xunit/VsTestRunner2/netcoreapp"]}}
TpTrace Verbose: 0 : 26752, 7, 2023/11/06, 15:49:29.502, 5220694993239, vstest.console.dll, TestRequestSender.EndSession: Sending end session.
TpTrace Verbose: 0 : 26752, 7, 2023/11/06, 15:49:29.502, 5220694995503, vstest.console.dll, ProxyOperationManager.Close: waiting for test host to exit for 100 ms
TpTrace Verbose: 0 : 26752, 13, 2023/11/06, 15:49:29.533, 5220695307325, vstest.console.dll, TestHostManagerCallbacks.ctor: Experimental forwarding output is disabled.
TpTrace Warning: 0 : 26752, 13, 2023/11/06, 15:49:29.534, 5220695308821, vstest.console.dll, TestHostManagerCallbacks.ErrorReceivedCallback Test host standard error line: 
TpTrace Verbose: 0 : 26752, 13, 2023/11/06, 15:49:29.549, 5220695461850, vstest.console.dll, TestHostProvider.ExitCallBack: Host exited starting callback.
TpTrace Information: 0 : 26752, 13, 2023/11/06, 15:49:29.549, 5220695463254, vstest.console.dll, TestHostManagerCallbacks.ExitCallBack: Testhost processId: 46804 exited with exitcode: 0 error: ''
TpTrace Verbose: 0 : 26752, 13, 2023/11/06, 15:49:29.549, 5220695463601, vstest.console.dll, DotnetTestHostManager.OnHostExited: invoking OnHostExited callback
TpTrace Verbose: 0 : 26752, 13, 2023/11/06, 15:49:29.549, 5220695464022, vstest.console.dll, CrossPlatEngine.TestHostManagerHostExited: calling on client process exit callback.
TpTrace Information: 0 : 26752, 13, 2023/11/06, 15:49:29.549, 5220695464418, vstest.console.dll, TestRequestSender.OnClientProcessExit: Test host process exited. Standard error: 
TpTrace Information: 0 : 26752, 13, 2023/11/06, 15:49:29.549, 5220695464692, vstest.console.dll, SocketServer.Stop: Stop server endPoint: 127.0.0.1:58101
TpTrace Information: 0 : 26752, 13, 2023/11/06, 15:49:29.549, 5220695464916, vstest.console.dll, SocketServer.Stop: Cancellation requested. Stopping message loop.
TpTrace Information: 0 : 26752, 7, 2023/11/06, 15:49:29.549, 5220695465035, vstest.console.dll, SocketServer.Stop: Stop server endPoint: 127.0.0.1:58101
TpTrace Verbose: 0 : 26752, 13, 2023/11/06, 15:49:29.549, 5220695465649, vstest.console.dll, MulticastDelegateUtilities.SafeInvoke: HostProviderEvents.OnHostExited: Invoking callback 1/1 for Microsoft.VisualStudio.TestPlatform.CrossPlatEngine.Client.ProxyOperationManager., took 0 ms.
TpTrace Information: 0 : 26752, 7, 2023/11/06, 15:49:29.549, 5220695465913, vstest.console.dll, SocketServer.Stop: Cancellation requested. Stopping message loop.
TpTrace Information: 0 : 26752, 7, 2023/11/06, 15:49:29.549, 5220695466652, vstest.console.dll, Closing the connection
TpTrace Verbose: 0 : 26752, 7, 2023/11/06, 15:49:29.550, 5220695469300, vstest.console.dll, ProxyDataCollectionManager.InvokeDataCollectionServiceAction: Starting.
TpTrace Information: 0 : 26752, 7, 2023/11/06, 15:49:29.550, 5220695469611, vstest.console.dll, ProxyDataCollectionManager.AfterTestRunEnd: Get attachment set and invoked data collectors processId: 42320 port: 58098
TpTrace Verbose: 0 : 26752, 7, 2023/11/06, 15:49:29.550, 5220695469978, vstest.console.dll, DataCollectionRequestSender.SendAfterTestRunStartAndGetResult: Send AfterTestRunEnd message with isCancelled: False
TpTrace Verbose: 0 : 26752, 7, 2023/11/06, 15:49:29.556, 5220695534344, vstest.console.dll, DataCollectionRequestSender.SendAfterTestRunStartAndGetResult: Received message: (DataCollection.AfterTestRunEndResult) -> {"MessageType":"DataCollection.AfterTestRunEndResult","Payload":{"AttachmentSets":[],"InvokedDataCollectors":[{"Uri":"datacollector://Microsoft/TestPlatform/Extensions/Blame/v1","FriendlyName":"Blame","AssemblyQualifiedName":"Microsoft.TestPlatform.Extensions.BlameDataCollector.BlameCollector, Microsoft.TestPlatform.Extensions.BlameDataCollector, Version=15.0.0.0, Culture=neutral, PublicKeyToken=b03f5f7f11d50a3a","FilePath":"C:\\Program Files\\dotnet\\sdk\\8.0.100-rc.2.23502.2\\Extensions\\Microsoft.TestPlatform.Extensions.BlameDataCollector.dll","HasAttachmentProcessor":false}],"Metrics":{}}}
TpTrace Information: 0 : 26752, 7, 2023/11/06, 15:49:29.563, 5220695600558, vstest.console.dll, ProxyDataCollectionManager.InvokeDataCollectionServiceAction: Completed.
TpTrace Warning: 0 : 26752, 11, 2023/11/06, 15:49:29.574, 5220695713582, vstest.console.dll, DataCollectionLauncher.ErrorReceivedCallback datacollector standard error line: 
TpTrace Information: 0 : 26752, 11, 2023/11/06, 15:49:29.580, 5220695778211, vstest.console.dll, DataCollectionLauncher.ExitCallBack: Data collector exited with exitcode: 0 error: ''
TpTrace Verbose: 0 : 26752, 7, 2023/11/06, 15:49:29.619, 5220696159099, vstest.console.dll, TestRunRequest:SendTestRunStatsChange: Starting.
TpTrace Verbose: 0 : 26752, 7, 2023/11/06, 15:49:29.619, 5220696161767, vstest.console.dll, MulticastDelegateUtilities.SafeInvoke: TestRun.RunStatsChanged: Invoking callbacks was skipped because there are no subscribers.
TpTrace Information: 0 : 26752, 7, 2023/11/06, 15:49:29.619, 5220696162068, vstest.console.dll, TestRunRequest:SendTestRunStatsChange: Completed.
TpTrace Verbose: 0 : 26752, 7, 2023/11/06, 15:49:29.619, 5220696164079, vstest.console.dll, ParallelProxyExecutionManager: HandlePartialRunComplete: Total workloads = 1, Total started clients = 1 Total completed clients = 1, Run complete = True, Run canceled: False.
TpTrace Verbose: 0 : 26752, 7, 2023/11/06, 15:49:29.619, 5220696164370, vstest.console.dll, ParallelProxyExecutionManager: HandlePartialRunComplete: All runs completed stopping all managers.
TpTrace Verbose: 0 : 26752, 7, 2023/11/06, 15:49:29.619, 5220696164625, vstest.console.dll, ParallelOperationManager.StopAllManagers: Stopping all managers.
TpTrace Verbose: 0 : 26752, 7, 2023/11/06, 15:49:29.619, 5220696164868, vstest.console.dll, ParallelOperationManager.ClearSlots: Clearing all slots. Slots should accept more work: False
TpTrace Verbose: 0 : 26752, 7, 2023/11/06, 15:49:29.619, 5220696165259, vstest.console.dll, ParallelOperationManager.SetOccupiedSlotCount: Setting slot counts AvailableSlotCount = 1, OccupiedSlotCount = 0.
TpTrace Verbose: 0 : 26752, 7, 2023/11/06, 15:49:29.619, 5220696165657, vstest.console.dll, Occupied slots:

TpTrace Verbose: 0 : 26752, 4, 2023/11/06, 15:49:29.620, 5220696175820, vstest.console.dll, MulticastDelegateUtilities.SafeInvoke: InternalTestLoggerEvents.SendTestResult: Invoking callback 1/1 for Microsoft.VisualStudio.TestPlatform.CommandLine.Internal.ConsoleLogger., took 1 ms.
TpTrace Verbose: 0 : 26752, 4, 2023/11/06, 15:49:29.621, 5220696180923, vstest.console.dll, MulticastDelegateUtilities.SafeInvoke: InternalTestLoggerEvents.SendTestResult: Invoking callback 1/1 for Microsoft.VisualStudio.TestPlatform.CommandLine.Internal.ConsoleLogger., took 0 ms.
TpTrace Verbose: 0 : 26752, 4, 2023/11/06, 15:49:29.621, 5220696181838, vstest.console.dll, MulticastDelegateUtilities.SafeInvoke: InternalTestLoggerEvents.SendTestResult: Invoking callback 1/1 for Microsoft.VisualStudio.TestPlatform.CommandLine.Internal.ConsoleLogger., took 0 ms.
TpTrace Verbose: 0 : 26752, 4, 2023/11/06, 15:49:29.621, 5220696182449, vstest.console.dll, MulticastDelegateUtilities.SafeInvoke: InternalTestLoggerEvents.SendTestResult: Invoking callback 1/1 for Microsoft.VisualStudio.TestPlatform.CommandLine.Internal.ConsoleLogger., took 0 ms.
TpTrace Verbose: 0 : 26752, 4, 2023/11/06, 15:49:29.621, 5220696182802, vstest.console.dll, MulticastDelegateUtilities.SafeInvoke: InternalTestLoggerEvents.SendTestResult: Invoking callback 1/1 for Microsoft.VisualStudio.TestPlatform.CommandLine.Internal.ConsoleLogger., took 0 ms.
TpTrace Verbose: 0 : 26752, 4, 2023/11/06, 15:49:29.621, 5220696183092, vstest.console.dll, MulticastDelegateUtilities.SafeInvoke: InternalTestLoggerEvents.SendTestResult: Invoking callback 1/1 for Microsoft.VisualStudio.TestPlatform.CommandLine.Internal.ConsoleLogger., took 0 ms.
TpTrace Verbose: 0 : 26752, 4, 2023/11/06, 15:49:29.621, 5220696183395, vstest.console.dll, MulticastDelegateUtilities.SafeInvoke: InternalTestLoggerEvents.SendTestResult: Invoking callback 1/1 for Microsoft.VisualStudio.TestPlatform.CommandLine.Internal.ConsoleLogger., took 0 ms.
TpTrace Verbose: 0 : 26752, 4, 2023/11/06, 15:49:29.622, 5220696190610, vstest.console.dll, MulticastDelegateUtilities.SafeInvoke: InternalTestLoggerEvents.SendTestResult: Invoking callback 1/1 for Microsoft.VisualStudio.TestPlatform.CommandLine.Internal.ConsoleLogger., took 0 ms.
TpTrace Verbose: 0 : 26752, 4, 2023/11/06, 15:49:29.626, 5220696233382, vstest.console.dll, MulticastDelegateUtilities.SafeInvoke: InternalTestLoggerEvents.SendTestRunComplete: Invoking callback 1/2 for Microsoft.TestPlatform.Extensions.BlameDataCollector.BlameLogger., took 0 ms.
TpTrace Verbose: 0 : 26752, 4, 2023/11/06, 15:49:29.630, 5220696273869, vstest.console.dll, MulticastDelegateUtilities.SafeInvoke: InternalTestLoggerEvents.SendTestRunComplete: Invoking callback 2/2 for Microsoft.VisualStudio.TestPlatform.CommandLine.Internal.ConsoleLogger., took 3 ms.
TpTrace Verbose: 0 : 26752, 7, 2023/11/06, 15:49:29.630, 5220696277454, vstest.console.dll, TestRunRequest:TestRunComplete: Starting. IsAborted:False IsCanceled:False.
TpTrace Verbose: 0 : 26752, 7, 2023/11/06, 15:49:29.631, 5220696280052, vstest.console.dll, ParallelOperationManager.DoActionOnAllManagers: Calling an action on all managers.
TpTrace Verbose: 0 : 26752, 7, 2023/11/06, 15:49:29.632, 5220696291047, vstest.console.dll, TestLoggerManager.HandleTestRunComplete: Ignoring as the object is disposed.
TpTrace Verbose: 0 : 26752, 7, 2023/11/06, 15:49:29.632, 5220696292859, vstest.console.dll, MulticastDelegateUtilities.SafeInvoke: TestRun.TestRunComplete: Invoking callback 1/2 for Microsoft.VisualStudio.TestPlatform.CommandLine.TestRunResultAggregator., took 0 ms.
TpTrace Verbose: 0 : 26752, 7, 2023/11/06, 15:49:29.632, 5220696293703, vstest.console.dll, MulticastDelegateUtilities.SafeInvoke: TestRun.TestRunComplete: Invoking callback 2/2 for Microsoft.VisualStudio.TestPlatform.CommandLine.Processors.RunTestsArgumentExecutor+TestRunRequestEventsRegistrar., took 0 ms.
TpTrace Information: 0 : 26752, 7, 2023/11/06, 15:49:29.632, 5220696294474, vstest.console.dll, TestRunRequest:TestRunComplete: Completed.
TpTrace Verbose: 0 : 26752, 7, 2023/11/06, 15:49:29.632, 5220696294792, vstest.console.dll, TestRequestSender.SetOperationComplete: Setting operation complete.
TpTrace Information: 0 : 26752, 7, 2023/11/06, 15:49:29.632, 5220696295006, vstest.console.dll, SocketServer.Stop: Stop server endPoint: 127.0.0.1:58101
TpTrace Information: 0 : 26752, 7, 2023/11/06, 15:49:29.632, 5220696295205, vstest.console.dll, SocketServer.Stop: Cancellation requested. Stopping message loop.
TpTrace Verbose: 0 : 26752, 1, 2023/11/06, 15:49:29.632, 5220696295136, vstest.console.dll, TestRunRequest.Dispose: Starting.
TpTrace Verbose: 0 : 26752, 7, 2023/11/06, 15:49:29.632, 5220696295454, vstest.console.dll, MulticastDelegateUtilities.SafeInvoke: LengthPrefixCommunicationChannel: MessageReceived: Invoking callback 1/1 for Microsoft.VisualStudio.TestPlatform.CommunicationUtilities.TestRequestSender+<>c__DisplayClass34_0., took 130 ms.
TpTrace Information: 0 : 26752, 1, 2023/11/06, 15:49:29.632, 5220696296316, vstest.console.dll, TestRunRequest.Dispose: Completed.
TpTrace Information: 0 : 26752, 7, 2023/11/06, 15:49:29.632, 5220696296788, vstest.console.dll, SocketServer.PrivateStop: Stopping server endPoint: 127.0.0.1:58101 error: 
TpTrace Information: 0 : 26752, 1, 2023/11/06, 15:49:29.632, 5220696297735, vstest.console.dll, TestRequestManager.RunTests: run tests completed.
TpTrace Information: 0 : 26752, 1, 2023/11/06, 15:49:29.633, 5220696298815, vstest.console.dll, RunTestsArgumentProcessor:Execute: Test run is completed.
TpTrace Verbose: 0 : 26752, 1, 2023/11/06, 15:49:29.633, 5220696301021, vstest.console.dll, Executor.Execute: Exiting with exit code of 0
TpTrace Verbose: 0 : 26752, 7, 2023/11/06, 15:49:29.633, 5220696301021, vstest.console.dll, LengthPrefixCommunicationChannel.Dispose: Dispose reader and writer.
TpTrace Information: 0 : 26752, 7, 2023/11/06, 15:49:29.633, 5220696302727, vstest.console.dll, SocketServer.Stop: Raise disconnected event endPoint: 127.0.0.1:58101 error: 
TpTrace Verbose: 0 : 26752, 7, 2023/11/06, 15:49:29.633, 5220696304035, vstest.console.dll, TestRequestSender: OnTestRunAbort: Operation is already complete. Skip error message.
TpTrace Verbose: 0 : 26752, 7, 2023/11/06, 15:49:29.633, 5220696304809, vstest.console.dll, MulticastDelegateUtilities.SafeInvoke: SocketServer: ClientDisconnected: Invoking callback 1/1 for Microsoft.VisualStudio.TestPlatform.CommunicationUtilities.TestRequestSender., took 0 ms.
TpTrace Verbose: 0 : 26752, 7, 2023/11/06, 15:49:29.633, 5220696305290, vstest.console.dll, TcpClientExtensions.MessageLoopAsync: exiting MessageLoopAsync remoteEndPoint: 127.0.0.1:58102 localEndPoint: 127.0.0.1:58101
